2024-12-05 14:40:15,269 - INFO - File name changed to: UFO_Tree_0
2024-12-05 14:40:15,270 - INFO - Trial Number changed to: 1
2024-12-05 14:40:15,270 - INFO - Branch Number changed to: 1
2024-12-05 14:40:15,271 - INFO - File name changed to: UFO_Tree_1
2024-12-05 14:40:15,271 - INFO - File name changed to: UFO_Tree_1
2024-12-05 14:40:15,271 - INFO - Tree Number changed to: 1
2024-12-05 14:40:56,857 - INFO - Start Requested
2024-12-05 14:43:45,928 - INFO - Start Requested
2024-12-05 14:51:31,024 - INFO - Controller change requested : Switching to Forward
2024-12-05 14:51:31,693 - INFO - Controller change requested : Switching to Joints
2024-12-05 14:52:40,481 - INFO - Controller change requested : Switching to Forward
2024-12-05 14:52:41,129 - INFO - Controller change requested : Switching to Joints
2024-12-05 14:53:53,831 - INFO - Controller change requested : Switching to Forward
2024-12-05 14:53:55,569 - INFO - Controller change requested : Switching to Joints
2024-12-05 14:54:37,845 - INFO - Start Requested
2024-12-05 14:55:59,037 - INFO - Start Requested
2024-12-05 14:56:40,901 - INFO - The angle correction has changed: angle added:0.0 angle direction: CW 
2024-12-05 14:57:17,100 - INFO - Diameter W1 changed to: 1.0628119707107544 
2024-12-05 14:57:17,101 - INFO - Diameter W2 changed to: 1.0628119707107544 
2024-12-05 14:57:17,101 - INFO - Diameter Mean changed to: 1.071595549583435 
2024-12-05 14:57:17,101 - INFO - Diameter Median changed to: 1.071595549583435 
2024-12-05 14:57:17,101 - INFO - Total time changed to: 76.17
2024-12-05 14:58:47,595 - INFO - Exit Requested. Saved Values : []
2024-12-05 14:58:47,595 - INFO - After Exit Request values were saved to: /home/ryan/ros2_ws_groundtruth/src/Ground_Truth_Ros/ground_truth/csv_files/UFO_Tree_1_2024_12_05_14_58_47.csv
