2024-11-22 11:31:55,923 - INFO - File name changed to: UFO_Tree_0
2024-11-22 11:31:55,923 - INFO - Trial Number changed to: 1
2024-11-22 11:31:55,924 - INFO - Branch Number changed to: 1
2024-11-22 11:31:55,924 - INFO - File name changed to: UFO_Tree_1
2024-11-22 11:31:55,924 - INFO - File name changed to: UFO_Tree_1
2024-11-22 11:31:55,924 - INFO - Tree Number changed to: 1
2024-11-22 11:31:57,985 - INFO - Controller change requested : Switching to Forward
2024-11-22 11:31:59,402 - INFO - Controller change requested : Switching to Joints
2024-11-22 11:33:33,768 - INFO - Controller change requested : Switching to Forward
2024-11-22 11:33:34,438 - INFO - Controller change requested : Switching to Joints
2024-11-22 11:35:37,915 - INFO - Start Requested
2024-11-22 11:35:59,861 - INFO - The angle correction has changed: angle added:0.0 angle direction: CW 
2024-11-22 11:38:32,465 - INFO - Controller change requested : Switching to Forward
2024-11-22 11:38:33,163 - INFO - Controller change requested : Switching to Joints
2024-11-22 11:38:41,246 - INFO - Start Requested
2024-11-22 11:39:02,162 - INFO - The angle correction has changed: angle added:0.0 angle direction: CW 
2024-11-22 11:39:42,027 - INFO - Controller change requested : Switching to Forward
2024-11-22 11:39:42,231 - INFO - Controller change requested : Switching to Joints
2024-11-22 11:39:52,887 - INFO - Start Requested
2024-11-22 11:40:13,561 - INFO - The angle correction has changed: angle added:0.0 angle direction: CW 
2024-11-22 11:45:40,818 - INFO - Controller change requested : Switching to Forward
2024-11-22 11:45:41,149 - INFO - Controller change requested : Switching to Joints
2024-11-22 11:45:49,822 - INFO - Start Requested
2024-11-22 11:46:08,562 - INFO - The angle correction has changed: angle added:0.0 angle direction: CW 
2024-11-22 11:46:57,030 - INFO - Controller change requested : Switching to Forward
2024-11-22 11:46:57,291 - INFO - Controller change requested : Switching to Joints
2024-11-22 11:47:04,461 - INFO - Start Requested
2024-11-22 11:47:23,061 - INFO - The angle correction has changed: angle added:0.0 angle direction: CW 
2024-11-22 11:48:54,527 - INFO - Controller change requested : Switching to Forward
2024-11-22 11:48:54,767 - INFO - Controller change requested : Switching to Joints
2024-11-22 11:49:00,879 - INFO - Start Requested
2024-11-22 11:49:19,061 - INFO - The angle correction has changed: angle added:0.0 angle direction: CW 
2024-11-22 11:49:52,962 - INFO - Diameter W1 changed to: 1.326446771621704 
2024-11-22 11:49:52,962 - INFO - Diameter W2 changed to: 1.2917684316635132 
2024-11-22 11:49:52,962 - INFO - Diameter Mean changed to: 1.3242794275283813 
2024-11-22 11:49:52,962 - INFO - Diameter Median changed to: 1.3307815790176392 
2024-11-22 11:49:52,962 - INFO - Total time changed to: 51.19
2024-11-22 11:50:04,095 - INFO - Hit position changed to: c 
2024-11-22 11:50:04,253 - INFO - Hit position changed to: ce 
2024-11-22 11:50:04,337 - INFO - Hit position changed to: cen 
2024-11-22 11:50:04,577 - INFO - Hit position changed to: cent 
2024-11-22 11:50:04,752 - INFO - Hit position changed to: cente 
2024-11-22 11:50:04,803 - INFO - Hit position changed to: center 
2024-11-22 11:50:06,372 - INFO - Measured Diameter changed to: 1
2024-11-22 11:50:06,670 - INFO - Measured Diameter changed to: 1.
2024-11-22 11:50:06,746 - INFO - Measured Diameter changed to: 1.2
2024-11-22 11:50:07,003 - INFO - Measured Diameter changed to: 1.25
2024-11-22 11:50:09,276 - INFO - Distance to tree changed to: 8 
2024-11-22 11:50:09,812 - INFO - Distance to tree changed to: 8. 
2024-11-22 11:50:10,364 - INFO - Distance to tree changed to: 8.5 
2024-11-22 11:50:11,958 - INFO - Distance to tree changed to: 8. 
2024-11-22 11:50:12,076 - INFO - Distance to tree changed to: 8 
2024-11-22 11:50:12,562 - INFO - Distance to tree changed to:  
2024-11-22 11:50:13,188 - INFO - Distance to tree changed to: U 
2024-11-22 11:50:13,365 - INFO - Distance to tree changed to: Un 
2024-11-22 11:50:13,516 - INFO - Distance to tree changed to: Unk 
2024-11-22 11:50:13,633 - INFO - Distance to tree changed to: Unkn 
2024-11-22 11:50:13,766 - INFO - Distance to tree changed to: Unkno 
2024-11-22 11:50:13,851 - INFO - Distance to tree changed to: Unknow 
2024-11-22 11:50:14,026 - INFO - Distance to tree changed to: Unknown 
2024-11-22 11:50:18,441 - INFO - Hit position changed to:  
2024-11-22 11:50:18,441 - INFO - Save Requested. Saved Values : [[1, 1, 1, -0.7133278846740723, -2.7320968113341273, -0.06366521516908819, 0.24272076665844722, 0.6429690718650818, 1.1880542039871216, '1.25', 1.326446771621704, 1.2917684316635132, 1.3242794275283813, 1.3307815790176392, 'center', 'Unknown', 51.19, 0.0, 'CW', 'N/a']]
2024-11-22 11:50:19,450 - INFO - Exit Requested. Saved Values : [[1, 1, 1, -0.7133278846740723, -2.7320968113341273, -0.06366521516908819, 0.24272076665844722, 0.6429690718650818, 1.1880542039871216, '1.25', 1.326446771621704, 1.2917684316635132, 1.3242794275283813, 1.3307815790176392, 'center', 'Unknown', 51.19, 0.0, 'CW', 'N/a']]
2024-11-22 11:50:19,450 - INFO - After Exit Request values were saved to: /home/ryan/ros2_ws_groundtruth/src/Ground_Truth_Ros/ground_truth/csv_files/UFO_Tree_1_2024_11_22_11_50_19.csv
