2024-12-05 15:26:30,225 - INFO - File name changed to: UFO_Tree_0
2024-12-05 15:26:30,226 - INFO - Trial Number changed to: 1
2024-12-05 15:26:30,226 - INFO - Branch Number changed to: 1
2024-12-05 15:26:30,226 - INFO - File name changed to: UFO_Tree_1
2024-12-05 15:26:30,226 - INFO - File name changed to: UFO_Tree_1
2024-12-05 15:26:30,226 - INFO - Tree Number changed to: 1
2024-12-05 15:26:32,267 - INFO - Controller change requested : Switching to Forward
2024-12-05 15:26:32,646 - INFO - Controller change requested : Switching to Joints
2024-12-05 15:31:33,719 - INFO - Start Requested
2024-12-05 15:31:54,501 - INFO - The angle correction has changed: angle added:0.0 angle direction: CW 
2024-12-05 15:35:05,838 - INFO - Controller change requested : Switching to Forward
2024-12-05 15:35:06,310 - INFO - Controller change requested : Switching to Joints
2024-12-05 15:35:13,931 - INFO - Start Requested
2024-12-05 15:35:37,101 - INFO - The angle correction has changed: angle added:0.0 angle direction: CW 
2024-12-05 15:36:56,785 - INFO - Controller change requested : Switching to Forward
2024-12-05 15:36:57,067 - INFO - Controller change requested : Switching to Joints
2024-12-05 15:37:09,250 - INFO - Start Requested
2024-12-05 15:37:29,601 - INFO - The angle correction has changed: angle added:0.0 angle direction: CW 
2024-12-05 15:38:06,200 - INFO - Diameter W1 changed to: 1.1745424270629883 
2024-12-05 15:38:06,201 - INFO - Diameter W2 changed to: 1.1745424270629883 
2024-12-05 15:38:06,201 - INFO - Diameter Mean changed to: 1.2094875574111938 
2024-12-05 15:38:06,201 - INFO - Diameter Median changed to: 1.2133703231811523 
2024-12-05 15:38:06,201 - INFO - Total time changed to: 56.1
2024-12-05 15:38:16,543 - INFO - Controller change requested : Switching to Forward
2024-12-05 15:38:17,755 - INFO - Controller change requested : Switching to Joints
2024-12-05 15:38:22,291 - INFO - Start Requested
2024-12-05 15:39:26,468 - INFO - Controller change requested : Switching to Forward
2024-12-05 15:39:26,806 - INFO - Controller change requested : Switching to Joints
2024-12-05 15:39:37,302 - INFO - Start Requested
2024-12-05 15:40:48,549 - INFO - Controller change requested : Switching to Forward
2024-12-05 15:40:48,796 - INFO - Controller change requested : Switching to Joints
2024-12-05 15:40:54,577 - INFO - Start Requested
2024-12-05 15:42:17,507 - INFO - Controller change requested : Switching to Forward
2024-12-05 15:42:17,817 - INFO - Controller change requested : Switching to Joints
2024-12-05 15:42:26,088 - INFO - Start Requested
2024-12-05 15:43:16,710 - INFO - Controller change requested : Switching to Forward
2024-12-05 15:43:17,499 - INFO - Controller change requested : Switching to Joints
2024-12-05 15:43:35,959 - INFO - Start Requested
2024-12-05 15:44:33,482 - INFO - Controller change requested : Switching to Forward
2024-12-05 15:44:33,940 - INFO - Controller change requested : Switching to Joints
2024-12-05 15:45:02,896 - INFO - Start Requested
2024-12-05 15:45:40,600 - INFO - The angle correction has changed: angle added:0.34906600000000004 angle direction: CCW 
2024-12-05 15:46:09,801 - INFO - Diameter W1 changed to: 1.0620381832122803 
2024-12-05 15:46:09,801 - INFO - Diameter W2 changed to: 1.0620381832122803 
2024-12-05 15:46:09,801 - INFO - Diameter Mean changed to: 1.0797388553619385 
2024-12-05 15:46:09,801 - INFO - Diameter Median changed to: 1.075313687324524 
2024-12-05 15:46:09,801 - INFO - Total time changed to: 66.09
2024-12-05 15:46:17,222 - INFO - Controller change requested : Switching to Forward
2024-12-05 15:46:17,666 - INFO - Controller change requested : Switching to Joints
2024-12-05 15:46:22,730 - INFO - Start Requested
