2025-01-11 10:36:39,680 - INFO - File name changed to: UFO_Tree_0
2025-01-11 10:36:39,680 - INFO - Trial Number changed to: 1
2025-01-11 10:36:39,680 - INFO - Branch Number changed to: 1
2025-01-11 10:36:39,681 - INFO - File name changed to: UFO_Tree_1
2025-01-11 10:36:39,681 - INFO - File name changed to: UFO_Tree_1
2025-01-11 10:36:39,681 - INFO - Tree Number changed to: 1
2025-01-11 10:36:40,790 - INFO - Controller change requested : Switching to Forward
2025-01-11 10:36:41,115 - INFO - Controller change requested : Switching to Joints
2025-01-11 10:37:20,924 - INFO - Controller change requested : Switching to Forward
2025-01-11 10:37:21,298 - INFO - Controller change requested : Switching to Joints
2025-01-11 10:39:07,204 - INFO - Start Requested
2025-01-11 10:39:37,708 - INFO - The angle correction has changed: angle added:0.0 angle direction: CW 
2025-01-11 10:40:13,410 - INFO - Controller change requested : Switching to Forward
2025-01-11 10:40:13,578 - INFO - Controller change requested : Switching to Joints
2025-01-11 10:40:26,867 - INFO - Start Requested
2025-01-11 10:40:50,308 - INFO - The angle correction has changed: angle added:0.0 angle direction: CW 
2025-01-11 10:41:21,008 - INFO - Diameter W1 changed to: 0.4814387559890747 
2025-01-11 10:41:21,008 - INFO - Diameter W2 changed to: 0.45564740896224976 
2025-01-11 10:41:21,009 - INFO - Diameter Mean changed to: 1.0836670398712158 
2025-01-11 10:41:21,009 - INFO - Diameter Median changed to: 0.821025013923645 
2025-01-11 10:41:21,009 - INFO - Total time changed to: 53.28
2025-01-11 10:41:43,865 - INFO - Distance to tree changed to: 7 
2025-01-11 10:41:44,047 - INFO - Distance to tree changed to: 7. 
2025-01-11 10:41:45,133 - INFO - Distance to tree changed to: 7.5 
2025-01-11 10:41:46,751 - INFO - Measured Diameter changed to: 0
2025-01-11 10:41:46,966 - INFO - Measured Diameter changed to: 0.
2025-01-11 10:41:47,116 - INFO - Measured Diameter changed to: 0.5
2025-01-11 10:41:50,076 - INFO - Hit position changed to: C 
2025-01-11 10:41:52,672 - INFO - Hit position changed to:  
2025-01-11 10:41:52,672 - INFO - Save Requested. Saved Values : [[1, 1, 1, 1.967339340840475, -0.7735652488521119, -1.58191425005068, -4.307340284387106, -1.568763558064596, 1.1445560455322266, '0.5', 0.4814387559890747, 0.45564740896224976, 1.0836670398712158, 0.821025013923645, 'C', '7.5', 53.28, 0.0, 'CW', 'N/a']]
2025-01-11 10:41:52,708 - INFO - Diameter W1 changed to: 0.4814387559890747 
2025-01-11 10:41:52,708 - INFO - Diameter W2 changed to: 0.45564740896224976 
2025-01-11 10:41:52,708 - INFO - Diameter Mean changed to: 1.0836670398712158 
2025-01-11 10:41:52,708 - INFO - Diameter Median changed to: 0.821025013923645 
2025-01-11 10:41:58,360 - INFO - Controller change requested : Switching to Forward
2025-01-11 10:41:58,691 - INFO - Controller change requested : Switching to Joints
2025-01-11 10:42:07,034 - INFO - Exit Requested. Saved Values : [[1, 1, 1, 1.967339340840475, -0.7735652488521119, -1.58191425005068, -4.307340284387106, -1.568763558064596, 1.1445560455322266, '0.5', 0.4814387559890747, 0.45564740896224976, 1.0836670398712158, 0.821025013923645, 'C', '7.5', 53.28, 0.0, 'CW', 'N/a']]
2025-01-11 10:42:07,034 - INFO - After Exit Request values were saved to: /home/ryan/ros2_ws_groundtruth/src/Ground_Truth_Ros/ground_truth/csv_files/UFO_Tree_1_2025_01_11_10_42_07.csv and /home/ryan/ros2_ws_groundtruth/src/Ground_Truth_Ros/ground_truth/json_files/UFO_Tree_1_2025_01_11_10_42_07.json
