2025-01-13 08:43:00,111 - INFO - File name changed to: UFO_Tree_0
2025-01-13 08:43:00,112 - INFO - Trial Number changed to: 1
2025-01-13 08:43:00,112 - INFO - Branch Number changed to: 1
2025-01-13 08:43:00,112 - INFO - File name changed to: UFO_Tree_1
2025-01-13 08:43:00,112 - INFO - File name changed to: UFO_Tree_1
2025-01-13 08:43:00,112 - INFO - Tree Number changed to: 1
2025-01-13 08:43:11,434 - INFO - Distance to tree changed to: source ins 
2025-01-13 08:43:14,390 - INFO - Distance to tree changed to:  
2025-01-13 08:43:14,901 - INFO - Distance to tree changed to: 9 
2025-01-13 08:43:15,371 - INFO - Distance to tree changed to: 9. 
2025-01-13 08:43:15,726 - INFO - Distance to tree changed to: 9.0 
2025-01-13 08:43:18,246 - INFO - Measured Diameter changed to: 1
2025-01-13 08:43:18,355 - INFO - Measured Diameter changed to: 1.
2025-01-13 08:43:18,488 - INFO - Measured Diameter changed to: 1.2
2025-01-13 08:43:18,769 - INFO - Measured Diameter changed to: 1.25
2025-01-13 08:43:24,258 - INFO - Start Requested
2025-01-13 08:43:44,731 - INFO - The angle correction has changed: angle added:0.0 angle direction: CW 
2025-01-13 08:44:37,671 - INFO - Controller change requested : Switching to Forward
2025-01-13 08:44:37,995 - INFO - Controller change requested : Switching to Joints
2025-01-13 08:45:08,997 - INFO - Start Requested
2025-01-13 08:45:27,930 - INFO - The angle correction has changed: angle added:0.0 angle direction: CW 
2025-01-13 08:46:03,930 - INFO - Diameter W1 changed to: 1.3117179870605469 
2025-01-13 08:46:03,930 - INFO - Diameter W2 changed to: 1.301470160484314 
2025-01-13 08:46:03,930 - INFO - Diameter Mean changed to: 1.1719753742218018 
2025-01-13 08:46:03,930 - INFO - Diameter Median changed to: 1.3168418407440186 
2025-01-13 08:46:03,930 - INFO - Total time changed to: 53.2
2025-01-13 08:46:12,761 - INFO - Hit position changed to: R 
2025-01-13 08:46:16,644 - INFO - Hit position changed to:  
2025-01-13 08:46:16,644 - INFO - Save Requested. Saved Values : [[1, 1, 1, 1.9910057226764124, -0.8348855537227173, -1.5871146360980433, -4.2455274067320765, -1.6094616095172327, 1.091306209564209, '1.25', 1.3117179870605469, 1.301470160484314, 1.1719753742218018, 1.3168418407440186, 'R', '9.0', 53.2, 0.0, 'CW', 'N/a']]
2025-01-13 08:46:16,730 - INFO - Diameter W1 changed to: 1.3117179870605469 
2025-01-13 08:46:16,730 - INFO - Diameter W2 changed to: 1.301470160484314 
2025-01-13 08:46:16,730 - INFO - Diameter Mean changed to: 1.1719753742218018 
2025-01-13 08:46:16,730 - INFO - Diameter Median changed to: 1.3168418407440186 
2025-01-13 08:46:18,145 - INFO - Trial Number changed to: 2
2025-01-13 08:46:20,133 - INFO - Controller change requested : Switching to Forward
2025-01-13 08:46:20,379 - INFO - Controller change requested : Switching to Joints
2025-01-13 08:46:27,272 - INFO - Start Requested
2025-01-13 08:46:46,430 - INFO - The angle correction has changed: angle added:0.0 angle direction: CW 
2025-01-13 08:47:17,929 - INFO - Diameter W2 changed to: 1.2803044319152832 
2025-01-13 08:47:17,930 - INFO - Diameter Mean changed to: 1.0076606273651123 
2025-01-13 08:47:17,930 - INFO - Diameter Median changed to: 0.9320616722106934 
2025-01-13 08:47:17,930 - INFO - Total time changed to: 49.5
2025-01-13 08:47:29,283 - INFO - Hit position changed to: R 
2025-01-13 08:47:35,547 - INFO - Hit position changed to:  
2025-01-13 08:47:35,548 - INFO - Save Requested. Saved Values : [[1, 1, 1, 1.9910057226764124, -0.8348855537227173, -1.5871146360980433, -4.2455274067320765, -1.6094616095172327, 1.091306209564209, '1.25', 1.3117179870605469, 1.301470160484314, 1.1719753742218018, 1.3168418407440186, 'R', '9.0', 53.2, 0.0, 'CW', 'N/a'], [1, 1, 2, 1.9909217993365687, -0.8348615926555176, -1.5882895628558558, -4.246319671670431, -1.607640568410055, 1.0880694389343262, '1.25', 1.3110318183898926, 1.2803044319152832, 1.0076606273651123, 0.9320616722106934, 'R', '9.0', 49.5, 0.0, 'CW', 'N/a']]
2025-01-13 08:47:35,630 - INFO - Diameter W1 changed to: 1.3110318183898926 
2025-01-13 08:47:35,630 - INFO - Diameter W2 changed to: 1.2803044319152832 
2025-01-13 08:47:35,630 - INFO - Diameter Mean changed to: 1.0076606273651123 
2025-01-13 08:47:35,630 - INFO - Diameter Median changed to: 0.9320616722106934 
2025-01-13 08:47:36,823 - INFO - Trial Number changed to: 3
2025-01-13 08:47:37,985 - INFO - Controller change requested : Switching to Forward
2025-01-13 08:47:38,267 - INFO - Controller change requested : Switching to Joints
2025-01-13 08:47:49,703 - INFO - Start Requested
2025-01-13 08:48:11,529 - INFO - The angle correction has changed: angle added:0.0 angle direction: CW 
2025-01-13 08:48:41,930 - INFO - Diameter W1 changed to: 1.2997406721115112 
2025-01-13 08:48:41,930 - INFO - Diameter W2 changed to: 1.2690380811691284 
2025-01-13 08:48:41,930 - INFO - Diameter Mean changed to: 1.2833659648895264 
2025-01-13 08:48:41,930 - INFO - Diameter Median changed to: 1.2895065546035767 
2025-01-13 08:48:41,930 - INFO - Total time changed to: 51.0
2025-01-13 08:48:51,224 - INFO - Hit position changed to: C 
2025-01-13 08:48:53,962 - INFO - Hit position changed to:  
2025-01-13 08:48:53,962 - INFO - Save Requested. Saved Values : [[1, 1, 1, 1.9910057226764124, -0.8348855537227173, -1.5871146360980433, -4.2455274067320765, -1.6094616095172327, 1.091306209564209, '1.25', 1.3117179870605469, 1.301470160484314, 1.1719753742218018, 1.3168418407440186, 'R', '9.0', 53.2, 0.0, 'CW', 'N/a'], [1, 1, 2, 1.9909217993365687, -0.8348615926555176, -1.5882895628558558, -4.246319671670431, -1.607640568410055, 1.0880694389343262, '1.25', 1.3110318183898926, 1.2803044319152832, 1.0076606273651123, 0.9320616722106934, 'R', '9.0', 49.5, 0.0, 'CW', 'N/a'], [1, 1, 3, 1.9859512487994593, -0.8350289624980469, -1.5787137190448206, -4.243438621560568, -1.6187709013568323, 1.1504154205322266, '1.25', 1.2997406721115112, 1.2690380811691284, 1.2833659648895264, 1.2895065546035767, 'C', '9.0', 51.0, 0.0, 'CW', 'N/a']]
2025-01-13 08:48:54,030 - INFO - Diameter W1 changed to: 1.2997406721115112 
2025-01-13 08:48:54,030 - INFO - Diameter W2 changed to: 1.2690380811691284 
2025-01-13 08:48:54,030 - INFO - Diameter Mean changed to: 1.2833659648895264 
2025-01-13 08:48:54,031 - INFO - Diameter Median changed to: 1.2895065546035767 
2025-01-13 08:48:54,786 - INFO - Controller change requested : Switching to Forward
2025-01-13 08:48:55,109 - INFO - Controller change requested : Switching to Joints
2025-01-13 08:49:05,581 - INFO - Trial Number changed to: 4
2025-01-13 08:49:43,362 - INFO - Distance to tree changed to: 9. 
2025-01-13 08:49:43,487 - INFO - Distance to tree changed to: 9 
2025-01-13 08:49:43,827 - INFO - Distance to tree changed to:  
2025-01-13 08:49:44,296 - INFO - Distance to tree changed to: 7 
2025-01-13 08:49:45,119 - INFO - Distance to tree changed to: 7. 
2025-01-13 08:49:45,195 - INFO - Distance to tree changed to: 7.5 
2025-01-13 08:49:50,067 - INFO - Start Requested
2025-01-13 08:50:09,705 - INFO - Note changed to: F 
2025-01-13 08:50:09,873 - INFO - Note changed to: Fo 
2025-01-13 08:50:09,890 - INFO - Note changed to: For 
2025-01-13 08:50:10,075 - INFO - Note changed to: Foro 
2025-01-13 08:50:10,126 - INFO - Note changed to: Forog 
2025-01-13 08:50:10,286 - INFO - Note changed to: Forogo 
2025-01-13 08:50:10,370 - INFO - Note changed to: Forogot 
2025-01-13 08:50:10,495 - INFO - Note changed to: Forogot  
2025-01-13 08:50:10,785 - INFO - Note changed to: Forogot 
2025-01-13 08:50:10,951 - INFO - Note changed to: Forogo 
2025-01-13 08:50:11,053 - INFO - Note changed to: Forog 
2025-01-13 08:50:11,186 - INFO - Note changed to: Foro 
2025-01-13 08:50:11,311 - INFO - Note changed to: For 
2025-01-13 08:50:11,429 - INFO - Note changed to: Forg 
2025-01-13 08:50:11,677 - INFO - Note changed to: Forgo 
2025-01-13 08:50:11,786 - INFO - Note changed to: Forgot 
2025-01-13 08:50:11,870 - INFO - Note changed to: Forgot  
2025-01-13 08:50:11,995 - INFO - Note changed to: Forgot t 
2025-01-13 08:50:12,096 - INFO - Note changed to: Forgot to 
2025-01-13 08:50:12,181 - INFO - Note changed to: Forgot to  
2025-01-13 08:50:16,430 - INFO - The angle correction has changed: angle added:0.0 angle direction: CW 
2025-01-13 08:50:17,582 - INFO - Note changed to: Forgot to h 
2025-01-13 08:50:17,715 - INFO - Note changed to: Forgot to hi 
2025-01-13 08:50:17,758 - INFO - Note changed to: Forgot to hit 
2025-01-13 08:50:17,901 - INFO - Note changed to: Forgot to hit  
2025-01-13 08:50:18,559 - INFO - Note changed to: Forgot to hit y 
2025-01-13 08:50:18,636 - INFO - Note changed to: Forgot to hit ye 
2025-01-13 08:50:18,744 - INFO - Note changed to: Forgot to hit yes 
2025-01-13 08:50:18,828 - INFO - Note changed to: Forgot to hit yes  
2025-01-13 08:50:19,070 - INFO - Note changed to: Forgot to hit yes r 
2025-01-13 08:50:19,221 - INFO - Note changed to: Forgot to hit yes ri 
2025-01-13 08:50:19,363 - INFO - Note changed to: Forgot to hit yes rig 
2025-01-13 08:50:19,438 - INFO - Note changed to: Forgot to hit yes righ 
2025-01-13 08:50:19,564 - INFO - Note changed to: Forgot to hit yes right 
2025-01-13 08:50:19,607 - INFO - Note changed to: Forgot to hit yes right  
2025-01-13 08:50:19,749 - INFO - Note changed to: Forgot to hit yes right a 
2025-01-13 08:50:19,881 - INFO - Note changed to: Forgot to hit yes right aw 
2025-01-13 08:50:20,073 - INFO - Note changed to: Forgot to hit yes right awa 
2025-01-13 08:50:20,174 - INFO - Note changed to: Forgot to hit yes right away 
2025-01-13 08:50:20,233 - INFO - Note changed to: Forgot to hit yes right away  
2025-01-13 08:50:20,450 - INFO - Note changed to: Forgot to hit yes right away o 
2025-01-13 08:50:20,657 - INFO - Note changed to: Forgot to hit yes right away on 
2025-01-13 08:50:20,724 - INFO - Note changed to: Forgot to hit yes right away on  
2025-01-13 08:50:22,171 - INFO - Note changed to: Forgot to hit yes right away on f 
2025-01-13 08:50:22,264 - INFO - Note changed to: Forgot to hit yes right away on fi 
2025-01-13 08:50:22,348 - INFO - Note changed to: Forgot to hit yes right away on fir 
2025-01-13 08:50:22,482 - INFO - Note changed to: Forgot to hit yes right away on firs 
2025-01-13 08:50:22,624 - INFO - Note changed to: Forgot to hit yes right away on first 
2025-01-13 08:50:22,650 - INFO - Note changed to: Forgot to hit yes right away on first  
2025-01-13 08:50:23,531 - INFO - Note changed to: Forgot to hit yes right away on first p 
2025-01-13 08:50:23,721 - INFO - Note changed to: Forgot to hit yes right away on first po 
2025-01-13 08:50:23,904 - INFO - Note changed to: Forgot to hit yes right away on first pop 
2025-01-13 08:50:24,383 - INFO - Note changed to: Forgot to hit yes right away on first popu 
2025-01-13 08:50:24,746 - INFO - Note changed to: Forgot to hit yes right away on first popup 
2025-01-13 08:50:43,730 - INFO - Diameter W1 changed to: 1.5070812702178955 
2025-01-13 08:50:43,730 - INFO - Diameter W2 changed to: 1.4565645456314087 
2025-01-13 08:50:43,730 - INFO - Diameter Mean changed to: 0.925324559211731 
2025-01-13 08:50:43,731 - INFO - Diameter Median changed to: 0.6146197319030762 
2025-01-13 08:50:43,731 - INFO - Total time changed to: 44.4
2025-01-13 08:50:53,980 - INFO - Hit position changed to: C 
2025-01-13 08:50:58,885 - INFO - Note changed to: Forgot to hit yes right away on first popup, 
2025-01-13 08:50:58,942 - INFO - Note changed to: Forgot to hit yes right away on first popup,  
2025-01-13 08:50:59,175 - INFO - Note changed to: Forgot to hit yes right away on first popup, b 
2025-01-13 08:50:59,292 - INFO - Note changed to: Forgot to hit yes right away on first popup, ba 
2025-01-13 08:50:59,401 - INFO - Note changed to: Forgot to hit yes right away on first popup, bad 
2025-01-13 08:50:59,484 - INFO - Note changed to: Forgot to hit yes right away on first popup, bad  
2025-01-13 08:50:59,692 - INFO - Note changed to: Forgot to hit yes right away on first popup, bad v 
2025-01-13 08:50:59,810 - INFO - Note changed to: Forgot to hit yes right away on first popup, bad vi 
2025-01-13 08:50:59,911 - INFO - Note changed to: Forgot to hit yes right away on first popup, bad vid 
2025-01-13 08:51:00,069 - INFO - Note changed to: Forgot to hit yes right away on first popup, bad vide 
2025-01-13 08:51:00,144 - INFO - Note changed to: Forgot to hit yes right away on first popup, bad video 
2025-01-13 08:51:00,204 - INFO - Note changed to: Forgot to hit yes right away on first popup, bad video  
2025-01-13 08:51:03,036 - INFO - Note changed to:  
2025-01-13 08:51:03,036 - INFO - Hit position changed to:  
2025-01-13 08:51:03,036 - INFO - Save Requested. Saved Values : [[1, 1, 1, 1.9910057226764124, -0.8348855537227173, -1.5871146360980433, -4.2455274067320765, -1.6094616095172327, 1.091306209564209, '1.25', 1.3117179870605469, 1.301470160484314, 1.1719753742218018, 1.3168418407440186, 'R', '9.0', 53.2, 0.0, 'CW', 'N/a'], [1, 1, 2, 1.9909217993365687, -0.8348615926555176, -1.5882895628558558, -4.246319671670431, -1.607640568410055, 1.0880694389343262, '1.25', 1.3110318183898926, 1.2803044319152832, 1.0076606273651123, 0.9320616722106934, 'R', '9.0', 49.5, 0.0, 'CW', 'N/a'], [1, 1, 3, 1.9859512487994593, -0.8350289624980469, -1.5787137190448206, -4.243438621560568, -1.6187709013568323, 1.1504154205322266, '1.25', 1.2997406721115112, 1.2690380811691284, 1.2833659648895264, 1.2895065546035767, 'C', '9.0', 51.0, 0.0, 'CW', 'N/a'], [1, 1, 4, 1.9878719488727015, -0.8304028075984498, -1.5832799116717737, -4.2426704368987025, -1.6156557242022913, 1.1450486183166504, '1.25', 1.5070812702178955, 1.4565645456314087, 0.925324559211731, 0.6146197319030762, 'C', '7.5', 44.4, 0.0, 'CW', 'Forgot to hit yes right away on first popup, bad video ']]
2025-01-13 08:51:03,130 - INFO - Diameter W1 changed to: 1.5070812702178955 
2025-01-13 08:51:03,130 - INFO - Diameter W2 changed to: 1.4565645456314087 
2025-01-13 08:51:03,130 - INFO - Diameter Mean changed to: 0.925324559211731 
2025-01-13 08:51:03,131 - INFO - Diameter Median changed to: 0.6146197319030762 
2025-01-13 08:51:04,101 - INFO - Trial Number changed to: 5
2025-01-13 08:51:05,629 - INFO - Controller change requested : Switching to Forward
2025-01-13 08:51:05,869 - INFO - Controller change requested : Switching to Joints
2025-01-13 08:51:13,973 - INFO - Start Requested
2025-01-13 08:51:36,930 - INFO - The angle correction has changed: angle added:0.0 angle direction: CW 
2025-01-13 08:52:02,330 - INFO - Diameter W1 changed to: 1.3437765836715698 
2025-01-13 08:52:02,330 - INFO - Diameter W2 changed to: 1.2587274312973022 
2025-01-13 08:52:02,330 - INFO - Diameter Mean changed to: 1.224707841873169 
2025-01-13 08:52:02,330 - INFO - Diameter Median changed to: 1.2162028551101685 
2025-01-13 08:52:02,330 - INFO - Total time changed to: 47.1
2025-01-13 08:52:09,924 - INFO - Hit position changed to: C 
2025-01-13 08:52:11,548 - INFO - Hit position changed to:  
2025-01-13 08:52:11,548 - INFO - Save Requested. Saved Values : [[1, 1, 1, 1.9910057226764124, -0.8348855537227173, -1.5871146360980433, -4.2455274067320765, -1.6094616095172327, 1.091306209564209, '1.25', 1.3117179870605469, 1.301470160484314, 1.1719753742218018, 1.3168418407440186, 'R', '9.0', 53.2, 0.0, 'CW', 'N/a'], [1, 1, 2, 1.9909217993365687, -0.8348615926555176, -1.5882895628558558, -4.246319671670431, -1.607640568410055, 1.0880694389343262, '1.25', 1.3110318183898926, 1.2803044319152832, 1.0076606273651123, 0.9320616722106934, 'R', '9.0', 49.5, 0.0, 'CW', 'N/a'], [1, 1, 3, 1.9859512487994593, -0.8350289624980469, -1.5787137190448206, -4.243438621560568, -1.6187709013568323, 1.1504154205322266, '1.25', 1.2997406721115112, 1.2690380811691284, 1.2833659648895264, 1.2895065546035767, 'C', '9.0', 51.0, 0.0, 'CW', 'N/a'], [1, 1, 4, 1.9878719488727015, -0.8304028075984498, -1.5832799116717737, -4.2426704368987025, -1.6156557242022913, 1.1450486183166504, '1.25', 1.5070812702178955, 1.4565645456314087, 0.925324559211731, 0.6146197319030762, 'C', '7.5', 44.4, 0.0, 'CW', 'Forgot to hit yes right away on first popup, bad video '], [1, 1, 5, 1.9873560110675257, -0.8294944328120728, -1.5869467894183558, -4.24074973682546, -1.6108277479754847, 1.119978904724121, '1.25', 1.3437765836715698, 1.2587274312973022, 1.224707841873169, 1.2162028551101685, 'C', '7.5', 47.1, 0.0, 'CW', '']]
2025-01-13 08:52:11,630 - INFO - Diameter W1 changed to: 1.3437765836715698 
2025-01-13 08:52:11,630 - INFO - Diameter W2 changed to: 1.2587274312973022 
2025-01-13 08:52:11,630 - INFO - Diameter Mean changed to: 1.224707841873169 
2025-01-13 08:52:11,630 - INFO - Diameter Median changed to: 1.2162028551101685 
2025-01-13 08:52:13,788 - INFO - Trial Number changed to: 6
2025-01-13 08:52:14,943 - INFO - Controller change requested : Switching to Forward
2025-01-13 08:52:15,232 - INFO - Controller change requested : Switching to Joints
2025-01-13 08:52:26,785 - INFO - Start Requested
2025-01-13 08:52:45,930 - INFO - The angle correction has changed: angle added:0.0 angle direction: CW 
2025-01-13 08:53:16,230 - INFO - Diameter W1 changed to: 4.225220203399658 
2025-01-13 08:53:16,230 - INFO - Diameter W2 changed to: 4.225220203399658 
2025-01-13 08:53:16,230 - INFO - Diameter Mean changed to: 2.4483413696289062 
2025-01-13 08:53:16,230 - INFO - Diameter Median changed to: 1.9432625770568848 
2025-01-13 08:53:16,230 - INFO - Total time changed to: 48.2
2025-01-13 08:53:23,796 - INFO - Hit position changed to: C 
2025-01-13 08:53:25,540 - INFO - Note changed to: B 
2025-01-13 08:53:25,666 - INFO - Note changed to: Ba 
2025-01-13 08:53:25,807 - INFO - Note changed to: Bad 
2025-01-13 08:53:25,908 - INFO - Note changed to: Bad  
2025-01-13 08:53:26,100 - INFO - Note changed to: Bad v 
2025-01-13 08:53:26,201 - INFO - Note changed to: Bad vi 
2025-01-13 08:53:26,310 - INFO - Note changed to: Bad vid 
2025-01-13 08:53:26,477 - INFO - Note changed to: Bad vide 
2025-01-13 08:53:26,528 - INFO - Note changed to: Bad video 
2025-01-13 08:53:28,137 - INFO - Note changed to:  
2025-01-13 08:53:28,137 - INFO - Hit position changed to:  
2025-01-13 08:53:28,137 - INFO - Save Requested. Saved Values : [[1, 1, 1, 1.9910057226764124, -0.8348855537227173, -1.5871146360980433, -4.2455274067320765, -1.6094616095172327, 1.091306209564209, '1.25', 1.3117179870605469, 1.301470160484314, 1.1719753742218018, 1.3168418407440186, 'R', '9.0', 53.2, 0.0, 'CW', 'N/a'], [1, 1, 2, 1.9909217993365687, -0.8348615926555176, -1.5882895628558558, -4.246319671670431, -1.607640568410055, 1.0880694389343262, '1.25', 1.3110318183898926, 1.2803044319152832, 1.0076606273651123, 0.9320616722106934, 'R', '9.0', 49.5, 0.0, 'CW', 'N/a'], [1, 1, 3, 1.9859512487994593, -0.8350289624980469, -1.5787137190448206, -4.243438621560568, -1.6187709013568323, 1.1504154205322266, '1.25', 1.2997406721115112, 1.2690380811691284, 1.2833659648895264, 1.2895065546035767, 'C', '9.0', 51.0, 0.0, 'CW', 'N/a'], [1, 1, 4, 1.9878719488727015, -0.8304028075984498, -1.5832799116717737, -4.2426704368987025, -1.6156557242022913, 1.1450486183166504, '1.25', 1.5070812702178955, 1.4565645456314087, 0.925324559211731, 0.6146197319030762, 'C', '7.5', 44.4, 0.0, 'CW', 'Forgot to hit yes right away on first popup, bad video '], [1, 1, 5, 1.9873560110675257, -0.8294944328120728, -1.5869467894183558, -4.24074973682546, -1.6108277479754847, 1.119978904724121, '1.25', 1.3437765836715698, 1.2587274312973022, 1.224707841873169, 1.2162028551101685, 'C', '7.5', 47.1, 0.0, 'CW', ''], [1, 1, 6, 1.9850385824786585, -0.8306419414332886, -1.5823214689837855, -4.24077381710195, -1.6155837217914026, 1.175675868988037, '1.25', 4.225220203399658, 4.225220203399658, 2.4483413696289062, 1.9432625770568848, 'C', '7.5', 48.2, 0.0, 'CW', 'Bad video']]
2025-01-13 08:53:28,230 - INFO - Diameter W1 changed to: 4.225220203399658 
2025-01-13 08:53:28,230 - INFO - Diameter W2 changed to: 4.225220203399658 
2025-01-13 08:53:28,230 - INFO - Diameter Mean changed to: 2.4483413696289062 
2025-01-13 08:53:28,230 - INFO - Diameter Median changed to: 1.9432625770568848 
2025-01-13 08:53:29,249 - INFO - Controller change requested : Switching to Forward
2025-01-13 08:53:29,460 - INFO - Controller change requested : Switching to Joints
2025-01-13 08:53:34,518 - INFO - Trial Number changed to: 7
2025-01-13 08:53:37,264 - INFO - Save Requested. Saved Values : [[1, 1, 1, 1.9910057226764124, -0.8348855537227173, -1.5871146360980433, -4.2455274067320765, -1.6094616095172327, 1.091306209564209, '1.25', 1.3117179870605469, 1.301470160484314, 1.1719753742218018, 1.3168418407440186, 'R', '9.0', 53.2, 0.0, 'CW', 'N/a'], [1, 1, 2, 1.9909217993365687, -0.8348615926555176, -1.5882895628558558, -4.246319671670431, -1.607640568410055, 1.0880694389343262, '1.25', 1.3110318183898926, 1.2803044319152832, 1.0076606273651123, 0.9320616722106934, 'R', '9.0', 49.5, 0.0, 'CW', 'N/a'], [1, 1, 3, 1.9859512487994593, -0.8350289624980469, -1.5787137190448206, -4.243438621560568, -1.6187709013568323, 1.1504154205322266, '1.25', 1.2997406721115112, 1.2690380811691284, 1.2833659648895264, 1.2895065546035767, 'C', '9.0', 51.0, 0.0, 'CW', 'N/a'], [1, 1, 4, 1.9878719488727015, -0.8304028075984498, -1.5832799116717737, -4.2426704368987025, -1.6156557242022913, 1.1450486183166504, '1.25', 1.5070812702178955, 1.4565645456314087, 0.925324559211731, 0.6146197319030762, 'C', '7.5', 44.4, 0.0, 'CW', 'Forgot to hit yes right away on first popup, bad video '], [1, 1, 5, 1.9873560110675257, -0.8294944328120728, -1.5869467894183558, -4.24074973682546, -1.6108277479754847, 1.119978904724121, '1.25', 1.3437765836715698, 1.2587274312973022, 1.224707841873169, 1.2162028551101685, 'C', '7.5', 47.1, 0.0, 'CW', ''], [1, 1, 6, 1.9850385824786585, -0.8306419414332886, -1.5823214689837855, -4.24077381710195, -1.6155837217914026, 1.175675868988037, '1.25', 4.225220203399658, 4.225220203399658, 2.4483413696289062, 1.9432625770568848, 'C', '7.5', 48.2, 0.0, 'CW', 'Bad video'], [1, 1, 7, 2.1034162680255335, -0.8731909555247803, -1.5581496397601526, -4.3032571278014125, -1.640869442616598, 1.5848479270935059, '1.25', 4.225220203399658, 4.225220203399658, 2.4483413696289062, 1.9432625770568848, '', '7.5', 48.2, 0.0, 'CW', '']]
2025-01-13 08:53:37,330 - INFO - Diameter W1 changed to: 4.225220203399658 
2025-01-13 08:53:37,330 - INFO - Diameter W2 changed to: 4.225220203399658 
2025-01-13 08:53:37,330 - INFO - Diameter Mean changed to: 2.4483413696289062 
2025-01-13 08:53:37,330 - INFO - Diameter Median changed to: 1.9432625770568848 
2025-01-13 08:53:39,708 - INFO - Trial Number changed to: 8
2025-01-13 08:53:40,856 - INFO - Start Requested
2025-01-13 08:54:02,530 - INFO - The angle correction has changed: angle added:0.0 angle direction: CW 
2025-01-13 08:54:53,330 - INFO - Diameter W1 changed to: 4.211397171020508 
2025-01-13 08:54:53,330 - INFO - Diameter W2 changed to: 4.134826183319092 
2025-01-13 08:54:53,330 - INFO - Diameter Mean changed to: 2.5157580375671387 
2025-01-13 08:54:53,331 - INFO - Diameter Median changed to: 2.0503973960876465 
2025-01-13 08:54:53,331 - INFO - Total time changed to: 70.8
2025-01-13 08:55:00,227 - INFO - Hit position changed to: C 
2025-01-13 08:55:01,697 - INFO - Hit position changed to:  
2025-01-13 08:55:01,697 - INFO - Save Requested. Saved Values : [[1, 1, 1, 1.9910057226764124, -0.8348855537227173, -1.5871146360980433, -4.2455274067320765, -1.6094616095172327, 1.091306209564209, '1.25', 1.3117179870605469, 1.301470160484314, 1.1719753742218018, 1.3168418407440186, 'R', '9.0', 53.2, 0.0, 'CW', 'N/a'], [1, 1, 2, 1.9909217993365687, -0.8348615926555176, -1.5882895628558558, -4.246319671670431, -1.607640568410055, 1.0880694389343262, '1.25', 1.3110318183898926, 1.2803044319152832, 1.0076606273651123, 0.9320616722106934, 'R', '9.0', 49.5, 0.0, 'CW', 'N/a'], [1, 1, 3, 1.9859512487994593, -0.8350289624980469, -1.5787137190448206, -4.243438621560568, -1.6187709013568323, 1.1504154205322266, '1.25', 1.2997406721115112, 1.2690380811691284, 1.2833659648895264, 1.2895065546035767, 'C', '9.0', 51.0, 0.0, 'CW', 'N/a'], [1, 1, 4, 1.9878719488727015, -0.8304028075984498, -1.5832799116717737, -4.2426704368987025, -1.6156557242022913, 1.1450486183166504, '1.25', 1.5070812702178955, 1.4565645456314087, 0.925324559211731, 0.6146197319030762, 'C', '7.5', 44.4, 0.0, 'CW', 'Forgot to hit yes right away on first popup, bad video '], [1, 1, 5, 1.9873560110675257, -0.8294944328120728, -1.5869467894183558, -4.24074973682546, -1.6108277479754847, 1.119978904724121, '1.25', 1.3437765836715698, 1.2587274312973022, 1.224707841873169, 1.2162028551101685, 'C', '7.5', 47.1, 0.0, 'CW', ''], [1, 1, 6, 1.9850385824786585, -0.8306419414332886, -1.5823214689837855, -4.24077381710195, -1.6155837217914026, 1.175675868988037, '1.25', 4.225220203399658, 4.225220203399658, 2.4483413696289062, 1.9432625770568848, 'C', '7.5', 48.2, 0.0, 'CW', 'Bad video'], [1, 1, 7, 2.1034162680255335, -0.8731909555247803, -1.5581496397601526, -4.3032571278014125, -1.640869442616598, 1.5848479270935059, '1.25', 4.225220203399658, 4.225220203399658, 2.4483413696289062, 1.9432625770568848, '', '7.5', 48.2, 0.0, 'CW', ''], [1, 1, 8, 1.9852073828326624, -0.8288011115840455, -1.5851014296161097, -4.240149398843283, -1.6127565542804163, 1.1273150444030762, '1.25', 4.211397171020508, 4.134826183319092, 2.5157580375671387, 2.0503973960876465, 'C', '7.5', 70.8, 0.0, 'CW', 'N/a']]
2025-01-13 08:55:01,730 - INFO - Diameter W1 changed to: 4.211397171020508 
2025-01-13 08:55:01,730 - INFO - Diameter W2 changed to: 4.134826183319092 
2025-01-13 08:55:01,730 - INFO - Diameter Mean changed to: 2.5157580375671387 
2025-01-13 08:55:01,730 - INFO - Diameter Median changed to: 2.0503973960876465 
2025-01-13 08:55:03,050 - INFO - Trial Number changed to: 1
2025-01-13 08:55:03,050 - INFO - Branch Number changed to: 2
2025-01-13 08:55:05,832 - INFO - Controller change requested : Switching to Forward
2025-01-13 08:55:06,037 - INFO - Controller change requested : Switching to Joints
2025-01-13 08:55:12,702 - INFO - Start Requested
2025-01-13 08:55:32,730 - INFO - The angle correction has changed: angle added:0.0 angle direction: CW 
2025-01-13 08:56:00,530 - INFO - Diameter W1 changed to: 1.3391971588134766 
2025-01-13 08:56:00,530 - INFO - Diameter W2 changed to: 1.3220280408859253 
2025-01-13 08:56:00,530 - INFO - Diameter Mean changed to: 1.6207071542739868 
2025-01-13 08:56:00,530 - INFO - Diameter Median changed to: 1.6053197383880615 
2025-01-13 08:56:00,530 - INFO - Total time changed to: 46.3
2025-01-13 08:56:10,754 - INFO - Hit position changed to: R 
2025-01-13 08:56:14,103 - INFO - Hit position changed to:  
2025-01-13 08:56:14,103 - INFO - Save Requested. Saved Values : [[1, 1, 1, 1.9910057226764124, -0.8348855537227173, -1.5871146360980433, -4.2455274067320765, -1.6094616095172327, 1.091306209564209, '1.25', 1.3117179870605469, 1.301470160484314, 1.1719753742218018, 1.3168418407440186, 'R', '9.0', 53.2, 0.0, 'CW', 'N/a'], [1, 1, 2, 1.9909217993365687, -0.8348615926555176, -1.5882895628558558, -4.246319671670431, -1.607640568410055, 1.0880694389343262, '1.25', 1.3110318183898926, 1.2803044319152832, 1.0076606273651123, 0.9320616722106934, 'R', '9.0', 49.5, 0.0, 'CW', 'N/a'], [1, 1, 3, 1.9859512487994593, -0.8350289624980469, -1.5787137190448206, -4.243438621560568, -1.6187709013568323, 1.1504154205322266, '1.25', 1.2997406721115112, 1.2690380811691284, 1.2833659648895264, 1.2895065546035767, 'C', '9.0', 51.0, 0.0, 'CW', 'N/a'], [1, 1, 4, 1.9878719488727015, -0.8304028075984498, -1.5832799116717737, -4.2426704368987025, -1.6156557242022913, 1.1450486183166504, '1.25', 1.5070812702178955, 1.4565645456314087, 0.925324559211731, 0.6146197319030762, 'C', '7.5', 44.4, 0.0, 'CW', 'Forgot to hit yes right away on first popup, bad video '], [1, 1, 5, 1.9873560110675257, -0.8294944328120728, -1.5869467894183558, -4.24074973682546, -1.6108277479754847, 1.119978904724121, '1.25', 1.3437765836715698, 1.2587274312973022, 1.224707841873169, 1.2162028551101685, 'C', '7.5', 47.1, 0.0, 'CW', ''], [1, 1, 6, 1.9850385824786585, -0.8306419414332886, -1.5823214689837855, -4.24077381710195, -1.6155837217914026, 1.175675868988037, '1.25', 4.225220203399658, 4.225220203399658, 2.4483413696289062, 1.9432625770568848, 'C', '7.5', 48.2, 0.0, 'CW', 'Bad video'], [1, 1, 7, 2.1034162680255335, -0.8731909555247803, -1.5581496397601526, -4.3032571278014125, -1.640869442616598, 1.5848479270935059, '1.25', 4.225220203399658, 4.225220203399658, 2.4483413696289062, 1.9432625770568848, '', '7.5', 48.2, 0.0, 'CW', ''], [1, 1, 8, 1.9852073828326624, -0.8288011115840455, -1.5851014296161097, -4.240149398843283, -1.6127565542804163, 1.1273150444030762, '1.25', 4.211397171020508, 4.134826183319092, 2.5157580375671387, 2.0503973960876465, 'C', '7.5', 70.8, 0.0, 'CW', 'N/a'], [1, 2, 1, 1.9831531683551233, -0.8276774448207398, -1.5909856001483362, -4.238685031930441, -1.6068137327777308, 1.1182260513305664, '1.25', 1.3391971588134766, 1.3220280408859253, 1.6207071542739868, 1.6053197383880615, 'R', '7.5', 46.3, 0.0, 'CW', 'N/a']]
2025-01-13 08:56:14,130 - INFO - Diameter W1 changed to: 1.3391971588134766 
2025-01-13 08:56:14,130 - INFO - Diameter W2 changed to: 1.3220280408859253 
2025-01-13 08:56:14,131 - INFO - Diameter Mean changed to: 1.6207071542739868 
2025-01-13 08:56:14,131 - INFO - Diameter Median changed to: 1.6053197383880615 
2025-01-13 08:56:16,216 - INFO - Trial Number changed to: 2
2025-01-13 08:56:17,259 - INFO - Controller change requested : Switching to Forward
2025-01-13 08:56:17,541 - INFO - Controller change requested : Switching to Joints
2025-01-13 08:56:31,668 - INFO - Start Requested
2025-01-13 08:56:50,230 - INFO - The angle correction has changed: angle added:0.0 angle direction: CW 
2025-01-13 08:57:18,730 - INFO - Diameter W1 changed to: 1.315507173538208 
2025-01-13 08:57:18,730 - INFO - Diameter W2 changed to: 1.2557114362716675 
2025-01-13 08:57:18,731 - INFO - Diameter Mean changed to: 1.1762161254882812 
2025-01-13 08:57:18,731 - INFO - Diameter Median changed to: 1.0934085845947266 
2025-01-13 08:57:18,731 - INFO - Total time changed to: 45.7
2025-01-13 08:57:27,364 - INFO - Hit position changed to: C 
2025-01-13 08:57:30,263 - INFO - Hit position changed to:  
2025-01-13 08:57:30,263 - INFO - Save Requested. Saved Values : [[1, 1, 1, 1.9910057226764124, -0.8348855537227173, -1.5871146360980433, -4.2455274067320765, -1.6094616095172327, 1.091306209564209, '1.25', 1.3117179870605469, 1.301470160484314, 1.1719753742218018, 1.3168418407440186, 'R', '9.0', 53.2, 0.0, 'CW', 'N/a'], [1, 1, 2, 1.9909217993365687, -0.8348615926555176, -1.5882895628558558, -4.246319671670431, -1.607640568410055, 1.0880694389343262, '1.25', 1.3110318183898926, 1.2803044319152832, 1.0076606273651123, 0.9320616722106934, 'R', '9.0', 49.5, 0.0, 'CW', 'N/a'], [1, 1, 3, 1.9859512487994593, -0.8350289624980469, -1.5787137190448206, -4.243438621560568, -1.6187709013568323, 1.1504154205322266, '1.25', 1.2997406721115112, 1.2690380811691284, 1.2833659648895264, 1.2895065546035767, 'C', '9.0', 51.0, 0.0, 'CW', 'N/a'], [1, 1, 4, 1.9878719488727015, -0.8304028075984498, -1.5832799116717737, -4.2426704368987025, -1.6156557242022913, 1.1450486183166504, '1.25', 1.5070812702178955, 1.4565645456314087, 0.925324559211731, 0.6146197319030762, 'C', '7.5', 44.4, 0.0, 'CW', 'Forgot to hit yes right away on first popup, bad video '], [1, 1, 5, 1.9873560110675257, -0.8294944328120728, -1.5869467894183558, -4.24074973682546, -1.6108277479754847, 1.119978904724121, '1.25', 1.3437765836715698, 1.2587274312973022, 1.224707841873169, 1.2162028551101685, 'C', '7.5', 47.1, 0.0, 'CW', ''], [1, 1, 6, 1.9850385824786585, -0.8306419414332886, -1.5823214689837855, -4.24077381710195, -1.6155837217914026, 1.175675868988037, '1.25', 4.225220203399658, 4.225220203399658, 2.4483413696289062, 1.9432625770568848, 'C', '7.5', 48.2, 0.0, 'CW', 'Bad video'], [1, 1, 7, 2.1034162680255335, -0.8731909555247803, -1.5581496397601526, -4.3032571278014125, -1.640869442616598, 1.5848479270935059, '1.25', 4.225220203399658, 4.225220203399658, 2.4483413696289062, 1.9432625770568848, '', '7.5', 48.2, 0.0, 'CW', ''], [1, 1, 8, 1.9852073828326624, -0.8288011115840455, -1.5851014296161097, -4.240149398843283, -1.6127565542804163, 1.1273150444030762, '1.25', 4.211397171020508, 4.134826183319092, 2.5157580375671387, 2.0503973960876465, 'C', '7.5', 70.8, 0.0, 'CW', 'N/a'], [1, 2, 1, 1.9831531683551233, -0.8276774448207398, -1.5909856001483362, -4.238685031930441, -1.6068137327777308, 1.1182260513305664, '1.25', 1.3391971588134766, 1.3220280408859253, 1.6207071542739868, 1.6053197383880615, 'R', '7.5', 46.3, 0.0, 'CW', 'N/a'], [1, 2, 2, 1.9799354712115687, -0.8277850908092041, -1.5832322279559534, -4.238036771813864, -1.614697281514303, 1.133798599243164, '1.25', 1.315507173538208, 1.2557114362716675, 1.1762161254882812, 1.0934085845947266, 'C', '7.5', 45.7, 0.0, 'CW', 'N/a']]
2025-01-13 08:57:30,330 - INFO - Diameter W1 changed to: 1.315507173538208 
2025-01-13 08:57:30,330 - INFO - Diameter W2 changed to: 1.2557114362716675 
2025-01-13 08:57:30,331 - INFO - Diameter Mean changed to: 1.1762161254882812 
2025-01-13 08:57:30,331 - INFO - Diameter Median changed to: 1.0934085845947266 
2025-01-13 08:57:31,150 - INFO - Trial Number changed to: 3
2025-01-13 08:57:32,024 - INFO - Controller change requested : Switching to Forward
2025-01-13 08:57:32,165 - INFO - Controller change requested : Switching to Joints
2025-01-13 08:57:40,668 - INFO - Start Requested
2025-01-13 08:57:58,430 - INFO - The angle correction has changed: angle added:0.0 angle direction: CW 
2025-01-13 08:58:26,930 - INFO - Diameter W1 changed to: 1.2646888494491577 
2025-01-13 08:58:26,930 - INFO - Diameter W2 changed to: 1.204872488975525 
2025-01-13 08:58:26,930 - INFO - Diameter Mean changed to: 0.8761876225471497 
2025-01-13 08:58:26,930 - INFO - Diameter Median changed to: 0.9784247875213623 
2025-01-13 08:58:26,930 - INFO - Total time changed to: 45.2
2025-01-13 08:58:35,702 - INFO - Hit position changed to: C 
2025-01-13 08:58:39,215 - INFO - Hit position changed to:  
2025-01-13 08:58:39,215 - INFO - Save Requested. Saved Values : [[1, 1, 1, 1.9910057226764124, -0.8348855537227173, -1.5871146360980433, -4.2455274067320765, -1.6094616095172327, 1.091306209564209, '1.25', 1.3117179870605469, 1.301470160484314, 1.1719753742218018, 1.3168418407440186, 'R', '9.0', 53.2, 0.0, 'CW', 'N/a'], [1, 1, 2, 1.9909217993365687, -0.8348615926555176, -1.5882895628558558, -4.246319671670431, -1.607640568410055, 1.0880694389343262, '1.25', 1.3110318183898926, 1.2803044319152832, 1.0076606273651123, 0.9320616722106934, 'R', '9.0', 49.5, 0.0, 'CW', 'N/a'], [1, 1, 3, 1.9859512487994593, -0.8350289624980469, -1.5787137190448206, -4.243438621560568, -1.6187709013568323, 1.1504154205322266, '1.25', 1.2997406721115112, 1.2690380811691284, 1.2833659648895264, 1.2895065546035767, 'C', '9.0', 51.0, 0.0, 'CW', 'N/a'], [1, 1, 4, 1.9878719488727015, -0.8304028075984498, -1.5832799116717737, -4.2426704368987025, -1.6156557242022913, 1.1450486183166504, '1.25', 1.5070812702178955, 1.4565645456314087, 0.925324559211731, 0.6146197319030762, 'C', '7.5', 44.4, 0.0, 'CW', 'Forgot to hit yes right away on first popup, bad video '], [1, 1, 5, 1.9873560110675257, -0.8294944328120728, -1.5869467894183558, -4.24074973682546, -1.6108277479754847, 1.119978904724121, '1.25', 1.3437765836715698, 1.2587274312973022, 1.224707841873169, 1.2162028551101685, 'C', '7.5', 47.1, 0.0, 'CW', ''], [1, 1, 6, 1.9850385824786585, -0.8306419414332886, -1.5823214689837855, -4.24077381710195, -1.6155837217914026, 1.175675868988037, '1.25', 4.225220203399658, 4.225220203399658, 2.4483413696289062, 1.9432625770568848, 'C', '7.5', 48.2, 0.0, 'CW', 'Bad video'], [1, 1, 7, 2.1034162680255335, -0.8731909555247803, -1.5581496397601526, -4.3032571278014125, -1.640869442616598, 1.5848479270935059, '1.25', 4.225220203399658, 4.225220203399658, 2.4483413696289062, 1.9432625770568848, '', '7.5', 48.2, 0.0, 'CW', ''], [1, 1, 8, 1.9852073828326624, -0.8288011115840455, -1.5851014296161097, -4.240149398843283, -1.6127565542804163, 1.1273150444030762, '1.25', 4.211397171020508, 4.134826183319092, 2.5157580375671387, 2.0503973960876465, 'C', '7.5', 70.8, 0.0, 'CW', 'N/a'], [1, 2, 1, 1.9831531683551233, -0.8276774448207398, -1.5909856001483362, -4.238685031930441, -1.6068137327777308, 1.1182260513305664, '1.25', 1.3391971588134766, 1.3220280408859253, 1.6207071542739868, 1.6053197383880615, 'R', '7.5', 46.3, 0.0, 'CW', 'N/a'], [1, 2, 2, 1.9799354712115687, -0.8277850908092041, -1.5832322279559534, -4.238036771813864, -1.614697281514303, 1.133798599243164, '1.25', 1.315507173538208, 1.2557114362716675, 1.1762161254882812, 1.0934085845947266, 'C', '7.5', 45.7, 0.0, 'CW', 'N/a'], [1, 2, 3, 1.9846180121051233, -0.8281079095653077, -1.5875466505633753, -4.239369293252462, -1.6104801336871546, 1.119762897491455, '1.25', 1.2646888494491577, 1.204872488975525, 0.8761876225471497, 0.9784247875213623, 'C', '7.5', 45.2, 0.0, 'CW', 'N/a']]
2025-01-13 08:58:39,230 - INFO - Diameter W1 changed to: 1.2646888494491577 
2025-01-13 08:58:39,230 - INFO - Diameter W2 changed to: 1.204872488975525 
2025-01-13 08:58:39,230 - INFO - Diameter Mean changed to: 0.8761876225471497 
2025-01-13 08:58:39,230 - INFO - Diameter Median changed to: 0.9784247875213623 
2025-01-13 08:58:40,159 - INFO - Trial Number changed to: 4
2025-01-13 08:58:41,251 - INFO - Controller change requested : Switching to Forward
2025-01-13 08:58:41,456 - INFO - Controller change requested : Switching to Joints
2025-01-13 09:01:21,826 - INFO - Distance to tree changed to: 7. 
2025-01-13 09:01:21,982 - INFO - Distance to tree changed to: 7 
2025-01-13 09:01:22,271 - INFO - Distance to tree changed to:  
2025-01-13 09:01:22,847 - INFO - Distance to tree changed to: 9 
2025-01-13 09:01:23,317 - INFO - Distance to tree changed to: 9. 
2025-01-13 09:01:23,614 - INFO - Distance to tree changed to: 9.0 
2025-01-13 09:01:29,181 - INFO - Measured Diameter changed to: 1.2
2025-01-13 09:01:29,322 - INFO - Measured Diameter changed to: 1.
2025-01-13 09:01:29,915 - INFO - Measured Diameter changed to: 1.0
2025-01-13 09:01:31,441 - INFO - Trial Number changed to: 1
2025-01-13 09:01:31,442 - INFO - Branch Number changed to: 3
2025-01-13 09:01:36,218 - INFO - Start Requested
2025-01-13 09:01:55,229 - INFO - The angle correction has changed: angle added:0.0 angle direction: CW 
2025-01-13 09:02:27,630 - INFO - Diameter W1 changed to: 1.0008105039596558 
2025-01-13 09:02:27,630 - INFO - Diameter W2 changed to: 0.9803857803344727 
2025-01-13 09:02:27,630 - INFO - Diameter Mean changed to: 1.0171502828598022 
2025-01-13 09:02:27,630 - INFO - Diameter Median changed to: 1.0110228061676025 
2025-01-13 09:02:27,630 - INFO - Total time changed to: 49.7
2025-01-13 09:02:35,384 - INFO - Hit position changed to: C 
2025-01-13 09:02:38,431 - INFO - Hit position changed to:  
2025-01-13 09:02:38,431 - INFO - Save Requested. Saved Values : [[1, 1, 1, 1.9910057226764124, -0.8348855537227173, -1.5871146360980433, -4.2455274067320765, -1.6094616095172327, 1.091306209564209, '1.25', 1.3117179870605469, 1.301470160484314, 1.1719753742218018, 1.3168418407440186, 'R', '9.0', 53.2, 0.0, 'CW', 'N/a'], [1, 1, 2, 1.9909217993365687, -0.8348615926555176, -1.5882895628558558, -4.246319671670431, -1.607640568410055, 1.0880694389343262, '1.25', 1.3110318183898926, 1.2803044319152832, 1.0076606273651123, 0.9320616722106934, 'R', '9.0', 49.5, 0.0, 'CW', 'N/a'], [1, 1, 3, 1.9859512487994593, -0.8350289624980469, -1.5787137190448206, -4.243438621560568, -1.6187709013568323, 1.1504154205322266, '1.25', 1.2997406721115112, 1.2690380811691284, 1.2833659648895264, 1.2895065546035767, 'C', '9.0', 51.0, 0.0, 'CW', 'N/a'], [1, 1, 4, 1.9878719488727015, -0.8304028075984498, -1.5832799116717737, -4.2426704368987025, -1.6156557242022913, 1.1450486183166504, '1.25', 1.5070812702178955, 1.4565645456314087, 0.925324559211731, 0.6146197319030762, 'C', '7.5', 44.4, 0.0, 'CW', 'Forgot to hit yes right away on first popup, bad video '], [1, 1, 5, 1.9873560110675257, -0.8294944328120728, -1.5869467894183558, -4.24074973682546, -1.6108277479754847, 1.119978904724121, '1.25', 1.3437765836715698, 1.2587274312973022, 1.224707841873169, 1.2162028551101685, 'C', '7.5', 47.1, 0.0, 'CW', ''], [1, 1, 6, 1.9850385824786585, -0.8306419414332886, -1.5823214689837855, -4.24077381710195, -1.6155837217914026, 1.175675868988037, '1.25', 4.225220203399658, 4.225220203399658, 2.4483413696289062, 1.9432625770568848, 'C', '7.5', 48.2, 0.0, 'CW', 'Bad video'], [1, 1, 7, 2.1034162680255335, -0.8731909555247803, -1.5581496397601526, -4.3032571278014125, -1.640869442616598, 1.5848479270935059, '1.25', 4.225220203399658, 4.225220203399658, 2.4483413696289062, 1.9432625770568848, '', '7.5', 48.2, 0.0, 'CW', ''], [1, 1, 8, 1.9852073828326624, -0.8288011115840455, -1.5851014296161097, -4.240149398843283, -1.6127565542804163, 1.1273150444030762, '1.25', 4.211397171020508, 4.134826183319092, 2.5157580375671387, 2.0503973960876465, 'C', '7.5', 70.8, 0.0, 'CW', 'N/a'], [1, 2, 1, 1.9831531683551233, -0.8276774448207398, -1.5909856001483362, -4.238685031930441, -1.6068137327777308, 1.1182260513305664, '1.25', 1.3391971588134766, 1.3220280408859253, 1.6207071542739868, 1.6053197383880615, 'R', '7.5', 46.3, 0.0, 'CW', 'N/a'], [1, 2, 2, 1.9799354712115687, -0.8277850908092041, -1.5832322279559534, -4.238036771813864, -1.614697281514303, 1.133798599243164, '1.25', 1.315507173538208, 1.2557114362716675, 1.1762161254882812, 1.0934085845947266, 'C', '7.5', 45.7, 0.0, 'CW', 'N/a'], [1, 2, 3, 1.9846180121051233, -0.8281079095653077, -1.5875466505633753, -4.239369293252462, -1.6104801336871546, 1.119762897491455, '1.25', 1.2646888494491577, 1.204872488975525, 0.8761876225471497, 0.9784247875213623, 'C', '7.5', 45.2, 0.0, 'CW', 'N/a'], [1, 3, 1, 1.980583969746725, -0.82900424421344, -1.5728305021869105, -4.238096853295797, -1.6237147490130823, 1.1311450004577637, '1.0', 1.0008105039596558, 0.9803857803344727, 1.0171502828598022, 1.0110228061676025, 'C', '9.0', 49.7, 0.0, 'CW', 'N/a']]
2025-01-13 09:02:38,530 - INFO - Diameter W1 changed to: 1.0008105039596558 
2025-01-13 09:02:38,530 - INFO - Diameter W2 changed to: 0.9803857803344727 
2025-01-13 09:02:38,530 - INFO - Diameter Mean changed to: 1.0171502828598022 
2025-01-13 09:02:38,530 - INFO - Diameter Median changed to: 1.0110228061676025 
2025-01-13 09:02:39,847 - INFO - Trial Number changed to: 2
2025-01-13 09:02:40,911 - INFO - Controller change requested : Switching to Forward
2025-01-13 09:02:41,213 - INFO - Controller change requested : Switching to Joints
2025-01-13 09:02:49,377 - INFO - Start Requested
2025-01-13 09:03:08,231 - INFO - The angle correction has changed: angle added:0.0 angle direction: CW 
2025-01-13 09:03:26,693 - INFO - Note changed to: B 
2025-01-13 09:03:26,869 - INFO - Note changed to: Ba 
2025-01-13 09:03:27,019 - INFO - Note changed to: Bad 
2025-01-13 09:03:27,136 - INFO - Note changed to: Bad  
2025-01-13 09:03:27,295 - INFO - Note changed to: Bad v 
2025-01-13 09:03:27,397 - INFO - Note changed to: Bad vi 
2025-01-13 09:03:27,530 - INFO - Note changed to: Bad vid 
2025-01-13 09:03:27,729 - INFO - Note changed to: Bad vide 
2025-01-13 09:03:27,798 - INFO - Note changed to: Bad video 
2025-01-13 09:03:53,030 - INFO - Diameter W1 changed to: 0.6827797889709473 
2025-01-13 09:03:53,030 - INFO - Diameter W2 changed to: 0.6827797889709473 
2025-01-13 09:03:53,030 - INFO - Diameter Mean changed to: 1.5230727195739746 
2025-01-13 09:03:53,030 - INFO - Diameter Median changed to: 1.7172945737838745 
2025-01-13 09:03:53,031 - INFO - Total time changed to: 62.0
2025-01-13 09:07:11,340 - INFO - Controller change requested : Switching to Forward
2025-01-13 09:07:16,780 - INFO - Controller change requested : Switching to Joints
2025-01-13 09:07:35,320 - INFO - Start Requested
2025-01-13 09:07:53,630 - INFO - The angle correction has changed: angle added:0.0 angle direction: CW 
2025-01-13 09:08:26,330 - INFO - Diameter W1 changed to: 1.0718905925750732 
2025-01-13 09:08:26,330 - INFO - Diameter W2 changed to: 1.0198571681976318 
2025-01-13 09:08:26,330 - INFO - Diameter Mean changed to: 1.0427517890930176 
2025-01-13 09:08:26,331 - INFO - Diameter Median changed to: 1.0406705141067505 
2025-01-13 09:08:26,331 - INFO - Total time changed to: 49.89
2025-01-13 09:08:34,328 - INFO - Hit position changed to: ? 
2025-01-13 09:08:34,368 - INFO - Hit position changed to: ?R 
2025-01-13 09:08:35,046 - INFO - Hit position changed to: ? 
2025-01-13 09:08:35,179 - INFO - Hit position changed to:  
2025-01-13 09:08:35,767 - INFO - Hit position changed to: R 
2025-01-13 09:08:36,964 - INFO - Note changed to:  
2025-01-13 09:08:36,964 - INFO - Hit position changed to:  
2025-01-13 09:08:36,964 - INFO - Save Requested. Saved Values : [[1, 1, 1, 1.9910057226764124, -0.8348855537227173, -1.5871146360980433, -4.2455274067320765, -1.6094616095172327, 1.091306209564209, '1.25', 1.3117179870605469, 1.301470160484314, 1.1719753742218018, 1.3168418407440186, 'R', '9.0', 53.2, 0.0, 'CW', 'N/a'], [1, 1, 2, 1.9909217993365687, -0.8348615926555176, -1.5882895628558558, -4.246319671670431, -1.607640568410055, 1.0880694389343262, '1.25', 1.3110318183898926, 1.2803044319152832, 1.0076606273651123, 0.9320616722106934, 'R', '9.0', 49.5, 0.0, 'CW', 'N/a'], [1, 1, 3, 1.9859512487994593, -0.8350289624980469, -1.5787137190448206, -4.243438621560568, -1.6187709013568323, 1.1504154205322266, '1.25', 1.2997406721115112, 1.2690380811691284, 1.2833659648895264, 1.2895065546035767, 'C', '9.0', 51.0, 0.0, 'CW', 'N/a'], [1, 1, 4, 1.9878719488727015, -0.8304028075984498, -1.5832799116717737, -4.2426704368987025, -1.6156557242022913, 1.1450486183166504, '1.25', 1.5070812702178955, 1.4565645456314087, 0.925324559211731, 0.6146197319030762, 'C', '7.5', 44.4, 0.0, 'CW', 'Forgot to hit yes right away on first popup, bad video '], [1, 1, 5, 1.9873560110675257, -0.8294944328120728, -1.5869467894183558, -4.24074973682546, -1.6108277479754847, 1.119978904724121, '1.25', 1.3437765836715698, 1.2587274312973022, 1.224707841873169, 1.2162028551101685, 'C', '7.5', 47.1, 0.0, 'CW', ''], [1, 1, 6, 1.9850385824786585, -0.8306419414332886, -1.5823214689837855, -4.24077381710195, -1.6155837217914026, 1.175675868988037, '1.25', 4.225220203399658, 4.225220203399658, 2.4483413696289062, 1.9432625770568848, 'C', '7.5', 48.2, 0.0, 'CW', 'Bad video'], [1, 1, 7, 2.1034162680255335, -0.8731909555247803, -1.5581496397601526, -4.3032571278014125, -1.640869442616598, 1.5848479270935059, '1.25', 4.225220203399658, 4.225220203399658, 2.4483413696289062, 1.9432625770568848, '', '7.5', 48.2, 0.0, 'CW', ''], [1, 1, 8, 1.9852073828326624, -0.8288011115840455, -1.5851014296161097, -4.240149398843283, -1.6127565542804163, 1.1273150444030762, '1.25', 4.211397171020508, 4.134826183319092, 2.5157580375671387, 2.0503973960876465, 'C', '7.5', 70.8, 0.0, 'CW', 'N/a'], [1, 2, 1, 1.9831531683551233, -0.8276774448207398, -1.5909856001483362, -4.238685031930441, -1.6068137327777308, 1.1182260513305664, '1.25', 1.3391971588134766, 1.3220280408859253, 1.6207071542739868, 1.6053197383880615, 'R', '7.5', 46.3, 0.0, 'CW', 'N/a'], [1, 2, 2, 1.9799354712115687, -0.8277850908092041, -1.5832322279559534, -4.238036771813864, -1.614697281514303, 1.133798599243164, '1.25', 1.315507173538208, 1.2557114362716675, 1.1762161254882812, 1.0934085845947266, 'C', '7.5', 45.7, 0.0, 'CW', 'N/a'], [1, 2, 3, 1.9846180121051233, -0.8281079095653077, -1.5875466505633753, -4.239369293252462, -1.6104801336871546, 1.119762897491455, '1.25', 1.2646888494491577, 1.204872488975525, 0.8761876225471497, 0.9784247875213623, 'C', '7.5', 45.2, 0.0, 'CW', 'N/a'], [1, 3, 1, 1.980583969746725, -0.82900424421344, -1.5728305021869105, -4.238096853295797, -1.6237147490130823, 1.1311450004577637, '1.0', 1.0008105039596558, 0.9803857803344727, 1.0171502828598022, 1.0110228061676025, 'C', '9.0', 49.7, 0.0, 'CW', 'N/a'], [1, 3, 2, 1.9730671087848108, -0.8293151420405884, -1.5860121885882776, -4.234087129632467, -1.6101325193988245, 1.088620662689209, '1.0', 1.0718905925750732, 1.0198571681976318, 1.0427517890930176, 1.0406705141067505, 'R', '9.0', 49.89, 0.0, 'CW', 'Bad video']]
2025-01-13 09:08:37,030 - INFO - Diameter W1 changed to: 1.0718905925750732 
2025-01-13 09:08:37,031 - INFO - Diameter W2 changed to: 1.0198571681976318 
2025-01-13 09:08:37,031 - INFO - Diameter Mean changed to: 1.0427517890930176 
2025-01-13 09:08:37,031 - INFO - Diameter Median changed to: 1.0406705141067505 
2025-01-13 09:08:41,341 - INFO - Exit Requested. Saved Values : [[1, 1, 1, 1.9910057226764124, -0.8348855537227173, -1.5871146360980433, -4.2455274067320765, -1.6094616095172327, 1.091306209564209, '1.25', 1.3117179870605469, 1.301470160484314, 1.1719753742218018, 1.3168418407440186, 'R', '9.0', 53.2, 0.0, 'CW', 'N/a'], [1, 1, 2, 1.9909217993365687, -0.8348615926555176, -1.5882895628558558, -4.246319671670431, -1.607640568410055, 1.0880694389343262, '1.25', 1.3110318183898926, 1.2803044319152832, 1.0076606273651123, 0.9320616722106934, 'R', '9.0', 49.5, 0.0, 'CW', 'N/a'], [1, 1, 3, 1.9859512487994593, -0.8350289624980469, -1.5787137190448206, -4.243438621560568, -1.6187709013568323, 1.1504154205322266, '1.25', 1.2997406721115112, 1.2690380811691284, 1.2833659648895264, 1.2895065546035767, 'C', '9.0', 51.0, 0.0, 'CW', 'N/a'], [1, 1, 4, 1.9878719488727015, -0.8304028075984498, -1.5832799116717737, -4.2426704368987025, -1.6156557242022913, 1.1450486183166504, '1.25', 1.5070812702178955, 1.4565645456314087, 0.925324559211731, 0.6146197319030762, 'C', '7.5', 44.4, 0.0, 'CW', 'Forgot to hit yes right away on first popup, bad video '], [1, 1, 5, 1.9873560110675257, -0.8294944328120728, -1.5869467894183558, -4.24074973682546, -1.6108277479754847, 1.119978904724121, '1.25', 1.3437765836715698, 1.2587274312973022, 1.224707841873169, 1.2162028551101685, 'C', '7.5', 47.1, 0.0, 'CW', ''], [1, 1, 6, 1.9850385824786585, -0.8306419414332886, -1.5823214689837855, -4.24077381710195, -1.6155837217914026, 1.175675868988037, '1.25', 4.225220203399658, 4.225220203399658, 2.4483413696289062, 1.9432625770568848, 'C', '7.5', 48.2, 0.0, 'CW', 'Bad video'], [1, 1, 7, 2.1034162680255335, -0.8731909555247803, -1.5581496397601526, -4.3032571278014125, -1.640869442616598, 1.5848479270935059, '1.25', 4.225220203399658, 4.225220203399658, 2.4483413696289062, 1.9432625770568848, '', '7.5', 48.2, 0.0, 'CW', ''], [1, 1, 8, 1.9852073828326624, -0.8288011115840455, -1.5851014296161097, -4.240149398843283, -1.6127565542804163, 1.1273150444030762, '1.25', 4.211397171020508, 4.134826183319092, 2.5157580375671387, 2.0503973960876465, 'C', '7.5', 70.8, 0.0, 'CW', 'N/a'], [1, 2, 1, 1.9831531683551233, -0.8276774448207398, -1.5909856001483362, -4.238685031930441, -1.6068137327777308, 1.1182260513305664, '1.25', 1.3391971588134766, 1.3220280408859253, 1.6207071542739868, 1.6053197383880615, 'R', '7.5', 46.3, 0.0, 'CW', 'N/a'], [1, 2, 2, 1.9799354712115687, -0.8277850908092041, -1.5832322279559534, -4.238036771813864, -1.614697281514303, 1.133798599243164, '1.25', 1.315507173538208, 1.2557114362716675, 1.1762161254882812, 1.0934085845947266, 'C', '7.5', 45.7, 0.0, 'CW', 'N/a'], [1, 2, 3, 1.9846180121051233, -0.8281079095653077, -1.5875466505633753, -4.239369293252462, -1.6104801336871546, 1.119762897491455, '1.25', 1.2646888494491577, 1.204872488975525, 0.8761876225471497, 0.9784247875213623, 'C', '7.5', 45.2, 0.0, 'CW', 'N/a'], [1, 3, 1, 1.980583969746725, -0.82900424421344, -1.5728305021869105, -4.238096853295797, -1.6237147490130823, 1.1311450004577637, '1.0', 1.0008105039596558, 0.9803857803344727, 1.0171502828598022, 1.0110228061676025, 'C', '9.0', 49.7, 0.0, 'CW', 'N/a'], [1, 3, 2, 1.9730671087848108, -0.8293151420405884, -1.5860121885882776, -4.234087129632467, -1.6101325193988245, 1.088620662689209, '1.0', 1.0718905925750732, 1.0198571681976318, 1.0427517890930176, 1.0406705141067505, 'R', '9.0', 49.89, 0.0, 'CW', 'Bad video']]
2025-01-13 09:08:41,342 - INFO - After Exit Request values were saved to: /home/ryan/ros2_ws_groundtruth/src/Ground_Truth_Ros/ground_truth/csv_files/UFO_Tree_1_2025_01_13_09_08_41.csv and /home/ryan/ros2_ws_groundtruth/src/Ground_Truth_Ros/ground_truth/json_files/UFO_Tree_1_2025_01_13_09_08_41.json
