2024-11-21 10:08:51,222 - INFO - File name changed to: UFO_Tree_0
2024-11-21 10:08:51,223 - INFO - Trial Number changed to: 1
2024-11-21 10:08:51,223 - INFO - Branch Number changed to: 1
2024-11-21 10:08:51,223 - INFO - File name changed to: UFO_Tree_1
2024-11-21 10:08:51,223 - INFO - File name changed to: UFO_Tree_1
2024-11-21 10:08:51,223 - INFO - Tree Number changed to: 1
2024-11-21 10:17:15,333 - INFO - Start Requested
2024-11-21 10:17:35,469 - INFO - The angle correction has changed: angle added:0.0 angle direction: CW 
2024-11-21 10:17:53,324 - INFO - Controller change requested : Switching to Forward
2024-11-21 10:17:53,493 - INFO - Controller change requested : Switching to Joints
2024-11-21 10:18:46,092 - INFO - Start Requested
2024-11-21 10:19:04,770 - INFO - The angle correction has changed: angle added:0.0 angle direction: CW 
2024-11-21 10:20:14,632 - INFO - Controller change requested : Switching to Forward
2024-11-21 10:20:14,780 - INFO - Controller change requested : Switching to Joints
2024-11-21 10:20:23,048 - INFO - Start Requested
2024-11-21 10:20:41,670 - INFO - The angle correction has changed: angle added:0.0 angle direction: CW 
2024-11-21 10:22:07,978 - INFO - Controller change requested : Switching to Forward
2024-11-21 10:22:08,309 - INFO - Controller change requested : Switching to Joints
2024-11-21 10:22:12,866 - INFO - Start Requested
2024-11-21 10:22:31,069 - INFO - The angle correction has changed: angle added:0.0 angle direction: CW 
2024-11-21 10:29:16,066 - INFO - Controller change requested : Switching to Forward
2024-11-21 10:29:16,460 - INFO - Controller change requested : Switching to Joints
2024-11-21 10:29:22,001 - INFO - Start Requested
2024-11-21 10:29:41,269 - INFO - The angle correction has changed: angle added:0.0 angle direction: CW 
2024-11-21 10:31:56,072 - INFO - Controller change requested : Switching to Forward
2024-11-21 10:31:56,206 - INFO - Controller change requested : Switching to Joints
2024-11-21 10:32:01,087 - INFO - Start Requested
2024-11-21 10:32:20,569 - INFO - The angle correction has changed: angle added:0.0 angle direction: CW 
2024-11-21 10:33:39,508 - INFO - Controller change requested : Switching to Forward
2024-11-21 10:33:39,705 - INFO - Controller change requested : Switching to Joints
2024-11-21 10:33:48,255 - INFO - Start Requested
2024-11-21 10:34:08,369 - INFO - The angle correction has changed: angle added:0.0 angle direction: CW 
2024-11-21 10:34:37,469 - INFO - Diameter W1 changed to: 0.571709156036377 
2024-11-21 10:34:37,469 - INFO - Diameter W2 changed to: 0.5072911977767944 
2024-11-21 10:34:37,469 - INFO - Diameter Mean changed to: 0.5443314909934998 
2024-11-21 10:34:37,470 - INFO - Diameter Median changed to: 0.5556046366691589 
2024-11-21 10:34:37,470 - INFO - Total time changed to: 46.27
2024-11-21 10:36:16,442 - INFO - Controller change requested : Switching to Forward
2024-11-21 10:36:16,590 - INFO - Controller change requested : Switching to Joints
2024-11-21 10:36:57,444 - INFO - Start Requested
2024-11-21 10:37:22,569 - INFO - The angle correction has changed: angle added:0.08726650000000001 angle direction: CW 
2024-11-21 10:39:08,390 - INFO - Controller change requested : Switching to Forward
2024-11-21 10:39:08,686 - INFO - Controller change requested : Switching to Joints
2024-11-21 10:39:14,154 - INFO - Start Requested
2024-11-21 10:39:46,370 - INFO - The angle correction has changed: angle added:0.0 angle direction: CW 
2024-11-21 10:40:47,100 - INFO - Controller change requested : Switching to Forward
2024-11-21 10:40:47,283 - INFO - Controller change requested : Switching to Joints
2024-11-21 10:40:52,385 - INFO - Start Requested
2024-11-21 10:41:22,670 - INFO - The angle correction has changed: angle added:0.0 angle direction: CW 
2024-11-21 10:41:55,470 - INFO - Diameter W1 changed to: 0.5792917609214783 
2024-11-21 10:41:55,470 - INFO - Diameter W2 changed to: 0.5229716897010803 
2024-11-21 10:41:55,470 - INFO - Diameter Mean changed to: 0.55515456199646 
2024-11-21 10:41:55,470 - INFO - Total time changed to: 57.07
2024-11-21 10:42:09,414 - INFO - Controller change requested : Switching to Forward
2024-11-21 10:42:09,591 - INFO - Controller change requested : Switching to Joints
2024-11-21 10:42:44,673 - INFO - Start Requested
2024-11-21 10:43:04,469 - INFO - The angle correction has changed: angle added:0.0 angle direction: CW 
2024-11-21 10:47:14,791 - INFO - Controller change requested : Switching to Forward
2024-11-21 10:47:15,242 - INFO - Controller change requested : Switching to Joints
2024-11-21 10:47:20,469 - INFO - Start Requested
2024-11-21 10:47:40,169 - INFO - The angle correction has changed: angle added:0.0 angle direction: CW 
2024-11-21 10:50:19,378 - INFO - Controller change requested : Switching to Forward
2024-11-21 10:50:19,603 - INFO - Controller change requested : Switching to Joints
2024-11-21 10:50:25,247 - INFO - Start Requested
2024-11-21 10:50:49,669 - INFO - The angle correction has changed: angle added:0.0 angle direction: CW 
2024-11-21 10:51:19,569 - INFO - Diameter W1 changed to: 0.5679004788398743 
2024-11-21 10:51:19,569 - INFO - Diameter Mean changed to: 0.5263078212738037 
2024-11-21 10:51:19,569 - INFO - Diameter Median changed to: 0.5199089050292969 
2024-11-21 10:51:19,570 - INFO - Total time changed to: 52.17
