2025-01-11 09:49:04,162 - INFO - File name changed to: UFO_Tree_0
2025-01-11 09:49:04,163 - INFO - Trial Number changed to: 1
2025-01-11 09:49:04,163 - INFO - Branch Number changed to: 1
2025-01-11 09:49:04,163 - INFO - File name changed to: UFO_Tree_1
2025-01-11 09:49:04,163 - INFO - File name changed to: UFO_Tree_1
2025-01-11 09:49:04,163 - INFO - Tree Number changed to: 1
2025-01-11 09:49:31,768 - INFO - Start Requested
2025-01-11 09:50:32,546 - INFO - Start Requested
2025-01-11 09:51:17,309 - INFO - The angle correction has changed: angle added:0.0 angle direction: CW 
2025-01-11 09:52:12,409 - INFO - Diameter Mean changed to: 1.1310170888900757 
2025-01-11 09:52:12,409 - INFO - Diameter Median changed to: 0.883699357509613 
2025-01-11 09:52:12,409 - INFO - Total time changed to: 95.81
2025-01-11 09:53:26,228 - INFO - Measured Diameter changed to: 1
2025-01-11 09:53:26,336 - INFO - Measured Diameter changed to: 1.
2025-01-11 09:53:26,559 - INFO - Measured Diameter changed to: 1.2
2025-01-11 09:53:27,463 - INFO - Measured Diameter changed to: 1.25
2025-01-11 09:53:28,894 - INFO - Hit position changed to: L 
2025-01-11 09:53:30,922 - INFO - Distance to tree changed to: 7 
2025-01-11 09:53:31,154 - INFO - Distance to tree changed to: 7. 
2025-01-11 09:53:31,476 - INFO - Distance to tree changed to: 7.5 
2025-01-11 09:53:35,206 - INFO - Hit position changed to:  
2025-01-11 09:53:35,206 - INFO - Save Requested. Saved Values : [[1, 1, 1, 1.8309887091266077, -0.7183789771846314, -1.600926701222555, -4.20748557666921, -1.5527003447162073, 1.2287240028381348, '1.25', 0.0, 0.0, 1.1310170888900757, 0.883699357509613, 'L', '7.5', 95.81, 0.0, 'CW', 'N/a']]
2025-01-11 09:53:35,208 - INFO - Diameter Mean changed to: 1.1310170888900757 
2025-01-11 09:53:35,209 - INFO - Diameter Median changed to: 0.883699357509613 
2025-01-11 09:53:37,145 - INFO - Exit Requested. Saved Values : [[1, 1, 1, 1.8309887091266077, -0.7183789771846314, -1.600926701222555, -4.20748557666921, -1.5527003447162073, 1.2287240028381348, '1.25', 0.0, 0.0, 1.1310170888900757, 0.883699357509613, 'L', '7.5', 95.81, 0.0, 'CW', 'N/a']]
2025-01-11 09:53:37,145 - INFO - After Exit Request values were saved to: /home/ryan/ros2_ws_groundtruth/src/Ground_Truth_Ros/ground_truth/csv_files/UFO_Tree_1_2025_01_11_09_53_37.csv and /home/ryan/ros2_ws_groundtruth/src/Ground_Truth_Ros/ground_truth/csv_files/UFO_Tree_1_2025_01_11_09_53_37.json
