2025-01-11 10:19:16,532 - INFO - File name changed to: UFO_Tree_0
2025-01-11 10:19:16,532 - INFO - Trial Number changed to: 1
2025-01-11 10:19:16,533 - INFO - Branch Number changed to: 1
2025-01-11 10:19:16,533 - INFO - File name changed to: UFO_Tree_1
2025-01-11 10:19:16,533 - INFO - File name changed to: UFO_Tree_1
2025-01-11 10:19:16,533 - INFO - Tree Number changed to: 1
2025-01-11 10:19:22,916 - INFO - Controller change requested : Switching to Forward
2025-01-11 10:19:23,481 - INFO - Controller change requested : Switching to Joints
2025-01-11 10:19:52,577 - INFO - Start Requested
2025-01-11 10:20:39,508 - INFO - The angle correction has changed: angle added:0.0 angle direction: CW 
2025-01-11 10:21:20,209 - INFO - Diameter W1 changed to: 0.5455136895179749 
2025-01-11 10:21:20,209 - INFO - Diameter W2 changed to: 0.5455136895179749 
2025-01-11 10:21:20,209 - INFO - Diameter Mean changed to: 0.9985271692276001 
2025-01-11 10:21:20,209 - INFO - Diameter Median changed to: 0.9910165071487427 
2025-01-11 10:21:20,209 - INFO - Total time changed to: 83.45
2025-01-11 10:23:59,564 - INFO - Controller change requested : Switching to Forward
2025-01-11 10:24:00,093 - INFO - Controller change requested : Switching to Joints
2025-01-11 10:24:26,299 - INFO - Start Requested
2025-01-11 10:25:03,809 - INFO - The angle correction has changed: angle added:0.0 angle direction: CW 
2025-01-11 10:25:35,909 - INFO - Diameter W1 changed to: 0.5432732105255127 
2025-01-11 10:25:35,909 - INFO - Diameter W2 changed to: 0.5432732105255127 
2025-01-11 10:25:35,909 - INFO - Diameter Mean changed to: 0.5730656385421753 
2025-01-11 10:25:35,909 - INFO - Diameter Median changed to: 0.560798168182373 
2025-01-11 10:25:35,909 - INFO - Total time changed to: 68.11
2025-01-11 10:25:50,294 - INFO - Measured Diameter changed to: 1
2025-01-11 10:25:50,367 - INFO - Measured Diameter changed to: 1.
2025-01-11 10:25:50,501 - INFO - Measured Diameter changed to: 1.1
2025-01-11 10:25:50,865 - INFO - Measured Diameter changed to: 1.
2025-01-11 10:25:50,982 - INFO - Measured Diameter changed to: 1
2025-01-11 10:25:51,099 - INFO - Measured Diameter changed to: 
2025-01-11 10:25:51,445 - INFO - Measured Diameter changed to: 0
2025-01-11 10:25:51,661 - INFO - Measured Diameter changed to: 0.
2025-01-11 10:25:51,737 - INFO - Measured Diameter changed to: 0.5
2025-01-11 10:25:54,004 - INFO - Save Requested. Saved Values : [[1, 1, 1, 1.9505651632892054, -0.7732063096812745, -1.6133597532855433, -4.284649272958273, -1.5381105581866663, 1.1887850761413574, '0.5', 0.5432732105255127, 0.5432732105255127, 0.5730656385421753, 0.560798168182373, 'N/a', 'N/a', 68.11, 0.0, 'CW', 'N/a']]
2025-01-11 10:25:54,008 - INFO - Diameter W1 changed to: 0.5432732105255127 
2025-01-11 10:25:54,008 - INFO - Diameter W2 changed to: 0.5432732105255127 
2025-01-11 10:25:54,009 - INFO - Diameter Mean changed to: 0.5730656385421753 
2025-01-11 10:25:54,009 - INFO - Diameter Median changed to: 0.560798168182373 
2025-01-11 10:25:55,541 - INFO - Trying to create json file: /home/ryan/ros2_ws_groundtruth/src/Ground_Truth_Ros/ground_truth/csv_files/UFO_Tree_1_2025_01_11_10_25_55.json
2025-01-11 10:25:55,542 - INFO - Exit Requested. Saved Values : [[1, 1, 1, 1.9505651632892054, -0.7732063096812745, -1.6133597532855433, -4.284649272958273, -1.5381105581866663, 1.1887850761413574, '0.5', 0.5432732105255127, 0.5432732105255127, 0.5730656385421753, 0.560798168182373, 'N/a', 'N/a', 68.11, 0.0, 'CW', 'N/a']]
2025-01-11 10:25:55,542 - INFO - After Exit Request values were saved to: /home/ryan/ros2_ws_groundtruth/src/Ground_Truth_Ros/ground_truth/csv_files/UFO_Tree_1_2025_01_11_10_25_55.csv and /home/ryan/ros2_ws_groundtruth/src/Ground_Truth_Ros/ground_truth/csv_files/UFO_Tree_1_2025_01_11_10_25_55.json
