2024-11-21 09:11:00,633 - INFO - File name changed to: UFO_Tree_0
2024-11-21 09:11:00,633 - INFO - Trial Number changed to: 1
2024-11-21 09:11:00,633 - INFO - Branch Number changed to: 1
2024-11-21 09:11:00,633 - INFO - File name changed to: UFO_Tree_1
2024-11-21 09:11:00,633 - INFO - File name changed to: UFO_Tree_1
2024-11-21 09:11:00,633 - INFO - Tree Number changed to: 1
2024-11-21 09:11:31,592 - INFO - Set to Rotate to: 0 degrees (0.0 radians)
2024-11-21 09:11:32,846 - INFO - Set to Rotate to: 90 degrees (1.5708 radians)
2024-11-21 09:12:03,666 - INFO - Start Requested
2024-11-21 09:12:32,167 - INFO - Start Requested
2024-11-21 09:12:44,266 - INFO - Start Requested
2024-11-21 09:16:27,266 - INFO - Start Requested
2024-11-21 09:20:44,579 - INFO - Controller change requested : Switching to Forward
2024-11-21 09:20:44,925 - INFO - Controller change requested : Switching to Joints
2024-11-21 09:21:08,533 - INFO - Set to Rotate to: 0 degrees (0.0 radians)
2024-11-21 09:21:12,119 - INFO - Set to Rotate to: 90 degrees (1.5708 radians)
2024-11-21 09:22:33,547 - INFO - Start Requested
2024-11-21 09:24:04,761 - INFO - Controller change requested : Switching to Forward
2024-11-21 09:24:05,219 - INFO - Controller change requested : Switching to Joints
2024-11-21 09:24:14,614 - INFO - Start Requested
2024-11-21 09:24:36,669 - INFO - The angle correction has changed: angle added:0.0 angle direction: CW 
2024-11-21 09:33:38,990 - INFO - Controller change requested : Switching to Forward
2024-11-21 09:33:39,321 - INFO - Controller change requested : Switching to Joints
2024-11-21 09:33:46,281 - INFO - Start Requested
2024-11-21 09:34:07,069 - INFO - The angle correction has changed: angle added:0.0 angle direction: CW 
2024-11-21 09:37:20,929 - INFO - Controller change requested : Switching to Forward
2024-11-21 09:37:21,492 - INFO - Controller change requested : Switching to Joints
2024-11-21 09:37:29,304 - INFO - Start Requested
2024-11-21 09:37:51,369 - INFO - The angle correction has changed: angle added:0.0 angle direction: CW 
2024-11-21 09:38:35,370 - INFO - Diameter W1 changed to: 0.6084142327308655 
2024-11-21 09:38:35,370 - INFO - Diameter W2 changed to: 0.5998449921607971 
2024-11-21 09:38:35,370 - INFO - Diameter Mean changed to: 0.5758511424064636 
2024-11-21 09:38:35,370 - INFO - Diameter Median changed to: 0.5655681490898132 
2024-11-21 09:38:35,370 - INFO - Total time changed to: 64.37
