2024-11-21 09:40:05,870 - INFO - File name changed to: UFO_Tree_0
2024-11-21 09:40:05,870 - INFO - Trial Number changed to: 1
2024-11-21 09:40:05,870 - INFO - Branch Number changed to: 1
2024-11-21 09:40:05,870 - INFO - File name changed to: UFO_Tree_1
2024-11-21 09:40:05,871 - INFO - File name changed to: UFO_Tree_1
2024-11-21 09:40:05,871 - INFO - Tree Number changed to: 1
2024-11-21 09:40:07,773 - INFO - Controller change requested : Switching to Forward
2024-11-21 09:40:08,210 - INFO - Controller change requested : Switching to Joints
2024-11-21 09:41:26,128 - INFO - Start Requested
2024-11-21 09:41:47,469 - INFO - The angle correction has changed: angle added:0.0 angle direction: CW 
2024-11-21 09:43:26,778 - INFO - Controller change requested : Switching to Forward
2024-11-21 09:43:27,101 - INFO - Controller change requested : Switching to Joints
2024-11-21 09:43:38,434 - INFO - Start Requested
2024-11-21 09:44:02,069 - INFO - The angle correction has changed: angle added:0.0 angle direction: CW 
2024-11-21 09:45:49,282 - INFO - Controller change requested : Switching to Forward
2024-11-21 09:45:49,648 - INFO - Controller change requested : Switching to Joints
2024-11-21 09:45:57,465 - INFO - Start Requested
2024-11-21 09:46:17,270 - INFO - The angle correction has changed: angle added:0.0 angle direction: CW 
2024-11-21 09:46:50,170 - INFO - Diameter W1 changed to: 0.5223761796951294 
2024-11-21 09:46:50,170 - INFO - Diameter W2 changed to: 0.506303071975708 
2024-11-21 09:46:50,170 - INFO - Diameter Mean changed to: 0.5384493470191956 
2024-11-21 09:46:50,170 - INFO - Diameter Median changed to: 0.5304127931594849 
2024-11-21 09:46:50,170 - INFO - Total time changed to: 51.72
2024-11-21 09:47:01,148 - INFO - Controller change requested : Switching to Forward
2024-11-21 09:47:01,303 - INFO - Controller change requested : Switching to Joints
2024-11-21 09:59:02,681 - INFO - Controller change requested : Switching to Forward
2024-11-21 09:59:02,829 - INFO - Controller change requested : Switching to Joints
2024-11-21 10:01:09,766 - INFO - Start Requested
2024-11-21 10:01:28,770 - INFO - The angle correction has changed: angle added:0.0 angle direction: CW 
2024-11-21 10:05:17,729 - INFO - Controller change requested : Switching to Forward
2024-11-21 10:05:18,068 - INFO - Controller change requested : Switching to Joints
2024-11-21 10:05:25,224 - INFO - Start Requested
2024-11-21 10:05:47,970 - INFO - The angle correction has changed: angle added:0.0 angle direction: CW 
2024-11-21 10:07:50,608 - INFO - Start Requested
2024-11-21 10:08:12,569 - INFO - The angle correction has changed: angle added:0.0 angle direction: CW 
