2025-01-13 09:08:57,898 - INFO - File name changed to: UFO_Tree_0
2025-01-13 09:08:57,899 - INFO - Trial Number changed to: 1
2025-01-13 09:08:57,899 - INFO - Branch Number changed to: 1
2025-01-13 09:08:57,899 - INFO - File name changed to: UFO_Tree_1
2025-01-13 09:08:57,899 - INFO - File name changed to: UFO_Tree_1
2025-01-13 09:08:57,899 - INFO - Tree Number changed to: 1
2025-01-13 09:09:01,093 - INFO - Controller change requested : Switching to Forward
2025-01-13 09:09:01,305 - INFO - Controller change requested : Switching to Joints
2025-01-13 09:11:43,086 - INFO - File name changed to: UFO_Tre_1
2025-01-13 09:11:43,234 - INFO - File name changed to: UFO_Tr_1
2025-01-13 09:11:43,360 - INFO - File name changed to: UFO_T_1
2025-01-13 09:11:44,068 - INFO - File name changed to: UFO_Te_1
2025-01-13 09:11:44,210 - INFO - File name changed to: UFO_Tes_1
2025-01-13 09:11:44,467 - INFO - File name changed to: UFO_Test_1
2025-01-13 09:11:47,183 - INFO - File name changed to: UFO_Test_
2025-01-13 09:11:48,637 - INFO - File name changed to: UFO_Test_1
2025-01-13 09:11:49,280 - INFO - File name changed to: UFO_Test_1_
2025-01-13 09:11:49,662 - INFO - File name changed to: UFO_Test_1_2
2025-01-13 09:11:50,033 - INFO - File name changed to: UFO_Test_1_20
2025-01-13 09:11:50,676 - INFO - File name changed to: UFO_Test_1_20_
2025-01-13 09:11:50,861 - INFO - File name changed to: UFO_Test_1_20_0
2025-01-13 09:12:32,804 - INFO - Distance to tree changed to: 9 
2025-01-13 09:12:33,339 - INFO - Distance to tree changed to: 9. 
2025-01-13 09:12:33,571 - INFO - Distance to tree changed to: 9.0 
2025-01-13 09:12:34,968 - INFO - Measured Diameter changed to: 1
2025-01-13 09:12:35,225 - INFO - Measured Diameter changed to: 1.
2025-01-13 09:12:35,342 - INFO - Measured Diameter changed to: 1.2
2025-01-13 09:12:35,606 - INFO - Measured Diameter changed to: 1.25
2025-01-13 09:12:37,826 - INFO - Start Requested
2025-01-13 09:13:24,282 - INFO - Controller change requested : Switching to Forward
2025-01-13 09:13:24,564 - INFO - Controller change requested : Switching to Joints
2025-01-13 09:13:32,532 - INFO - Start Requested
2025-01-13 09:13:56,330 - INFO - The angle correction has changed: angle added:0.0 angle direction: CW 
2025-01-13 09:14:21,793 - INFO - Controller change requested : Switching to Forward
2025-01-13 09:14:21,941 - INFO - Controller change requested : Switching to Joints
2025-01-13 09:16:17,837 - INFO - Start Requested
2025-01-13 09:16:39,930 - INFO - The angle correction has changed: angle added:0.0 angle direction: CW 
2025-01-13 09:17:15,472 - INFO - Controller change requested : Switching to Forward
2025-01-13 09:17:15,627 - INFO - Controller change requested : Switching to Joints
2025-01-13 09:17:28,677 - INFO - Start Requested
2025-01-13 09:17:49,930 - INFO - The angle correction has changed: angle added:0.0 angle direction: CW 
2025-01-13 09:18:28,930 - INFO - Diameter W1 changed to: 0.655735194683075 
2025-01-13 09:18:28,930 - INFO - Diameter W2 changed to: 0.655735194683075 
2025-01-13 09:18:28,930 - INFO - Diameter Mean changed to: 2.051990032196045 
2025-01-13 09:18:28,930 - INFO - Diameter Median changed to: 2.6536784172058105 
2025-01-13 09:18:28,930 - INFO - Total time changed to: 59.08
2025-01-13 09:18:39,739 - INFO - Controller change requested : Switching to Forward
2025-01-13 09:18:40,571 - INFO - Controller change requested : Switching to Joints
2025-01-13 09:18:47,686 - INFO - Start Requested
2025-01-13 09:19:25,830 - INFO - The angle correction has changed: angle added:0.0 angle direction: CW 
2025-01-13 09:20:02,330 - INFO - Diameter W1 changed to: 1.3781952857971191 
2025-01-13 09:20:02,330 - INFO - Diameter W2 changed to: 1.1709479093551636 
2025-01-13 09:20:02,330 - INFO - Diameter Mean changed to: 1.2355133295059204 
2025-01-13 09:20:02,330 - INFO - Diameter Median changed to: 1.3315646648406982 
2025-01-13 09:20:02,330 - INFO - Total time changed to: 73.58
2025-01-13 09:20:24,037 - INFO - Controller change requested : Switching to Forward
2025-01-13 09:20:24,213 - INFO - Controller change requested : Switching to Joints
2025-01-13 09:20:34,669 - INFO - Start Requested
2025-01-13 09:20:56,230 - INFO - The angle correction has changed: angle added:0.0 angle direction: CW 
2025-01-13 09:21:47,011 - INFO - Controller change requested : Switching to Forward
2025-01-13 09:21:47,469 - INFO - Controller change requested : Switching to Joints
2025-01-13 09:21:55,987 - INFO - Start Requested
2025-01-13 09:22:17,731 - INFO - The angle correction has changed: angle added:0.0 angle direction: CW 
2025-01-13 09:22:56,795 - INFO - Controller change requested : Switching to Forward
2025-01-13 09:22:57,091 - INFO - Controller change requested : Switching to Joints
2025-01-13 09:23:03,498 - INFO - Start Requested
2025-01-13 09:23:17,654 - INFO - Start Requested
2025-01-13 09:23:40,830 - INFO - The angle correction has changed: angle added:0.0 angle direction: CW 
2025-01-13 09:24:16,630 - INFO - Diameter W1 changed to: 1.3207318782806396 
2025-01-13 09:24:16,630 - INFO - Diameter W2 changed to: 1.153019905090332 
2025-01-13 09:24:16,630 - INFO - Diameter Mean changed to: 1.2609845399856567 
2025-01-13 09:24:16,630 - INFO - Diameter Median changed to: 1.2945269346237183 
2025-01-13 09:24:16,631 - INFO - Total time changed to: 57.94
2025-01-13 09:24:30,656 - INFO - Hit position changed to: C 
2025-01-13 09:24:32,208 - INFO - Hit position changed to:  
2025-01-13 09:24:32,208 - INFO - Save Requested. Saved Values : [[1, 1, 1, 1.9526546637164515, -0.8271754545024415, -1.5793612639056605, -4.226740499536032, -1.6185553709613245, 1.0212855339050293, '1.25', 1.3207318782806396, 1.153019905090332, 1.2609845399856567, 1.2945269346237183, 'C', '9.0', 57.94, 0.0, 'CW', 'N/a']]
2025-01-13 09:24:32,229 - INFO - Diameter W1 changed to: 1.3207318782806396 
2025-01-13 09:24:32,230 - INFO - Diameter W2 changed to: 1.153019905090332 
2025-01-13 09:24:32,230 - INFO - Diameter Mean changed to: 1.2609845399856567 
2025-01-13 09:24:32,230 - INFO - Diameter Median changed to: 1.2945269346237183 
2025-01-13 09:24:33,286 - INFO - Trial Number changed to: 2
2025-01-13 09:24:34,562 - INFO - Controller change requested : Switching to Forward
2025-01-13 09:24:35,098 - INFO - Controller change requested : Switching to Joints
2025-01-13 09:24:55,726 - INFO - Start Requested
2025-01-13 09:25:21,230 - INFO - The angle correction has changed: angle added:0.0 angle direction: CW 
2025-01-13 09:25:51,930 - INFO - Diameter W1 changed to: 1.3298572301864624 
2025-01-13 09:25:51,930 - INFO - Diameter W2 changed to: 1.3192182779312134 
2025-01-13 09:25:51,930 - INFO - Diameter Mean changed to: 1.3426238298416138 
2025-01-13 09:25:51,930 - INFO - Diameter Median changed to: 1.3404960632324219 
2025-01-13 09:25:51,931 - INFO - Total time changed to: 52.64
2025-01-13 09:26:00,708 - INFO - Hit position changed to: C 
2025-01-13 09:26:03,039 - INFO - Hit position changed to:  
2025-01-13 09:26:03,039 - INFO - Save Requested. Saved Values : [[1, 1, 1, 1.9526546637164515, -0.8271754545024415, -1.5793612639056605, -4.226740499536032, -1.6185553709613245, 1.0212855339050293, '1.25', 1.3207318782806396, 1.153019905090332, 1.2609845399856567, 1.2945269346237183, 'C', '9.0', 57.94, 0.0, 'CW', 'N/a'], [1, 1, 2, 2.940082375203268, 0.17819170534100337, -0.575958553944723, -3.2192498646178187, -0.6225417296039026, 1.9788613319396973, '1.25', 1.3298572301864624, 1.3192182779312134, 1.3426238298416138, 1.3404960632324219, 'C', '9.0', 52.64, 0.0, 'CW', 'N/a']]
2025-01-13 09:26:03,130 - INFO - Diameter W1 changed to: 1.3298572301864624 
2025-01-13 09:26:03,130 - INFO - Diameter W2 changed to: 1.3192182779312134 
2025-01-13 09:26:03,130 - INFO - Diameter Mean changed to: 1.3426238298416138 
2025-01-13 09:26:03,130 - INFO - Diameter Median changed to: 1.3404960632324219 
2025-01-13 09:26:04,286 - INFO - Trial Number changed to: 3
2025-01-13 09:26:05,033 - INFO - Controller change requested : Switching to Forward
2025-01-13 09:26:05,174 - INFO - Controller change requested : Switching to Joints
2025-01-13 09:26:10,289 - INFO - Start Requested
2025-01-13 09:26:31,130 - INFO - The angle correction has changed: angle added:0.0 angle direction: CW 
2025-01-13 09:27:00,830 - INFO - Diameter W1 changed to: 1.3002240657806396 
2025-01-13 09:27:00,830 - INFO - Diameter W2 changed to: 1.257940411567688 
2025-01-13 09:27:00,830 - INFO - Diameter Mean changed to: 1.615296483039856 
2025-01-13 09:27:00,830 - INFO - Diameter Median changed to: 1.6913484334945679 
2025-01-13 09:27:00,830 - INFO - Total time changed to: 49.24
2025-01-13 09:27:11,397 - INFO - Hit position changed to: C 
2025-01-13 09:27:12,979 - INFO - Hit position changed to:  
2025-01-13 09:27:12,979 - INFO - Save Requested. Saved Values : [[1, 1, 1, 1.9526546637164515, -0.8271754545024415, -1.5793612639056605, -4.226740499536032, -1.6185553709613245, 1.0212855339050293, '1.25', 1.3207318782806396, 1.153019905090332, 1.2609845399856567, 1.2945269346237183, 'C', '9.0', 57.94, 0.0, 'CW', 'N/a'], [1, 1, 2, 2.940082375203268, 0.17819170534100337, -0.575958553944723, -3.2192498646178187, -0.6225417296039026, 1.9788613319396973, '1.25', 1.3298572301864624, 1.3192182779312134, 1.3426238298416138, 1.3404960632324219, 'C', '9.0', 52.64, 0.0, 'CW', 'N/a'], [1, 1, 3, 1.9456546942340296, -0.8248564761928101, -1.577240292225973, -4.222767015496725, -1.6211889425860804, 0.9989275932312012, '1.25', 1.3002240657806396, 1.257940411567688, 1.615296483039856, 1.6913484334945679, 'C', '9.0', 49.24, 0.0, 'CW', 'N/a']]
2025-01-13 09:27:13,030 - INFO - Diameter W1 changed to: 1.3002240657806396 
2025-01-13 09:27:13,030 - INFO - Diameter W2 changed to: 1.257940411567688 
2025-01-13 09:27:13,030 - INFO - Diameter Mean changed to: 1.615296483039856 
2025-01-13 09:27:13,030 - INFO - Diameter Median changed to: 1.6913484334945679 
2025-01-13 09:27:14,493 - INFO - Trial Number changed to: 4
2025-01-13 09:27:16,352 - INFO - Distance to tree changed to: 9. 
2025-01-13 09:27:16,502 - INFO - Distance to tree changed to: 9 
2025-01-13 09:27:16,653 - INFO - Distance to tree changed to:  
2025-01-13 09:27:17,173 - INFO - Distance to tree changed to: 7 
2025-01-13 09:27:17,617 - INFO - Distance to tree changed to: 7. 
2025-01-13 09:27:17,973 - INFO - Distance to tree changed to: 7.5 
2025-01-13 09:27:21,580 - INFO - Controller change requested : Switching to Forward
2025-01-13 09:27:21,989 - INFO - Controller change requested : Switching to Joints
2025-01-13 09:28:17,531 - INFO - Start Requested
2025-01-13 09:28:41,730 - INFO - The angle correction has changed: angle added:0.0 angle direction: CW 
2025-01-13 09:29:06,830 - INFO - Diameter W1 changed to: 1.3621962070465088 
2025-01-13 09:29:06,830 - INFO - Diameter W2 changed to: 1.2957475185394287 
2025-01-13 09:29:06,830 - INFO - Diameter Mean changed to: 1.1395933628082275 
2025-01-13 09:29:06,830 - INFO - Diameter Median changed to: 1.3414310216903687 
2025-01-13 09:29:06,830 - INFO - Total time changed to: 47.84
2025-01-13 09:29:14,251 - INFO - Hit position changed to: C 
2025-01-13 09:29:16,042 - INFO - Hit position changed to:  
2025-01-13 09:29:16,042 - INFO - Save Requested. Saved Values : [[1, 1, 1, 1.9526546637164515, -0.8271754545024415, -1.5793612639056605, -4.226740499536032, -1.6185553709613245, 1.0212855339050293, '1.25', 1.3207318782806396, 1.153019905090332, 1.2609845399856567, 1.2945269346237183, 'C', '9.0', 57.94, 0.0, 'CW', 'N/a'], [1, 1, 2, 2.940082375203268, 0.17819170534100337, -0.575958553944723, -3.2192498646178187, -0.6225417296039026, 1.9788613319396973, '1.25', 1.3298572301864624, 1.3192182779312134, 1.3426238298416138, 1.3404960632324219, 'C', '9.0', 52.64, 0.0, 'CW', 'N/a'], [1, 1, 3, 1.9456546942340296, -0.8248564761928101, -1.577240292225973, -4.222767015496725, -1.6211889425860804, 0.9989275932312012, '1.25', 1.3002240657806396, 1.257940411567688, 1.615296483039856, 1.6913484334945679, 'C', '9.0', 49.24, 0.0, 'CW', 'N/a'], [1, 1, 4, 1.9436004797564905, -0.8216887277415772, -1.5781024138080042, -4.219165702859396, -1.621392552052633, 1.0312752723693848, '1.25', 1.3621962070465088, 1.2957475185394287, 1.1395933628082275, 1.3414310216903687, 'C', '7.5', 47.84, 0.0, 'CW', 'N/a']]
2025-01-13 09:29:16,130 - INFO - Diameter W1 changed to: 1.3621962070465088 
2025-01-13 09:29:16,130 - INFO - Diameter W2 changed to: 1.2957475185394287 
2025-01-13 09:29:16,130 - INFO - Diameter Mean changed to: 1.1395933628082275 
2025-01-13 09:29:16,130 - INFO - Diameter Median changed to: 1.3414310216903687 
2025-01-13 09:29:17,261 - INFO - Trial Number changed to: 5
2025-01-13 09:29:18,606 - INFO - Controller change requested : Switching to Forward
2025-01-13 09:29:18,740 - INFO - Controller change requested : Switching to Joints
2025-01-13 09:29:25,499 - INFO - Start Requested
2025-01-13 09:29:47,230 - INFO - The angle correction has changed: angle added:0.0 angle direction: CW 
2025-01-13 09:30:16,330 - INFO - Diameter W1 changed to: 1.3469653129577637 
2025-01-13 09:30:16,330 - INFO - Diameter W2 changed to: 1.3221745491027832 
2025-01-13 09:30:16,330 - INFO - Diameter Mean changed to: 1.2467693090438843 
2025-01-13 09:30:16,330 - INFO - Diameter Median changed to: 1.3510971069335938 
2025-01-13 09:30:16,330 - INFO - Total time changed to: 49.44
2025-01-13 09:30:35,532 - INFO - Hit position changed to: C 
2025-01-13 09:30:37,886 - INFO - Hit position changed to:  
2025-01-13 09:30:37,886 - INFO - Save Requested. Saved Values : [[1, 1, 1, 1.9526546637164515, -0.8271754545024415, -1.5793612639056605, -4.226740499536032, -1.6185553709613245, 1.0212855339050293, '1.25', 1.3207318782806396, 1.153019905090332, 1.2609845399856567, 1.2945269346237183, 'C', '9.0', 57.94, 0.0, 'CW', 'N/a'], [1, 1, 2, 2.940082375203268, 0.17819170534100337, -0.575958553944723, -3.2192498646178187, -0.6225417296039026, 1.9788613319396973, '1.25', 1.3298572301864624, 1.3192182779312134, 1.3426238298416138, 1.3404960632324219, 'C', '9.0', 52.64, 0.0, 'CW', 'N/a'], [1, 1, 3, 1.9456546942340296, -0.8248564761928101, -1.577240292225973, -4.222767015496725, -1.6211889425860804, 0.9989275932312012, '1.25', 1.3002240657806396, 1.257940411567688, 1.615296483039856, 1.6913484334945679, 'C', '9.0', 49.24, 0.0, 'CW', 'N/a'], [1, 1, 4, 1.9436004797564905, -0.8216887277415772, -1.5781024138080042, -4.219165702859396, -1.621392552052633, 1.0312752723693848, '1.25', 1.3621962070465088, 1.2957475185394287, 1.1395933628082275, 1.3414310216903687, 'C', '7.5', 47.84, 0.0, 'CW', 'N/a'], [1, 1, 5, 1.9461467901812952, -0.8220115464976807, -1.5761740843402308, -4.219898124734396, -1.6237266699420374, 1.0075316429138184, '1.25', 1.3469653129577637, 1.3221745491027832, 1.2467693090438843, 1.3510971069335938, 'C', '7.5', 49.44, 0.0, 'CW', 'N/a']]
2025-01-13 09:30:37,930 - INFO - Diameter W1 changed to: 1.3469653129577637 
2025-01-13 09:30:37,930 - INFO - Diameter W2 changed to: 1.3221745491027832 
2025-01-13 09:30:37,930 - INFO - Diameter Mean changed to: 1.2467693090438843 
2025-01-13 09:30:37,930 - INFO - Diameter Median changed to: 1.3510971069335938 
2025-01-13 09:30:39,055 - INFO - Trial Number changed to: 6
2025-01-13 09:30:40,048 - INFO - Controller change requested : Switching to Forward
2025-01-13 09:30:40,189 - INFO - Controller change requested : Switching to Joints
2025-01-13 09:30:45,135 - INFO - Start Requested
2025-01-13 09:31:05,330 - INFO - The angle correction has changed: angle added:0.0 angle direction: CW 
2025-01-13 09:31:30,430 - INFO - Diameter W1 changed to: 1.3404662609100342 
2025-01-13 09:31:30,430 - INFO - Diameter W2 changed to: 1.3404662609100342 
2025-01-13 09:31:30,430 - INFO - Diameter Mean changed to: 1.3654439449310303 
2025-01-13 09:31:30,430 - INFO - Diameter Median changed to: 1.3654439449310303 
2025-01-13 09:31:30,430 - INFO - Total time changed to: 43.94
2025-01-13 09:31:43,893 - INFO - Hit position changed to: C 
2025-01-13 09:31:46,657 - INFO - Hit position changed to:  
2025-01-13 09:31:46,657 - INFO - Save Requested. Saved Values : [[1, 1, 1, 1.9526546637164515, -0.8271754545024415, -1.5793612639056605, -4.226740499536032, -1.6185553709613245, 1.0212855339050293, '1.25', 1.3207318782806396, 1.153019905090332, 1.2609845399856567, 1.2945269346237183, 'C', '9.0', 57.94, 0.0, 'CW', 'N/a'], [1, 1, 2, 2.940082375203268, 0.17819170534100337, -0.575958553944723, -3.2192498646178187, -0.6225417296039026, 1.9788613319396973, '1.25', 1.3298572301864624, 1.3192182779312134, 1.3426238298416138, 1.3404960632324219, 'C', '9.0', 52.64, 0.0, 'CW', 'N/a'], [1, 1, 3, 1.9456546942340296, -0.8248564761928101, -1.577240292225973, -4.222767015496725, -1.6211889425860804, 0.9989275932312012, '1.25', 1.3002240657806396, 1.257940411567688, 1.615296483039856, 1.6913484334945679, 'C', '9.0', 49.24, 0.0, 'CW', 'N/a'], [1, 1, 4, 1.9436004797564905, -0.8216887277415772, -1.5781024138080042, -4.219165702859396, -1.621392552052633, 1.0312752723693848, '1.25', 1.3621962070465088, 1.2957475185394287, 1.1395933628082275, 1.3414310216903687, 'C', '7.5', 47.84, 0.0, 'CW', 'N/a'], [1, 1, 5, 1.9461467901812952, -0.8220115464976807, -1.5761740843402308, -4.219898124734396, -1.6237266699420374, 1.0075316429138184, '1.25', 1.3469653129577637, 1.3221745491027832, 1.2467693090438843, 1.3510971069335938, 'C', '7.5', 49.44, 0.0, 'CW', 'N/a'], [1, 1, 6, 2.941547218953268, 0.17927949010815425, -0.5767729918109339, -3.2185894451537074, -0.6236308256732386, 2.0253958702087402, '1.25', 1.3404662609100342, 1.3404662609100342, 1.3654439449310303, 1.3654439449310303, 'C', '7.5', 43.94, 0.0, 'CW', 'N/a']]
2025-01-13 09:31:46,730 - INFO - Diameter W1 changed to: 1.3404662609100342 
2025-01-13 09:31:46,730 - INFO - Diameter W2 changed to: 1.3404662609100342 
2025-01-13 09:31:46,730 - INFO - Diameter Mean changed to: 1.3654439449310303 
2025-01-13 09:31:46,730 - INFO - Diameter Median changed to: 1.3654439449310303 
2025-01-13 09:32:00,232 - INFO - File name changed to: UFO_Tes_1_20_0
2025-01-13 09:32:00,358 - INFO - File name changed to: UFO_Te_1_20_0
2025-01-13 09:32:00,942 - INFO - File name changed to: UFO_T_1_20_0
2025-01-13 09:32:01,969 - INFO - File name changed to: UFO_Tr_1_20_0
2025-01-13 09:32:02,201 - INFO - File name changed to: UFO_Tre_1_20_0
2025-01-13 09:32:02,310 - INFO - File name changed to: UFO_Tree_1_20_0
2025-01-13 09:32:03,534 - INFO - File name changed to: UFO_Tree_1_20_
2025-01-13 09:32:03,692 - INFO - File name changed to: UFO_Tree_1_20
2025-01-13 09:32:03,842 - INFO - File name changed to: UFO_Tree_1_2
2025-01-13 09:32:03,976 - INFO - File name changed to: UFO_Tree_1_
2025-01-13 09:32:04,421 - INFO - File name changed to: UFO_Tree_1
2025-01-13 09:32:07,891 - INFO - Exit Requested. Saved Values : [[1, 1, 1, 1.9526546637164515, -0.8271754545024415, -1.5793612639056605, -4.226740499536032, -1.6185553709613245, 1.0212855339050293, '1.25', 1.3207318782806396, 1.153019905090332, 1.2609845399856567, 1.2945269346237183, 'C', '9.0', 57.94, 0.0, 'CW', 'N/a'], [1, 1, 2, 2.940082375203268, 0.17819170534100337, -0.575958553944723, -3.2192498646178187, -0.6225417296039026, 1.9788613319396973, '1.25', 1.3298572301864624, 1.3192182779312134, 1.3426238298416138, 1.3404960632324219, 'C', '9.0', 52.64, 0.0, 'CW', 'N/a'], [1, 1, 3, 1.9456546942340296, -0.8248564761928101, -1.577240292225973, -4.222767015496725, -1.6211889425860804, 0.9989275932312012, '1.25', 1.3002240657806396, 1.257940411567688, 1.615296483039856, 1.6913484334945679, 'C', '9.0', 49.24, 0.0, 'CW', 'N/a'], [1, 1, 4, 1.9436004797564905, -0.8216887277415772, -1.5781024138080042, -4.219165702859396, -1.621392552052633, 1.0312752723693848, '1.25', 1.3621962070465088, 1.2957475185394287, 1.1395933628082275, 1.3414310216903687, 'C', '7.5', 47.84, 0.0, 'CW', 'N/a'], [1, 1, 5, 1.9461467901812952, -0.8220115464976807, -1.5761740843402308, -4.219898124734396, -1.6237266699420374, 1.0075316429138184, '1.25', 1.3469653129577637, 1.3221745491027832, 1.2467693090438843, 1.3510971069335938, 'C', '7.5', 49.44, 0.0, 'CW', 'N/a'], [1, 1, 6, 2.941547218953268, 0.17927949010815425, -0.5767729918109339, -3.2185894451537074, -0.6236308256732386, 2.0253958702087402, '1.25', 1.3404662609100342, 1.3404662609100342, 1.3654439449310303, 1.3654439449310303, 'C', '7.5', 43.94, 0.0, 'CW', 'N/a']]
2025-01-13 09:32:07,891 - INFO - After Exit Request values were saved to: /home/ryan/ros2_ws_groundtruth/src/Ground_Truth_Ros/ground_truth/csv_files/UFO_Tree_1_2025_01_13_09_32_07.csv and /home/ryan/ros2_ws_groundtruth/src/Ground_Truth_Ros/ground_truth/json_files/UFO_Tree_1_2025_01_13_09_32_07.json
