2024-11-26 10:30:08,451 - INFO - File name changed to: UFO_Tree_0
2024-11-26 10:30:08,451 - INFO - Trial Number changed to: 1
2024-11-26 10:30:08,452 - INFO - Branch Number changed to: 1
2024-11-26 10:30:08,452 - INFO - File name changed to: UFO_Tree_1
2024-11-26 10:30:08,452 - INFO - File name changed to: UFO_Tree_1
2024-11-26 10:30:08,452 - INFO - Tree Number changed to: 1
2024-11-26 10:30:11,259 - INFO - Controller change requested : Switching to Forward
2024-11-26 10:30:11,392 - INFO - Controller change requested : Switching to Joints
2024-11-26 10:30:24,641 - INFO - Start Requested
2024-11-26 10:30:57,469 - INFO - The angle correction has changed: angle added:0.0 angle direction: CCW 
2024-11-26 10:32:51,069 - INFO - Diameter W1 changed to: 1.3306211233139038 
2024-11-26 10:32:51,069 - INFO - Diameter W2 changed to: 1.2868506908416748 
2024-11-26 10:32:51,069 - INFO - Diameter Mean changed to: 1.2973555326461792 
2024-11-26 10:32:51,069 - INFO - Diameter Median changed to: 1.2868506908416748 
2024-11-26 10:32:51,069 - INFO - Total time changed to: 145.52
2024-11-26 10:33:16,643 - INFO - Measured Diameter changed to: 1
2024-11-26 10:33:16,940 - INFO - Measured Diameter changed to: 1.
2024-11-26 10:33:17,090 - INFO - Measured Diameter changed to: 1.2
2024-11-26 10:33:17,281 - INFO - Measured Diameter changed to: 1.29
2024-11-26 10:33:18,054 - INFO - Measured Diameter changed to: 1.2
2024-11-26 10:33:18,622 - INFO - Measured Diameter changed to: 1.25
2024-11-26 10:33:39,700 - INFO - Hit position changed to: r 
2024-11-26 10:33:39,798 - INFO - Hit position changed to: ri 
2024-11-26 10:33:39,901 - INFO - Hit position changed to: rig 
2024-11-26 10:33:39,968 - INFO - Hit position changed to: righ 
2024-11-26 10:33:40,054 - INFO - Hit position changed to: right 
2024-11-26 10:33:42,147 - INFO - Distance to tree changed to: 8 
2024-11-26 10:33:42,543 - INFO - Distance to tree changed to: 8. 
2024-11-26 10:33:43,102 - INFO - Distance to tree changed to: 8.5 
2024-11-26 10:33:46,806 - INFO - Note changed to: A 
2024-11-26 10:33:47,103 - INFO - Note changed to: AH 
2024-11-26 10:33:47,220 - INFO - Note changed to: AHH 
2024-11-26 10:33:47,379 - INFO - Note changed to: AHHH 
2024-11-26 10:33:49,923 - INFO - Note changed to:  
2024-11-26 10:33:49,923 - INFO - Hit position changed to:  
2024-11-26 10:33:49,923 - INFO - Save Requested. Saved Values : [[1, 1, 1, -0.6593212485313416, -2.759195943871969, -0.06721765199770147, 0.25920669614758296, 0.6415337920188904, 1.153673529624939, '1.25', 1.3306211233139038, 1.2868506908416748, 1.2973555326461792, 1.2868506908416748, 'right', '8.5', 145.52, 0.0, 'CCW', 'AHHH']]
2024-11-26 10:33:50,853 - INFO - Controller change requested : Switching to Forward
2024-11-26 10:33:51,141 - INFO - Controller change requested : Switching to Joints
2024-11-26 10:34:00,855 - INFO - Exit Requested. Saved Values : [[1, 1, 1, -0.6593212485313416, -2.759195943871969, -0.06721765199770147, 0.25920669614758296, 0.6415337920188904, 1.153673529624939, '1.25', 1.3306211233139038, 1.2868506908416748, 1.2973555326461792, 1.2868506908416748, 'right', '8.5', 145.52, 0.0, 'CCW', 'AHHH']]
2024-11-26 10:34:00,855 - INFO - After Exit Request values were saved to: /home/ryan/ros2_ws_groundtruth/src/Ground_Truth_Ros/ground_truth/csv_files/UFO_Tree_1_2024_11_26_10_34_00.csv
