2025-01-24 09:21:18,073 - INFO - File name changed to: UFO_Tree_0
2025-01-24 09:21:18,075 - INFO - Trial Number changed to: 1
2025-01-24 09:21:18,075 - INFO - Branch Number changed to: 1
2025-01-24 09:21:18,076 - INFO - File name changed to: UFO_Tree_1
2025-01-24 09:21:18,076 - INFO - File name changed to: UFO_Tree_1
2025-01-24 09:21:18,076 - INFO - Tree Number changed to: 1
2025-01-24 09:21:51,868 - INFO - Distance to tree changed to: 8 
2025-01-24 09:21:52,271 - INFO - Distance to tree changed to: 8. 
2025-01-24 09:21:52,470 - INFO - Distance to tree changed to: 8.6 
2025-01-24 09:21:52,891 - INFO - Distance to tree changed to: 8. 
2025-01-24 09:21:53,139 - INFO - Distance to tree changed to: 8.5 
2025-01-24 09:25:11,306 - INFO - Measured Diameter changed to: 0
2025-01-24 09:25:12,586 - INFO - Measured Diameter changed to: 0.
2025-01-24 09:25:12,794 - INFO - Measured Diameter changed to: 0.6
2025-01-24 09:25:13,042 - INFO - Measured Diameter changed to: 0.67
2025-01-24 09:25:13,282 - INFO - Measured Diameter changed to: 0.679
2025-01-24 09:25:17,805 - INFO - Start Requested
2025-01-24 09:25:39,538 - INFO - The angle correction has changed: angle added:0.0 angle direction: CW 
2025-01-24 09:26:18,838 - INFO - Diameter W1 changed to: 0.7359290719032288 
2025-01-24 09:26:18,838 - INFO - Diameter W2 changed to: 0.7076241374015808 
2025-01-24 09:26:18,838 - INFO - Diameter Mean changed to: 0.7453640699386597 
2025-01-24 09:26:18,838 - INFO - Diameter Median changed to: 0.7359290719032288 
2025-01-24 09:26:18,838 - INFO - Total time changed to: 59.95
2025-01-24 09:26:30,154 - INFO - Hit position changed to: C 
2025-01-24 09:26:36,349 - INFO - Hit position changed to:  
2025-01-24 09:26:36,350 - INFO - Save Requested. Saved Values : [[1, 1, 1, 1.5479591528521937, -0.8322078746608277, -1.586360279713766, -3.835433622399801, -1.5600417296039026, 0.009913444519042969, '0.679', 0.7359290719032288, 0.7076241374015808, 0.7453640699386597, 0.7359290719032288, 'C', '8.5', 59.95, 0.0, 'CW', 'N/a']]
2025-01-24 09:26:36,437 - INFO - Diameter W1 changed to: 0.7359290719032288 
2025-01-24 09:26:36,437 - INFO - Diameter W2 changed to: 0.7076241374015808 
2025-01-24 09:26:36,438 - INFO - Diameter Mean changed to: 0.7453640699386597 
2025-01-24 09:26:36,438 - INFO - Diameter Median changed to: 0.7359290719032288 
2025-01-24 09:26:38,012 - INFO - Trial Number changed to: 2
2025-01-24 09:26:39,216 - INFO - Controller change requested : Switching to Forward
2025-01-24 09:26:40,300 - INFO - Controller change requested : Switching to Joints
2025-01-24 09:26:46,305 - INFO - Start Requested
2025-01-24 09:27:08,037 - INFO - The angle correction has changed: angle added:0.0 angle direction: CW 
2025-01-24 09:27:43,038 - INFO - Diameter W1 changed to: 0.7518702149391174 
2025-01-24 09:27:43,038 - INFO - Diameter W2 changed to: 0.6766831874847412 
2025-01-24 09:27:43,038 - INFO - Diameter Mean changed to: 0.7602242827415466 
2025-01-24 09:27:43,038 - INFO - Diameter Median changed to: 0.7706669569015503 
2025-01-24 09:27:43,038 - INFO - Total time changed to: 55.15
2025-01-24 09:27:55,073 - INFO - Hit position changed to: C 
2025-01-24 09:28:00,312 - INFO - Hit position changed to:  
2025-01-24 09:28:00,312 - INFO - Save Requested. Saved Values : [[1, 1, 1, 1.5479591528521937, -0.8322078746608277, -1.586360279713766, -3.835433622399801, -1.5600417296039026, 0.009913444519042969, '0.679', 0.7359290719032288, 0.7076241374015808, 0.7453640699386597, 0.7359290719032288, 'C', '8.5', 59.95, 0.0, 'CW', 'N/a'], [1, 1, 2, 1.5506961981402796, -0.8338933748057862, -1.5864680449115198, -3.83742155651235, -1.5595863501178187, -0.03890878358949834, '0.679', 0.7518702149391174, 0.6766831874847412, 0.7602242827415466, 0.7706669569015503, 'C', '8.5', 55.15, 0.0, 'CW', 'N/a']]
2025-01-24 09:28:00,338 - INFO - Diameter W1 changed to: 0.7518702149391174 
2025-01-24 09:28:00,338 - INFO - Diameter W2 changed to: 0.6766831874847412 
2025-01-24 09:28:00,338 - INFO - Diameter Mean changed to: 0.7602242827415466 
2025-01-24 09:28:00,338 - INFO - Diameter Median changed to: 0.7706669569015503 
2025-01-24 09:28:01,375 - INFO - Trial Number changed to: 3
2025-01-24 09:28:02,346 - INFO - Controller change requested : Switching to Forward
2025-01-24 09:28:02,494 - INFO - Controller change requested : Switching to Joints
2025-01-24 09:28:12,123 - INFO - Start Requested
2025-01-24 09:28:46,532 - INFO - Controller change requested : Switching to Forward
2025-01-24 09:28:46,680 - INFO - Controller change requested : Switching to Joints
2025-01-24 09:29:11,906 - INFO - Start Requested
2025-01-24 09:29:39,510 - INFO - Controller change requested : Switching to Forward
2025-01-24 09:29:39,692 - INFO - Controller change requested : Switching to Joints
2025-01-24 09:31:41,376 - INFO - Start Requested
2025-01-24 09:32:04,738 - INFO - The angle correction has changed: angle added:0.0 angle direction: CW 
2025-01-24 09:32:42,737 - INFO - Diameter W1 changed to: 0.7304056882858276 
2025-01-24 09:32:42,738 - INFO - Diameter W2 changed to: 0.7116773128509521 
2025-01-24 09:32:42,738 - INFO - Total time changed to: 60.4
2025-01-24 09:32:52,017 - INFO - Hit position changed to: L 
2025-01-24 09:32:55,514 - INFO - Hit position changed to:  
2025-01-24 09:32:55,514 - INFO - Save Requested. Saved Values : [[1, 1, 1, 1.5479591528521937, -0.8322078746608277, -1.586360279713766, -3.835433622399801, -1.5600417296039026, 0.009913444519042969, '0.679', 0.7359290719032288, 0.7076241374015808, 0.7453640699386597, 0.7359290719032288, 'C', '8.5', 59.95, 0.0, 'CW', 'N/a'], [1, 1, 2, 1.5506961981402796, -0.8338933748057862, -1.5864680449115198, -3.83742155651235, -1.5595863501178187, -0.03890878358949834, '0.679', 0.7518702149391174, 0.6766831874847412, 0.7602242827415466, 0.7706669569015503, 'C', '8.5', 55.15, 0.0, 'CW', 'N/a'], [1, 1, 3, 1.5532196203814905, -0.832446889286377, -1.5862162748919886, -3.8407026729979457, -1.5600174109088343, -0.0133135954486292, '0.679', 0.7304056882858276, 0.7116773128509521, 0.763849139213562, 0.7678623795509338, 'L', '8.5', 60.4, 0.0, 'CW', 'N/a']]
2025-01-24 09:32:55,537 - INFO - Diameter W1 changed to: 0.7304056882858276 
2025-01-24 09:32:55,538 - INFO - Diameter W2 changed to: 0.7116773128509521 
2025-01-24 09:32:55,538 - INFO - Diameter Mean changed to: 0.763849139213562 
2025-01-24 09:32:55,538 - INFO - Diameter Median changed to: 0.7678623795509338 
2025-01-24 09:32:59,710 - INFO - Trial Number changed to: 4
2025-01-24 09:33:01,685 - INFO - Distance to tree changed to: 8. 
2025-01-24 09:33:01,843 - INFO - Distance to tree changed to: 8 
2025-01-24 09:33:02,173 - INFO - Distance to tree changed to:  
2025-01-24 09:33:02,864 - INFO - Distance to tree changed to: 7 
2025-01-24 09:33:03,457 - INFO - Distance to tree changed to: 7. 
2025-01-24 09:33:03,789 - INFO - Distance to tree changed to: 7.0 
2025-01-24 09:33:04,681 - INFO - Controller change requested : Switching to Forward
2025-01-24 09:33:04,836 - INFO - Controller change requested : Switching to Joints
2025-01-24 09:33:57,401 - INFO - Start Requested
2025-01-24 09:34:17,338 - INFO - The angle correction has changed: angle added:0.0 angle direction: CW 
2025-01-24 09:34:48,937 - INFO - Diameter W1 changed to: 0.7468481063842773 
2025-01-24 09:34:48,937 - INFO - Diameter W2 changed to: 0.7390684485435486 
2025-01-24 09:34:48,937 - INFO - Diameter Median changed to: 0.7624074816703796 
2025-01-24 09:34:48,937 - INFO - Total time changed to: 50.6
2025-01-24 09:34:56,666 - INFO - Hit position changed to: C 
2025-01-24 09:34:59,092 - INFO - Hit position changed to:  
2025-01-24 09:34:59,093 - INFO - Save Requested. Saved Values : [[1, 1, 1, 1.5479591528521937, -0.8322078746608277, -1.586360279713766, -3.835433622399801, -1.5600417296039026, 0.009913444519042969, '0.679', 0.7359290719032288, 0.7076241374015808, 0.7453640699386597, 0.7359290719032288, 'C', '8.5', 59.95, 0.0, 'CW', 'N/a'], [1, 1, 2, 1.5506961981402796, -0.8338933748057862, -1.5864680449115198, -3.83742155651235, -1.5595863501178187, -0.03890878358949834, '0.679', 0.7518702149391174, 0.6766831874847412, 0.7602242827415466, 0.7706669569015503, 'C', '8.5', 55.15, 0.0, 'CW', 'N/a'], [1, 1, 3, 1.5532196203814905, -0.832446889286377, -1.5862162748919886, -3.8407026729979457, -1.5600174109088343, -0.0133135954486292, '0.679', 0.7304056882858276, 0.7116773128509521, 0.763849139213562, 0.7678623795509338, 'L', '8.5', 60.4, 0.0, 'CW', 'N/a'], [1, 1, 4, 1.5517538229571741, -0.8398341697505494, -1.5857365767108362, -3.831888814965719, -1.5607007185565394, 0.05295872688293457, '0.679', 0.7468481063842773, 0.7390684485435486, 0.7594900727272034, 0.7624074816703796, 'C', '7.0', 50.6, 0.0, 'CW', 'N/a']]
2025-01-24 09:34:59,137 - INFO - Diameter W1 changed to: 0.7468481063842773 
2025-01-24 09:34:59,137 - INFO - Diameter W2 changed to: 0.7390684485435486 
2025-01-24 09:34:59,137 - INFO - Diameter Mean changed to: 0.7594900727272034 
2025-01-24 09:34:59,137 - INFO - Diameter Median changed to: 0.7624074816703796 
2025-01-24 09:35:03,719 - INFO - Trial Number changed to: 5
2025-01-24 09:35:04,740 - INFO - Controller change requested : Switching to Forward
2025-01-24 09:35:04,887 - INFO - Controller change requested : Switching to Joints
2025-01-24 09:35:10,225 - INFO - Start Requested
2025-01-24 09:35:30,638 - INFO - The angle correction has changed: angle added:0.0 angle direction: CW 
2025-01-24 09:36:01,737 - INFO - Diameter W2 changed to: 0.7529040575027466 
2025-01-24 09:36:01,737 - INFO - Diameter Mean changed to: 0.8407428860664368 
2025-01-24 09:36:01,737 - INFO - Diameter Median changed to: 0.8038819432258606 
2025-01-24 09:36:01,737 - INFO - Total time changed to: 50.7
2025-01-24 09:36:09,225 - INFO - Hit position changed to: L 
2025-01-24 09:36:11,350 - INFO - Hit position changed to:  
2025-01-24 09:36:11,350 - INFO - Save Requested. Saved Values : [[1, 1, 1, 1.5479591528521937, -0.8322078746608277, -1.586360279713766, -3.835433622399801, -1.5600417296039026, 0.009913444519042969, '0.679', 0.7359290719032288, 0.7076241374015808, 0.7453640699386597, 0.7359290719032288, 'C', '8.5', 59.95, 0.0, 'CW', 'N/a'], [1, 1, 2, 1.5506961981402796, -0.8338933748057862, -1.5864680449115198, -3.83742155651235, -1.5595863501178187, -0.03890878358949834, '0.679', 0.7518702149391174, 0.6766831874847412, 0.7602242827415466, 0.7706669569015503, 'C', '8.5', 55.15, 0.0, 'CW', 'N/a'], [1, 1, 3, 1.5532196203814905, -0.832446889286377, -1.5862162748919886, -3.8407026729979457, -1.5600174109088343, -0.0133135954486292, '0.679', 0.7304056882858276, 0.7116773128509521, 0.763849139213562, 0.7678623795509338, 'L', '8.5', 60.4, 0.0, 'CW', 'N/a'], [1, 1, 4, 1.5517538229571741, -0.8398341697505494, -1.5857365767108362, -3.831888814965719, -1.5607007185565394, 0.05295872688293457, '0.679', 0.7468481063842773, 0.7390684485435486, 0.7594900727272034, 0.7624074816703796, 'C', '7.0', 50.6, 0.0, 'CW', 'N/a'], [1, 1, 5, 1.5501087347613733, -0.8307256263545533, -1.5855925718890589, -3.836475511590475, -1.5600655714618128, -0.025199715291158498, '0.679', 0.7529040575027466, 0.7529040575027466, 0.8407428860664368, 0.8038819432258606, 'L', '7.0', 50.7, 0.0, 'CW', 'N/a']]
2025-01-24 09:36:11,437 - INFO - Diameter W1 changed to: 0.7529040575027466 
2025-01-24 09:36:11,438 - INFO - Diameter W2 changed to: 0.7529040575027466 
2025-01-24 09:36:11,438 - INFO - Diameter Mean changed to: 0.8407428860664368 
2025-01-24 09:36:11,438 - INFO - Diameter Median changed to: 0.8038819432258606 
2025-01-24 09:36:12,356 - INFO - Trial Number changed to: 6
2025-01-24 09:36:13,145 - INFO - Controller change requested : Switching to Forward
2025-01-24 09:36:13,293 - INFO - Controller change requested : Switching to Joints
2025-01-24 09:36:19,416 - INFO - Start Requested
2025-01-24 09:36:40,137 - INFO - The angle correction has changed: angle added:0.0 angle direction: CW 
2025-01-24 09:37:12,037 - INFO - Diameter W1 changed to: 0.7803899645805359 
2025-01-24 09:37:12,037 - INFO - Diameter W2 changed to: 0.7413704991340637 
2025-01-24 09:37:12,038 - INFO - Diameter Mean changed to: 0.7694644927978516 
2025-01-24 09:37:12,038 - INFO - Diameter Median changed to: 0.7686841487884521 
2025-01-24 09:37:12,038 - INFO - Total time changed to: 51.0
2025-01-24 09:37:19,981 - INFO - Hit position changed to: L 
2025-01-24 09:37:22,080 - INFO - Hit position changed to:  
2025-01-24 09:37:22,080 - INFO - Save Requested. Saved Values : [[1, 1, 1, 1.5479591528521937, -0.8322078746608277, -1.586360279713766, -3.835433622399801, -1.5600417296039026, 0.009913444519042969, '0.679', 0.7359290719032288, 0.7076241374015808, 0.7453640699386597, 0.7359290719032288, 'C', '8.5', 59.95, 0.0, 'CW', 'N/a'], [1, 1, 2, 1.5506961981402796, -0.8338933748057862, -1.5864680449115198, -3.83742155651235, -1.5595863501178187, -0.03890878358949834, '0.679', 0.7518702149391174, 0.6766831874847412, 0.7602242827415466, 0.7706669569015503, 'C', '8.5', 55.15, 0.0, 'CW', 'N/a'], [1, 1, 3, 1.5532196203814905, -0.832446889286377, -1.5862162748919886, -3.8407026729979457, -1.5600174109088343, -0.0133135954486292, '0.679', 0.7304056882858276, 0.7116773128509521, 0.763849139213562, 0.7678623795509338, 'L', '8.5', 60.4, 0.0, 'CW', 'N/a'], [1, 1, 4, 1.5517538229571741, -0.8398341697505494, -1.5857365767108362, -3.831888814965719, -1.5607007185565394, 0.05295872688293457, '0.679', 0.7468481063842773, 0.7390684485435486, 0.7594900727272034, 0.7624074816703796, 'C', '7.0', 50.6, 0.0, 'CW', 'N/a'], [1, 1, 5, 1.5501087347613733, -0.8307256263545533, -1.5855925718890589, -3.836475511590475, -1.5600655714618128, -0.025199715291158498, '0.679', 0.7529040575027466, 0.7529040575027466, 0.8407428860664368, 0.8038819432258606, 'L', '7.0', 50.7, 0.0, 'CW', 'N/a'], [1, 1, 6, 1.5509489218341272, -0.8357820075801392, -1.5857604185687464, -3.8326670132079066, -1.5605204741107386, 0.034925222396850586, '0.679', 0.7803899645805359, 0.7413704991340637, 0.7694644927978516, 0.7686841487884521, 'L', '7.0', 51.0, 0.0, 'CW', 'N/a']]
2025-01-24 09:37:22,138 - INFO - Diameter W1 changed to: 0.7803899645805359 
2025-01-24 09:37:22,138 - INFO - Diameter W2 changed to: 0.7413704991340637 
2025-01-24 09:37:22,138 - INFO - Diameter Mean changed to: 0.7694644927978516 
2025-01-24 09:37:22,138 - INFO - Diameter Median changed to: 0.7686841487884521 
2025-01-24 09:37:26,050 - INFO - Controller change requested : Switching to Forward
2025-01-24 09:37:26,198 - INFO - Controller change requested : Switching to Joints
2025-01-24 09:37:29,388 - INFO - Exit Requested. Saved Values : [[1, 1, 1, 1.5479591528521937, -0.8322078746608277, -1.586360279713766, -3.835433622399801, -1.5600417296039026, 0.009913444519042969, '0.679', 0.7359290719032288, 0.7076241374015808, 0.7453640699386597, 0.7359290719032288, 'C', '8.5', 59.95, 0.0, 'CW', 'N/a'], [1, 1, 2, 1.5506961981402796, -0.8338933748057862, -1.5864680449115198, -3.83742155651235, -1.5595863501178187, -0.03890878358949834, '0.679', 0.7518702149391174, 0.6766831874847412, 0.7602242827415466, 0.7706669569015503, 'C', '8.5', 55.15, 0.0, 'CW', 'N/a'], [1, 1, 3, 1.5532196203814905, -0.832446889286377, -1.5862162748919886, -3.8407026729979457, -1.5600174109088343, -0.0133135954486292, '0.679', 0.7304056882858276, 0.7116773128509521, 0.763849139213562, 0.7678623795509338, 'L', '8.5', 60.4, 0.0, 'CW', 'N/a'], [1, 1, 4, 1.5517538229571741, -0.8398341697505494, -1.5857365767108362, -3.831888814965719, -1.5607007185565394, 0.05295872688293457, '0.679', 0.7468481063842773, 0.7390684485435486, 0.7594900727272034, 0.7624074816703796, 'C', '7.0', 50.6, 0.0, 'CW', 'N/a'], [1, 1, 5, 1.5501087347613733, -0.8307256263545533, -1.5855925718890589, -3.836475511590475, -1.5600655714618128, -0.025199715291158498, '0.679', 0.7529040575027466, 0.7529040575027466, 0.8407428860664368, 0.8038819432258606, 'L', '7.0', 50.7, 0.0, 'CW', 'N/a'], [1, 1, 6, 1.5509489218341272, -0.8357820075801392, -1.5857604185687464, -3.8326670132079066, -1.5605204741107386, 0.034925222396850586, '0.679', 0.7803899645805359, 0.7413704991340637, 0.7694644927978516, 0.7686841487884521, 'L', '7.0', 51.0, 0.0, 'CW', 'N/a']]
2025-01-24 09:37:29,388 - INFO - After Exit Request values were saved to: /home/ryan/ros2_ws_groundtruth/src/Ground_Truth_Ros/ground_truth/csv_files/UFO_Tree_1_2025_01_24_09_37_29.csv and /home/ryan/ros2_ws_groundtruth/src/Ground_Truth_Ros/ground_truth/json_files/UFO_Tree_1_2025_01_24_09_37_29.json
