2024-11-21 12:59:41,808 - INFO - File name changed to: UFO_Tree_0
2024-11-21 12:59:41,809 - INFO - Trial Number changed to: 1
2024-11-21 12:59:41,809 - INFO - Branch Number changed to: 1
2024-11-21 12:59:41,809 - INFO - File name changed to: UFO_Tree_1
2024-11-21 12:59:41,809 - INFO - File name changed to: UFO_Tree_1
2024-11-21 12:59:41,809 - INFO - Tree Number changed to: 1
2024-11-21 12:59:51,931 - INFO - Set to Rotate to: 0 degrees (0.0 radians)
2024-11-21 12:59:54,614 - INFO - Set to Rotate to: 90 degrees (1.5708 radians)
2024-11-21 13:00:01,805 - INFO - Controller change requested : Switching to Forward
2024-11-21 13:00:04,665 - INFO - Controller change requested : Switching to Joints
2024-11-21 13:00:50,317 - INFO - Measured Diameter changed to: 0
2024-11-21 13:00:50,819 - INFO - Measured Diameter changed to: 0.
2024-11-21 13:00:51,280 - INFO - Measured Diameter changed to: 0.5
2024-11-21 13:00:56,799 - INFO - File name changed to: UFO_Tree_2
2024-11-21 13:00:56,799 - INFO - File name changed to: UFO_Tree_2
2024-11-21 13:00:56,799 - INFO - Tree Number changed to: 2
2024-11-21 13:01:01,037 - INFO - Branch Number changed to: 2
2024-11-21 13:01:02,093 - INFO - Branch Number changed to: 3
2024-11-21 13:01:03,593 - INFO - File name changed to: UFO_Tree_3
2024-11-21 13:01:03,593 - INFO - Branch Number changed to: 1
2024-11-21 13:01:03,593 - INFO - File name changed to: UFO_Tree_3
2024-11-21 13:01:03,593 - INFO - Tree Number changed to: 3
2024-11-21 13:03:49,643 - INFO - Start Requested
2024-11-21 13:04:19,162 - INFO - Controller change requested : Switching to Forward
2024-11-21 13:04:19,500 - INFO - Controller change requested : Switching to Joints
2024-11-21 13:04:43,861 - INFO - Start Requested
2024-11-21 13:06:15,208 - INFO - Controller change requested : Switching to Forward
2024-11-21 13:06:15,511 - INFO - Controller change requested : Switching to Joints
2024-11-21 13:06:48,343 - INFO - Start Requested
2024-11-21 13:07:31,063 - INFO - The angle correction has changed: angle added:0.0 angle direction: CW 
2024-11-21 13:08:10,363 - INFO - Diameter W1 changed to: 0.5280717611312866 
2024-11-21 13:08:10,363 - INFO - Diameter W2 changed to: 0.5280717611312866 
2024-11-21 13:08:10,363 - INFO - Diameter Mean changed to: 0.5595707893371582 
2024-11-21 13:08:10,363 - INFO - Diameter Median changed to: 0.5466005802154541 
2024-11-21 13:08:10,363 - INFO - Total time changed to: 80.62
2024-11-21 13:08:35,946 - INFO - Hit position changed to: c 
2024-11-21 13:08:36,209 - INFO - Hit position changed to: ce 
2024-11-21 13:08:36,391 - INFO - Hit position changed to: cen 
2024-11-21 13:08:36,517 - INFO - Hit position changed to: cent 
2024-11-21 13:08:36,666 - INFO - Hit position changed to: cente 
2024-11-21 13:08:36,725 - INFO - Hit position changed to: center 
2024-11-21 13:08:37,959 - INFO - Distance to tree changed to: 8 
2024-11-21 13:08:38,059 - INFO - Distance to tree changed to: 8. 
2024-11-21 13:08:38,447 - INFO - Distance to tree changed to: 8.5 
2024-11-21 13:08:40,665 - INFO - Note changed to: A 
2024-11-21 13:08:40,791 - INFO - Note changed to: AH 
2024-11-21 13:08:40,932 - INFO - Note changed to: AHH 
2024-11-21 13:08:43,521 - INFO - Note changed to:  
2024-11-21 13:08:43,521 - INFO - Hit position changed to:  
2024-11-21 13:08:43,521 - INFO - Save Requested. Saved Values : [[3, 1, 1, -0.9086872935295105, -2.6296235523619593, -0.13211137453188115, 0.35503141462292476, 0.6982028484344482, 1.4102504253387451, '0.5', 0.5280717611312866, 0.5280717611312866, 0.5595707893371582, 0.5466005802154541, 'center', '8.5', 80.62, 0.0, 'CW', 'AHH']]
2024-11-21 13:08:45,577 - INFO - Trial Number changed to: 2
2024-11-21 13:08:59,105 - INFO - Controller change requested : Switching to Forward
2024-11-21 13:08:59,260 - INFO - Controller change requested : Switching to Joints
2024-11-21 13:09:28,898 - INFO - Exit Requested. Saved Values : [[3, 1, 1, -0.9086872935295105, -2.6296235523619593, -0.13211137453188115, 0.35503141462292476, 0.6982028484344482, 1.4102504253387451, '0.5', 0.5280717611312866, 0.5280717611312866, 0.5595707893371582, 0.5466005802154541, 'center', '8.5', 80.62, 0.0, 'CW', 'AHH']]
2024-11-21 13:09:28,898 - INFO - After Exit Request values were saved to: /home/ryan/ros2_ws_groundtruth/src/Ground_Truth_Ros/ground_truth/csv_files/UFO_Tree_3_2024_11_21_13_09_28.csv
