2025-01-12 10:23:21,792 - INFO - File name changed to: UFO_Tree_0
2025-01-12 10:23:21,792 - INFO - Trial Number changed to: 1
2025-01-12 10:23:21,792 - INFO - Branch Number changed to: 1
2025-01-12 10:23:21,793 - INFO - File name changed to: UFO_Tree_1
2025-01-12 10:23:21,793 - INFO - File name changed to: UFO_Tree_1
2025-01-12 10:23:21,793 - INFO - Tree Number changed to: 1
2025-01-12 10:23:25,657 - INFO - Measured Diameter changed to: 0
2025-01-12 10:23:25,886 - INFO - Measured Diameter changed to: 0.
2025-01-12 10:23:26,381 - INFO - Measured Diameter changed to: 0.5
2025-01-12 10:23:28,728 - INFO - Distance to tree changed to: 9 
2025-01-12 10:23:29,665 - INFO - Distance to tree changed to: 9. 
2025-01-12 10:23:29,939 - INFO - Distance to tree changed to: 9.0 
2025-01-12 10:23:32,542 - INFO - Start Requested
2025-01-12 10:23:36,087 - INFO - Controller change requested : Switching to Forward
2025-01-12 10:23:36,510 - INFO - Controller change requested : Switching to Joints
2025-01-12 10:23:45,570 - INFO - Start Requested
2025-01-12 10:24:06,712 - INFO - The angle correction has changed: angle added:0.0 angle direction: CW 
2025-01-12 10:25:49,478 - INFO - Controller change requested : Switching to Forward
2025-01-12 10:25:49,753 - INFO - Controller change requested : Switching to Joints
2025-01-12 10:26:12,416 - INFO - Start Requested
2025-01-12 10:26:32,311 - INFO - The angle correction has changed: angle added:0.0 angle direction: CW 
2025-01-12 10:29:03,492 - INFO - Controller change requested : Switching to Forward
2025-01-12 10:29:03,816 - INFO - Controller change requested : Switching to Joints
2025-01-12 10:30:23,834 - INFO - Controller change requested : Switching to Forward
2025-01-12 10:30:24,229 - INFO - Controller change requested : Switching to Joints
2025-01-12 10:31:02,202 - INFO - Start Requested
2025-01-12 10:31:24,612 - INFO - The angle correction has changed: angle added:0.0 angle direction: CW 
2025-01-12 10:36:51,645 - INFO - Controller change requested : Switching to Forward
2025-01-12 10:36:52,039 - INFO - Controller change requested : Switching to Joints
2025-01-12 10:37:02,198 - INFO - Start Requested
2025-01-12 10:37:23,212 - INFO - The angle correction has changed: angle added:0.0 angle direction: CW 
2025-01-12 10:37:59,411 - INFO - Diameter W1 changed to: 2.241806983947754 
2025-01-12 10:37:59,412 - INFO - Diameter W2 changed to: 0.4361886978149414 
2025-01-12 10:37:59,412 - INFO - Diameter Mean changed to: 2.596144676208496 
2025-01-12 10:37:59,412 - INFO - Diameter Median changed to: 3.027961015701294 
2025-01-12 10:37:59,412 - INFO - Total time changed to: 56.05
2025-01-12 10:38:13,181 - INFO - Hit position changed to: L 
2025-01-12 10:38:14,973 - INFO - Hit position changed to:  
2025-01-12 10:38:14,973 - INFO - Save Requested. Saved Values : [[1, 1, 1, 1.9676998297320765, -0.8157598537257691, -1.6079476515399378, -4.221758743325704, -1.583930794392721, 1.0286102294921875, '0.5', 2.241806983947754, 0.4361886978149414, 2.596144676208496, 3.027961015701294, 'L', '9.0', 56.05, 0.0, 'CW', 'N/a']]
2025-01-12 10:38:15,012 - INFO - Diameter W1 changed to: 2.241806983947754 
2025-01-12 10:38:15,012 - INFO - Diameter W2 changed to: 0.4361886978149414 
2025-01-12 10:38:15,012 - INFO - Diameter Mean changed to: 2.596144676208496 
2025-01-12 10:38:15,012 - INFO - Diameter Median changed to: 3.027961015701294 
2025-01-12 10:38:17,520 - INFO - Controller change requested : Switching to Forward
2025-01-12 10:38:17,795 - INFO - Controller change requested : Switching to Joints
2025-01-12 10:38:24,196 - INFO - Trial Number changed to: 2
2025-01-12 10:38:27,138 - INFO - Start Requested
2025-01-12 10:38:46,811 - INFO - The angle correction has changed: angle added:0.0 angle direction: CW 
2025-01-12 10:39:22,112 - INFO - Diameter W1 changed to: 0.5992470383644104 
2025-01-12 10:39:22,112 - INFO - Diameter W2 changed to: 0.5383066534996033 
2025-01-12 10:39:22,112 - INFO - Diameter Mean changed to: 1.82120680809021 
2025-01-12 10:39:22,112 - INFO - Diameter Median changed to: 1.1781806945800781 
2025-01-12 10:39:22,112 - INFO - Total time changed to: 53.15
2025-01-12 10:39:31,345 - INFO - Hit position changed to: R 
2025-01-12 10:39:34,575 - INFO - Hit position changed to:  
2025-01-12 10:39:34,575 - INFO - Save Requested. Saved Values : [[1, 1, 1, 1.9676998297320765, -0.8157598537257691, -1.6079476515399378, -4.221758743325704, -1.583930794392721, 1.0286102294921875, '0.5', 2.241806983947754, 0.4361886978149414, 2.596144676208496, 3.027961015701294, 'L', '9.0', 56.05, 0.0, 'CW', 'N/a'], [1, 1, 2, 1.968792740498678, -0.8157000106624146, -1.6115716139422815, -4.222371002236837, -1.5808399359332483, 1.1001291275024414, '0.5', 0.5992470383644104, 0.5383066534996033, 1.82120680809021, 1.1781806945800781, 'R', '9.0', 53.15, 0.0, 'CW', 'N/a']]
2025-01-12 10:39:34,611 - INFO - Diameter W1 changed to: 0.5992470383644104 
2025-01-12 10:39:34,612 - INFO - Diameter W2 changed to: 0.5383066534996033 
2025-01-12 10:39:34,612 - INFO - Diameter Mean changed to: 1.82120680809021 
2025-01-12 10:39:34,612 - INFO - Diameter Median changed to: 1.1781806945800781 
2025-01-12 10:39:35,703 - INFO - Controller change requested : Switching to Forward
2025-01-12 10:39:36,712 - INFO - Controller change requested : Switching to Joints
2025-01-12 10:39:45,375 - INFO - Start Requested
2025-01-12 10:39:51,329 - INFO - Trial Number changed to: 3
2025-01-12 10:40:07,912 - INFO - The angle correction has changed: angle added:0.0 angle direction: CW 
2025-01-12 10:40:40,411 - INFO - Diameter W1 changed to: 0.575924813747406 
2025-01-12 10:40:40,412 - INFO - Diameter W2 changed to: 0.3940538465976715 
2025-01-12 10:40:40,412 - INFO - Diameter Mean changed to: 1.5149601697921753 
2025-01-12 10:40:40,412 - INFO - Diameter Median changed to: 1.9753211736679077 
2025-01-12 10:40:40,412 - INFO - Total time changed to: 51.55
2025-01-12 10:40:45,785 - INFO - Hit position changed to: L 
2025-01-12 10:40:50,156 - INFO - Hit position changed to:  
2025-01-12 10:40:50,156 - INFO - Save Requested. Saved Values : [[1, 1, 1, 1.9676998297320765, -0.8157598537257691, -1.6079476515399378, -4.221758743325704, -1.583930794392721, 1.0286102294921875, '0.5', 2.241806983947754, 0.4361886978149414, 2.596144676208496, 3.027961015701294, 'L', '9.0', 56.05, 0.0, 'CW', 'N/a'], [1, 1, 2, 1.968792740498678, -0.8157000106624146, -1.6115716139422815, -4.222371002236837, -1.5808399359332483, 1.1001291275024414, '0.5', 0.5992470383644104, 0.5383066534996033, 1.82120680809021, 1.1781806945800781, 'R', '9.0', 53.15, 0.0, 'CW', 'N/a'], [1, 1, 3, 1.9660547415362757, -0.8157120508006592, -1.5988743940936487, -4.222034832040304, -1.5924494902240198, 0.9526739120483398, '0.5', 0.575924813747406, 0.3940538465976715, 1.5149601697921753, 1.9753211736679077, 'L', '9.0', 51.55, 0.0, 'CW', 'N/a']]
2025-01-12 10:40:50,212 - INFO - Diameter W1 changed to: 0.575924813747406 
2025-01-12 10:40:50,212 - INFO - Diameter W2 changed to: 0.3940538465976715 
2025-01-12 10:40:50,212 - INFO - Diameter Mean changed to: 1.5149601697921753 
2025-01-12 10:40:50,212 - INFO - Diameter Median changed to: 1.9753211736679077 
2025-01-12 10:40:59,376 - INFO - Distance to tree changed to: 9. 
2025-01-12 10:40:59,509 - INFO - Distance to tree changed to: 9 
2025-01-12 10:40:59,790 - INFO - Distance to tree changed to:  
2025-01-12 10:41:00,523 - INFO - Distance to tree changed to: 6 
2025-01-12 10:41:01,173 - INFO - Distance to tree changed to:  
2025-01-12 10:41:01,570 - INFO - Distance to tree changed to: 7 
2025-01-12 10:41:02,089 - INFO - Distance to tree changed to: 7. 
2025-01-12 10:41:02,511 - INFO - Distance to tree changed to: 7.5 
2025-01-12 10:41:12,384 - INFO - Controller change requested : Switching to Forward
2025-01-12 10:41:13,273 - INFO - Controller change requested : Switching to Joints
2025-01-12 10:44:23,921 - INFO - Start Requested
2025-01-12 10:44:44,412 - INFO - The angle correction has changed: angle added:0.0 angle direction: CW 
2025-01-12 10:45:10,812 - INFO - Diameter W1 changed to: 0.5496582984924316 
2025-01-12 10:45:10,812 - INFO - Diameter W2 changed to: 0.5324814915657043 
2025-01-12 10:45:10,812 - INFO - Diameter Mean changed to: 0.5996272563934326 
2025-01-12 10:45:10,813 - INFO - Diameter Median changed to: 0.584011971950531 
2025-01-12 10:45:10,813 - INFO - Total time changed to: 44.65
2025-01-12 10:45:18,354 - INFO - Hit position changed to: C 
2025-01-12 10:45:22,100 - INFO - Trial Number changed to: 4
2025-01-12 10:45:23,490 - INFO - Hit position changed to:  
2025-01-12 10:45:23,490 - INFO - Save Requested. Saved Values : [[1, 1, 1, 1.9676998297320765, -0.8157598537257691, -1.6079476515399378, -4.221758743325704, -1.583930794392721, 1.0286102294921875, '0.5', 2.241806983947754, 0.4361886978149414, 2.596144676208496, 3.027961015701294, 'L', '9.0', 56.05, 0.0, 'CW', 'N/a'], [1, 1, 2, 1.968792740498678, -0.8157000106624146, -1.6115716139422815, -4.222371002236837, -1.5808399359332483, 1.1001291275024414, '0.5', 0.5992470383644104, 0.5383066534996033, 1.82120680809021, 1.1781806945800781, 'R', '9.0', 53.15, 0.0, 'CW', 'N/a'], [1, 1, 3, 1.9660547415362757, -0.8157120508006592, -1.5988743940936487, -4.222034832040304, -1.5924494902240198, 0.9526739120483398, '0.5', 0.575924813747406, 0.3940538465976715, 1.5149601697921753, 1.9753211736679077, 'L', '9.0', 51.55, 0.0, 'CW', 'N/a'], [1, 1, 4, 1.9646614233600062, -0.8141580385020752, -1.604431454335348, -4.2204982242979945, -1.5883997122394007, 1.0782761573791504, '0.5', 0.5496582984924316, 0.5324814915657043, 0.5996272563934326, 0.584011971950531, 'C', '7.5', 44.65, 0.0, 'CW', 'N/a']]
2025-01-12 10:45:23,511 - INFO - Diameter W1 changed to: 0.5496582984924316 
2025-01-12 10:45:23,512 - INFO - Diameter W2 changed to: 0.5324814915657043 
2025-01-12 10:45:23,512 - INFO - Diameter Mean changed to: 0.5996272563934326 
2025-01-12 10:45:23,512 - INFO - Diameter Median changed to: 0.584011971950531 
2025-01-12 10:45:25,550 - INFO - Trial Number changed to: 5
2025-01-12 10:45:27,800 - INFO - Controller change requested : Switching to Forward
2025-01-12 10:45:28,076 - INFO - Controller change requested : Switching to Joints
2025-01-12 10:45:39,170 - INFO - Start Requested
2025-01-12 10:45:59,512 - INFO - The angle correction has changed: angle added:0.0 angle direction: CW 
2025-01-12 10:46:24,612 - INFO - Diameter Mean changed to: 0.4484823942184448 
2025-01-12 10:46:24,612 - INFO - Diameter Median changed to: 0.43123307824134827 
2025-01-12 10:46:24,612 - INFO - Total time changed to: 43.15
2025-01-12 10:46:31,758 - INFO - Hit position changed to: R 
2025-01-12 10:46:38,318 - INFO - Hit position changed to:  
2025-01-12 10:46:38,318 - INFO - Save Requested. Saved Values : [[1, 1, 1, 1.9676998297320765, -0.8157598537257691, -1.6079476515399378, -4.221758743325704, -1.583930794392721, 1.0286102294921875, '0.5', 2.241806983947754, 0.4361886978149414, 2.596144676208496, 3.027961015701294, 'L', '9.0', 56.05, 0.0, 'CW', 'N/a'], [1, 1, 2, 1.968792740498678, -0.8157000106624146, -1.6115716139422815, -4.222371002236837, -1.5808399359332483, 1.1001291275024414, '0.5', 0.5992470383644104, 0.5383066534996033, 1.82120680809021, 1.1781806945800781, 'R', '9.0', 53.15, 0.0, 'CW', 'N/a'], [1, 1, 3, 1.9660547415362757, -0.8157120508006592, -1.5988743940936487, -4.222034832040304, -1.5924494902240198, 0.9526739120483398, '0.5', 0.575924813747406, 0.3940538465976715, 1.5149601697921753, 1.9753211736679077, 'L', '9.0', 51.55, 0.0, 'CW', 'N/a'], [1, 1, 4, 1.9646614233600062, -0.8141580385020752, -1.604431454335348, -4.2204982242979945, -1.5883997122394007, 1.0782761573791504, '0.5', 0.5496582984924316, 0.5324814915657043, 0.5996272563934326, 0.584011971950531, 'C', '7.5', 44.65, 0.0, 'CW', 'N/a'], [1, 1, 5, 1.9654539267169397, -0.8139189046672364, -1.6118109861956995, -4.220126291314596, -1.5824092070208948, 1.1521806716918945, '0.5', 0.551978349685669, 0.53472900390625, 0.4484823942184448, 0.43123307824134827, 'R', '7.5', 43.15, 0.0, 'CW', 'N/a']]
2025-01-12 10:46:38,411 - INFO - Diameter W1 changed to: 0.551978349685669 
2025-01-12 10:46:38,412 - INFO - Diameter W2 changed to: 0.53472900390625 
2025-01-12 10:46:38,412 - INFO - Diameter Mean changed to: 0.4484823942184448 
2025-01-12 10:46:38,412 - INFO - Diameter Median changed to: 0.43123307824134827 
2025-01-12 10:46:41,343 - INFO - Trial Number changed to: 6
2025-01-12 10:46:42,493 - INFO - Controller change requested : Switching to Forward
2025-01-12 10:46:42,782 - INFO - Controller change requested : Switching to Joints
2025-01-12 10:46:49,340 - INFO - Start Requested
2025-01-12 10:47:10,612 - INFO - The angle correction has changed: angle added:0.0 angle direction: CW 
2025-01-12 10:47:35,712 - INFO - Diameter W1 changed to: 0.5215007662773132 
2025-01-12 10:47:35,712 - INFO - Diameter W2 changed to: 0.4445580542087555 
2025-01-12 10:47:35,712 - INFO - Diameter Mean changed to: 0.5377442836761475 
2025-01-12 10:47:35,712 - INFO - Diameter Median changed to: 0.5514229536056519 
2025-01-12 10:47:35,712 - INFO - Total time changed to: 44.55
2025-01-12 10:47:40,275 - INFO - Hit position changed to: C 
2025-01-12 10:47:50,240 - INFO - Hit position changed to:  
2025-01-12 10:47:50,240 - INFO - Save Requested. Saved Values : [[1, 1, 1, 1.9676998297320765, -0.8157598537257691, -1.6079476515399378, -4.221758743325704, -1.583930794392721, 1.0286102294921875, '0.5', 2.241806983947754, 0.4361886978149414, 2.596144676208496, 3.027961015701294, 'L', '9.0', 56.05, 0.0, 'CW', 'N/a'], [1, 1, 2, 1.968792740498678, -0.8157000106624146, -1.6115716139422815, -4.222371002236837, -1.5808399359332483, 1.1001291275024414, '0.5', 0.5992470383644104, 0.5383066534996033, 1.82120680809021, 1.1781806945800781, 'R', '9.0', 53.15, 0.0, 'CW', 'N/a'], [1, 1, 3, 1.9660547415362757, -0.8157120508006592, -1.5988743940936487, -4.222034832040304, -1.5924494902240198, 0.9526739120483398, '0.5', 0.575924813747406, 0.3940538465976715, 1.5149601697921753, 1.9753211736679077, 'L', '9.0', 51.55, 0.0, 'CW', 'N/a'], [1, 1, 4, 1.9646614233600062, -0.8141580385020752, -1.604431454335348, -4.2204982242979945, -1.5883997122394007, 1.0782761573791504, '0.5', 0.5496582984924316, 0.5324814915657043, 0.5996272563934326, 0.584011971950531, 'C', '7.5', 44.65, 0.0, 'CW', 'N/a'], [1, 1, 5, 1.9654539267169397, -0.8139189046672364, -1.6118109861956995, -4.220126291314596, -1.5824092070208948, 1.1521806716918945, '0.5', 0.551978349685669, 0.53472900390625, 0.4484823942184448, 0.43123307824134827, 'R', '7.5', 43.15, 0.0, 'CW', 'N/a'], [1, 1, 6, 1.9674719015704554, -0.8150187295726319, -1.602823559437887, -4.221914907495016, -1.5902445952044886, 1.0326967239379883, '0.5', 0.5215007662773132, 0.4445580542087555, 0.5377442836761475, 0.5514229536056519, 'C', '7.5', 44.55, 0.0, 'CW', 'N/a']]
2025-01-12 10:47:50,312 - INFO - Diameter W1 changed to: 0.5215007662773132 
2025-01-12 10:47:50,312 - INFO - Diameter W2 changed to: 0.4445580542087555 
2025-01-12 10:47:50,312 - INFO - Diameter Mean changed to: 0.5377442836761475 
2025-01-12 10:47:50,312 - INFO - Diameter Median changed to: 0.5514229536056519 
2025-01-12 10:47:52,418 - INFO - Trial Number changed to: 1
2025-01-12 10:47:52,418 - INFO - Branch Number changed to: 2
2025-01-12 10:47:53,906 - INFO - File name changed to: UFO_Tree1
2025-01-12 10:47:54,053 - INFO - File name changed to: UFO_Tre1
2025-01-12 10:47:54,212 - INFO - File name changed to: UFO_Tr1
2025-01-12 10:47:54,338 - INFO - File name changed to: UFO_T1
2025-01-12 10:47:54,439 - INFO - File name changed to: UFO_Te1
2025-01-12 10:47:54,522 - INFO - File name changed to: UFO_Tes1
2025-01-12 10:47:54,747 - INFO - File name changed to: UFO_Test1
2025-01-12 10:47:55,414 - INFO - File name changed to: UFO_Test_1
2025-01-12 10:47:55,869 - INFO - File name changed to: UFO_Test_21
2025-01-12 10:47:56,167 - INFO - File name changed to: UFO_Test_1
2025-01-12 10:47:56,260 - INFO - File name changed to: UFO_Test_31
2025-01-12 10:47:56,327 - INFO - File name changed to: UFO_Test_301
2025-01-12 10:47:56,888 - INFO - File name changed to: UFO_Test_31
2025-01-12 10:47:57,005 - INFO - File name changed to: UFO_Test_1
2025-01-12 10:47:57,197 - INFO - File name changed to: UFO_Test_21
2025-01-12 10:47:57,313 - INFO - File name changed to: UFO_Test_201
2025-01-12 10:47:57,858 - INFO - File name changed to: UFO_Test_20_1
2025-01-12 10:47:59,460 - INFO - File name changed to: UFO_Test_120_1
2025-01-12 10:48:00,185 - INFO - File name changed to: UFO_Test_1_20_1
2025-01-12 10:48:02,158 - INFO - File name changed to: UFO_Test_1_20_
2025-01-12 10:48:02,555 - INFO - File name changed to: UFO_Test_1_20_0
2025-01-12 10:48:16,490 - INFO - Controller change requested : Switching to Forward
2025-01-12 10:48:16,829 - INFO - Controller change requested : Switching to Joints
2025-01-12 10:49:32,503 - INFO - Start Requested
2025-01-12 10:49:53,112 - INFO - The angle correction has changed: angle added:0.0 angle direction: CW 
2025-01-12 10:50:18,412 - INFO - Diameter W1 changed to: 0.8983538150787354 
2025-01-12 10:50:18,412 - INFO - Diameter W2 changed to: 0.7870533466339111 
2025-01-12 10:50:18,412 - INFO - Diameter Mean changed to: 1.953323245048523 
2025-01-12 10:50:18,412 - INFO - Diameter Median changed to: 2.190234422683716 
2025-01-12 10:50:18,412 - INFO - Total time changed to: 44.65
2025-01-12 10:50:26,329 - INFO - Hit position changed to: C 
2025-01-12 10:50:27,613 - INFO - Measured Diameter changed to: 0.
2025-01-12 10:50:28,262 - INFO - Measured Diameter changed to: 0.7
2025-01-12 10:50:28,503 - INFO - Measured Diameter changed to: 0.75
2025-01-12 10:50:32,422 - INFO - Hit position changed to:  
2025-01-12 10:50:32,422 - INFO - Save Requested. Saved Values : [[1, 1, 1, 1.9676998297320765, -0.8157598537257691, -1.6079476515399378, -4.221758743325704, -1.583930794392721, 1.0286102294921875, '0.5', 2.241806983947754, 0.4361886978149414, 2.596144676208496, 3.027961015701294, 'L', '9.0', 56.05, 0.0, 'CW', 'N/a'], [1, 1, 2, 1.968792740498678, -0.8157000106624146, -1.6115716139422815, -4.222371002236837, -1.5808399359332483, 1.1001291275024414, '0.5', 0.5992470383644104, 0.5383066534996033, 1.82120680809021, 1.1781806945800781, 'R', '9.0', 53.15, 0.0, 'CW', 'N/a'], [1, 1, 3, 1.9660547415362757, -0.8157120508006592, -1.5988743940936487, -4.222034832040304, -1.5924494902240198, 0.9526739120483398, '0.5', 0.575924813747406, 0.3940538465976715, 1.5149601697921753, 1.9753211736679077, 'L', '9.0', 51.55, 0.0, 'CW', 'N/a'], [1, 1, 4, 1.9646614233600062, -0.8141580385020752, -1.604431454335348, -4.2204982242979945, -1.5883997122394007, 1.0782761573791504, '0.5', 0.5496582984924316, 0.5324814915657043, 0.5996272563934326, 0.584011971950531, 'C', '7.5', 44.65, 0.0, 'CW', 'N/a'], [1, 1, 5, 1.9654539267169397, -0.8139189046672364, -1.6118109861956995, -4.220126291314596, -1.5824092070208948, 1.1521806716918945, '0.5', 0.551978349685669, 0.53472900390625, 0.4484823942184448, 0.43123307824134827, 'R', '7.5', 43.15, 0.0, 'CW', 'N/a'], [1, 1, 6, 1.9674719015704554, -0.8150187295726319, -1.602823559437887, -4.221914907495016, -1.5902445952044886, 1.0326967239379883, '0.5', 0.5215007662773132, 0.4445580542087555, 0.5377442836761475, 0.5514229536056519, 'C', '7.5', 44.55, 0.0, 'CW', 'N/a'], [1, 2, 1, 2.0065906683551233, -0.8291477721980591, -1.602823559437887, -4.245023389855856, -1.5902326742755335, 1.0202817916870117, '0.75', 0.8983538150787354, 0.7870533466339111, 1.953323245048523, 2.190234422683716, 'C', '7.5', 44.65, 0.0, 'CW', 'N/a']]
2025-01-12 10:50:32,511 - INFO - Diameter W1 changed to: 0.8983538150787354 
2025-01-12 10:50:32,511 - INFO - Diameter W2 changed to: 0.7870533466339111 
2025-01-12 10:50:32,511 - INFO - Diameter Mean changed to: 1.953323245048523 
2025-01-12 10:50:32,511 - INFO - Diameter Median changed to: 2.190234422683716 
2025-01-12 10:50:34,876 - INFO - Trial Number changed to: 2
2025-01-12 10:50:35,764 - INFO - Controller change requested : Switching to Forward
2025-01-12 10:50:36,102 - INFO - Controller change requested : Switching to Joints
2025-01-12 10:50:45,764 - INFO - Start Requested
2025-01-12 10:51:08,912 - INFO - The angle correction has changed: angle added:0.0 angle direction: CW 
2025-01-12 10:51:33,460 - INFO - Note changed to: B 
2025-01-12 10:51:33,913 - INFO - Note changed to: Ba 
2025-01-12 10:51:34,046 - INFO - Note changed to: Bad 
2025-01-12 10:51:34,164 - INFO - Note changed to: Bad  
2025-01-12 10:51:35,011 - INFO - Diameter W1 changed to: 3.6114532947540283 
2025-01-12 10:51:35,012 - INFO - Diameter W2 changed to: 3.6114532947540283 
2025-01-12 10:51:35,012 - INFO - Diameter Mean changed to: 2.1141042709350586 
2025-01-12 10:51:35,012 - INFO - Diameter Median changed to: 2.3170828819274902 
2025-01-12 10:51:35,012 - INFO - Total time changed to: 47.95
2025-01-12 10:51:35,071 - INFO - Note changed to: Bad v 
2025-01-12 10:51:35,196 - INFO - Note changed to: Bad vi 
2025-01-12 10:51:35,247 - INFO - Note changed to: Bad vid 
2025-01-12 10:51:35,447 - INFO - Note changed to: Bad vide 
2025-01-12 10:51:35,590 - INFO - Note changed to: Bad video 
2025-01-12 10:51:54,317 - INFO - Hit position changed to: C 
2025-01-12 10:51:58,325 - INFO - Note changed to:  
2025-01-12 10:51:58,325 - INFO - Hit position changed to:  
2025-01-12 10:51:58,325 - INFO - Save Requested. Saved Values : [[1, 1, 1, 1.9676998297320765, -0.8157598537257691, -1.6079476515399378, -4.221758743325704, -1.583930794392721, 1.0286102294921875, '0.5', 2.241806983947754, 0.4361886978149414, 2.596144676208496, 3.027961015701294, 'L', '9.0', 56.05, 0.0, 'CW', 'N/a'], [1, 1, 2, 1.968792740498678, -0.8157000106624146, -1.6115716139422815, -4.222371002236837, -1.5808399359332483, 1.1001291275024414, '0.5', 0.5992470383644104, 0.5383066534996033, 1.82120680809021, 1.1781806945800781, 'R', '9.0', 53.15, 0.0, 'CW', 'N/a'], [1, 1, 3, 1.9660547415362757, -0.8157120508006592, -1.5988743940936487, -4.222034832040304, -1.5924494902240198, 0.9526739120483398, '0.5', 0.575924813747406, 0.3940538465976715, 1.5149601697921753, 1.9753211736679077, 'L', '9.0', 51.55, 0.0, 'CW', 'N/a'], [1, 1, 4, 1.9646614233600062, -0.8141580385020752, -1.604431454335348, -4.2204982242979945, -1.5883997122394007, 1.0782761573791504, '0.5', 0.5496582984924316, 0.5324814915657043, 0.5996272563934326, 0.584011971950531, 'C', '7.5', 44.65, 0.0, 'CW', 'N/a'], [1, 1, 5, 1.9654539267169397, -0.8139189046672364, -1.6118109861956995, -4.220126291314596, -1.5824092070208948, 1.1521806716918945, '0.5', 0.551978349685669, 0.53472900390625, 0.4484823942184448, 0.43123307824134827, 'R', '7.5', 43.15, 0.0, 'CW', 'N/a'], [1, 1, 6, 1.9674719015704554, -0.8150187295726319, -1.602823559437887, -4.221914907495016, -1.5902445952044886, 1.0326967239379883, '0.5', 0.5215007662773132, 0.4445580542087555, 0.5377442836761475, 0.5514229536056519, 'C', '7.5', 44.55, 0.0, 'CW', 'N/a'], [1, 2, 1, 2.0065906683551233, -0.8291477721980591, -1.602823559437887, -4.245023389855856, -1.5902326742755335, 1.0202817916870117, '0.75', 0.8983538150787354, 0.7870533466339111, 1.953323245048523, 2.190234422683716, 'C', '7.5', 44.65, 0.0, 'CW', 'N/a'], [1, 2, 2, 2.0045726935016077, -0.8289087575725098, -1.6042512098895472, -4.242790361443991, -1.588315788899557, 1.092660903930664, '0.75', 3.6114532947540283, 3.6114532947540283, 2.1141042709350586, 2.3170828819274902, 'C', '7.5', 47.95, 0.0, 'CW', 'Bad video']]
2025-01-12 10:51:58,412 - INFO - Diameter W1 changed to: 3.6114532947540283 
2025-01-12 10:51:58,412 - INFO - Diameter W2 changed to: 3.6114532947540283 
2025-01-12 10:51:58,412 - INFO - Diameter Mean changed to: 2.1141042709350586 
2025-01-12 10:51:58,412 - INFO - Diameter Median changed to: 2.3170828819274902 
2025-01-12 10:52:01,386 - INFO - Trial Number changed to: 3
2025-01-12 10:52:05,138 - INFO - Controller change requested : Switching to Forward
2025-01-12 10:52:05,314 - INFO - Controller change requested : Switching to Joints
2025-01-12 10:52:13,827 - INFO - Start Requested
2025-01-12 10:52:34,512 - INFO - The angle correction has changed: angle added:0.0 angle direction: CW 
2025-01-12 10:53:00,912 - INFO - Diameter W1 changed to: 0.8120536804199219 
2025-01-12 10:53:00,912 - INFO - Diameter W2 changed to: 0.8120536804199219 
2025-01-12 10:53:00,912 - INFO - Diameter Mean changed to: 0.8476600050926208 
2025-01-12 10:53:00,912 - INFO - Diameter Median changed to: 0.8442142009735107 
2025-01-12 10:53:00,912 - INFO - Total time changed to: 45.45
2025-01-12 10:53:08,027 - INFO - Hit position changed to: C 
2025-01-12 10:53:10,388 - INFO - Hit position changed to:  
2025-01-12 10:53:10,388 - INFO - Save Requested. Saved Values : [[1, 1, 1, 1.9676998297320765, -0.8157598537257691, -1.6079476515399378, -4.221758743325704, -1.583930794392721, 1.0286102294921875, '0.5', 2.241806983947754, 0.4361886978149414, 2.596144676208496, 3.027961015701294, 'L', '9.0', 56.05, 0.0, 'CW', 'N/a'], [1, 1, 2, 1.968792740498678, -0.8157000106624146, -1.6115716139422815, -4.222371002236837, -1.5808399359332483, 1.1001291275024414, '0.5', 0.5992470383644104, 0.5383066534996033, 1.82120680809021, 1.1781806945800781, 'R', '9.0', 53.15, 0.0, 'CW', 'N/a'], [1, 1, 3, 1.9660547415362757, -0.8157120508006592, -1.5988743940936487, -4.222034832040304, -1.5924494902240198, 0.9526739120483398, '0.5', 0.575924813747406, 0.3940538465976715, 1.5149601697921753, 1.9753211736679077, 'L', '9.0', 51.55, 0.0, 'CW', 'N/a'], [1, 1, 4, 1.9646614233600062, -0.8141580385020752, -1.604431454335348, -4.2204982242979945, -1.5883997122394007, 1.0782761573791504, '0.5', 0.5496582984924316, 0.5324814915657043, 0.5996272563934326, 0.584011971950531, 'C', '7.5', 44.65, 0.0, 'CW', 'N/a'], [1, 1, 5, 1.9654539267169397, -0.8139189046672364, -1.6118109861956995, -4.220126291314596, -1.5824092070208948, 1.1521806716918945, '0.5', 0.551978349685669, 0.53472900390625, 0.4484823942184448, 0.43123307824134827, 'R', '7.5', 43.15, 0.0, 'CW', 'N/a'], [1, 1, 6, 1.9674719015704554, -0.8150187295726319, -1.602823559437887, -4.221914907495016, -1.5902445952044886, 1.0326967239379883, '0.5', 0.5215007662773132, 0.4445580542087555, 0.5377442836761475, 0.5514229536056519, 'C', '7.5', 44.55, 0.0, 'CW', 'N/a'], [1, 2, 1, 2.0065906683551233, -0.8291477721980591, -1.602823559437887, -4.245023389855856, -1.5902326742755335, 1.0202817916870117, '0.75', 0.8983538150787354, 0.7870533466339111, 1.953323245048523, 2.190234422683716, 'C', '7.5', 44.65, 0.0, 'CW', 'N/a'], [1, 2, 2, 2.0045726935016077, -0.8289087575725098, -1.6042512098895472, -4.242790361443991, -1.588315788899557, 1.092660903930664, '0.75', 3.6114532947540283, 3.6114532947540283, 2.1141042709350586, 2.3170828819274902, 'C', '7.5', 47.95, 0.0, 'CW', 'Bad video'], [1, 2, 3, 2.001234833394186, -0.8271036905101319, -1.602295223866598, -4.241938253442282, -1.5903165976153772, 1.0254440307617188, '0.75', 0.8120536804199219, 0.8120536804199219, 0.8476600050926208, 0.8442142009735107, 'C', '7.5', 45.45, 0.0, 'CW', '']]
2025-01-12 10:53:10,411 - INFO - Diameter W1 changed to: 0.8120536804199219 
2025-01-12 10:53:10,412 - INFO - Diameter W2 changed to: 0.8120536804199219 
2025-01-12 10:53:10,412 - INFO - Diameter Mean changed to: 0.8476600050926208 
2025-01-12 10:53:10,412 - INFO - Diameter Median changed to: 0.8442142009735107 
2025-01-12 10:53:12,637 - INFO - Trial Number changed to: 4
2025-01-12 10:53:13,745 - INFO - Controller change requested : Switching to Forward
2025-01-12 10:53:14,020 - INFO - Controller change requested : Switching to Joints
2025-01-12 10:53:20,452 - INFO - Start Requested
2025-01-12 10:53:41,711 - INFO - The angle correction has changed: angle added:0.0 angle direction: CW 
2025-01-12 10:54:05,912 - INFO - Diameter W1 changed to: 0.8198570013046265 
2025-01-12 10:54:05,912 - INFO - Diameter Mean changed to: 0.8442091941833496 
2025-01-12 10:54:05,912 - INFO - Total time changed to: 43.75
2025-01-12 10:54:15,613 - INFO - Hit position changed to: L 
2025-01-12 10:54:17,448 - INFO - Hit position changed to:  
2025-01-12 10:54:17,448 - INFO - Save Requested. Saved Values : [[1, 1, 1, 1.9676998297320765, -0.8157598537257691, -1.6079476515399378, -4.221758743325704, -1.583930794392721, 1.0286102294921875, '0.5', 2.241806983947754, 0.4361886978149414, 2.596144676208496, 3.027961015701294, 'L', '9.0', 56.05, 0.0, 'CW', 'N/a'], [1, 1, 2, 1.968792740498678, -0.8157000106624146, -1.6115716139422815, -4.222371002236837, -1.5808399359332483, 1.1001291275024414, '0.5', 0.5992470383644104, 0.5383066534996033, 1.82120680809021, 1.1781806945800781, 'R', '9.0', 53.15, 0.0, 'CW', 'N/a'], [1, 1, 3, 1.9660547415362757, -0.8157120508006592, -1.5988743940936487, -4.222034832040304, -1.5924494902240198, 0.9526739120483398, '0.5', 0.575924813747406, 0.3940538465976715, 1.5149601697921753, 1.9753211736679077, 'L', '9.0', 51.55, 0.0, 'CW', 'N/a'], [1, 1, 4, 1.9646614233600062, -0.8141580385020752, -1.604431454335348, -4.2204982242979945, -1.5883997122394007, 1.0782761573791504, '0.5', 0.5496582984924316, 0.5324814915657043, 0.5996272563934326, 0.584011971950531, 'C', '7.5', 44.65, 0.0, 'CW', 'N/a'], [1, 1, 5, 1.9654539267169397, -0.8139189046672364, -1.6118109861956995, -4.220126291314596, -1.5824092070208948, 1.1521806716918945, '0.5', 0.551978349685669, 0.53472900390625, 0.4484823942184448, 0.43123307824134827, 'R', '7.5', 43.15, 0.0, 'CW', 'N/a'], [1, 1, 6, 1.9674719015704554, -0.8150187295726319, -1.602823559437887, -4.221914907495016, -1.5902445952044886, 1.0326967239379883, '0.5', 0.5215007662773132, 0.4445580542087555, 0.5377442836761475, 0.5514229536056519, 'C', '7.5', 44.55, 0.0, 'CW', 'N/a'], [1, 2, 1, 2.0065906683551233, -0.8291477721980591, -1.602823559437887, -4.245023389855856, -1.5902326742755335, 1.0202817916870117, '0.75', 0.8983538150787354, 0.7870533466339111, 1.953323245048523, 2.190234422683716, 'C', '7.5', 44.65, 0.0, 'CW', 'N/a'], [1, 2, 2, 2.0045726935016077, -0.8289087575725098, -1.6042512098895472, -4.242790361443991, -1.588315788899557, 1.092660903930664, '0.75', 3.6114532947540283, 3.6114532947540283, 2.1141042709350586, 2.3170828819274902, 'C', '7.5', 47.95, 0.0, 'CW', 'Bad video'], [1, 2, 3, 2.001234833394186, -0.8271036905101319, -1.602295223866598, -4.241938253442282, -1.5903165976153772, 1.0254440307617188, '0.75', 0.8120536804199219, 0.8120536804199219, 0.8476600050926208, 0.8442142009735107, 'C', '7.5', 45.45, 0.0, 'CW', ''], [1, 2, 4, 1.9941280523883265, -0.8250357669642945, -1.5978673140155237, -4.236788173715109, -1.594665829335348, 1.049426555633545, '0.75', 0.8198570013046265, 0.8117396235466003, 0.8442091941833496, 0.8442091941833496, 'L', '7.5', 43.75, 0.0, 'CW', 'N/a']]
2025-01-12 10:54:17,512 - INFO - Diameter W1 changed to: 0.8198570013046265 
2025-01-12 10:54:17,512 - INFO - Diameter W2 changed to: 0.8117396235466003 
2025-01-12 10:54:17,512 - INFO - Diameter Mean changed to: 0.8442091941833496 
2025-01-12 10:54:17,512 - INFO - Diameter Median changed to: 0.8442091941833496 
2025-01-12 10:54:19,127 - INFO - Trial Number changed to: 5
2025-01-12 10:54:20,908 - INFO - Distance to tree changed to: 7. 
2025-01-12 10:54:21,033 - INFO - Distance to tree changed to: 7 
2025-01-12 10:54:21,167 - INFO - Distance to tree changed to:  
2025-01-12 10:54:21,406 - INFO - Distance to tree changed to: 9 
2025-01-12 10:54:22,050 - INFO - Distance to tree changed to: 9. 
2025-01-12 10:54:22,280 - INFO - Distance to tree changed to: 9.0 
2025-01-12 10:54:23,907 - INFO - Controller change requested : Switching to Forward
2025-01-12 10:54:24,760 - INFO - Controller change requested : Switching to Joints
2025-01-12 10:55:39,456 - INFO - Start Requested
2025-01-12 10:56:07,012 - INFO - The angle correction has changed: angle added:0.0 angle direction: CW 
2025-01-12 10:56:37,212 - INFO - Diameter W1 changed to: 0.7989205121994019 
2025-01-12 10:56:37,212 - INFO - Diameter W2 changed to: 0.686252236366272 
2025-01-12 10:56:37,212 - INFO - Diameter Mean changed to: 0.6341082453727722 
2025-01-12 10:56:37,212 - INFO - Diameter Median changed to: 0.629918098449707 
2025-01-12 10:56:37,212 - INFO - Total time changed to: 53.75
2025-01-12 10:56:45,908 - INFO - Hit position changed to: C 
2025-01-12 10:56:51,288 - INFO - Hit position changed to:  
2025-01-12 10:56:51,288 - INFO - Save Requested. Saved Values : [[1, 1, 1, 1.9676998297320765, -0.8157598537257691, -1.6079476515399378, -4.221758743325704, -1.583930794392721, 1.0286102294921875, '0.5', 2.241806983947754, 0.4361886978149414, 2.596144676208496, 3.027961015701294, 'L', '9.0', 56.05, 0.0, 'CW', 'N/a'], [1, 1, 2, 1.968792740498678, -0.8157000106624146, -1.6115716139422815, -4.222371002236837, -1.5808399359332483, 1.1001291275024414, '0.5', 0.5992470383644104, 0.5383066534996033, 1.82120680809021, 1.1781806945800781, 'R', '9.0', 53.15, 0.0, 'CW', 'N/a'], [1, 1, 3, 1.9660547415362757, -0.8157120508006592, -1.5988743940936487, -4.222034832040304, -1.5924494902240198, 0.9526739120483398, '0.5', 0.575924813747406, 0.3940538465976715, 1.5149601697921753, 1.9753211736679077, 'L', '9.0', 51.55, 0.0, 'CW', 'N/a'], [1, 1, 4, 1.9646614233600062, -0.8141580385020752, -1.604431454335348, -4.2204982242979945, -1.5883997122394007, 1.0782761573791504, '0.5', 0.5496582984924316, 0.5324814915657043, 0.5996272563934326, 0.584011971950531, 'C', '7.5', 44.65, 0.0, 'CW', 'N/a'], [1, 1, 5, 1.9654539267169397, -0.8139189046672364, -1.6118109861956995, -4.220126291314596, -1.5824092070208948, 1.1521806716918945, '0.5', 0.551978349685669, 0.53472900390625, 0.4484823942184448, 0.43123307824134827, 'R', '7.5', 43.15, 0.0, 'CW', 'N/a'], [1, 1, 6, 1.9674719015704554, -0.8150187295726319, -1.602823559437887, -4.221914907495016, -1.5902445952044886, 1.0326967239379883, '0.5', 0.5215007662773132, 0.4445580542087555, 0.5377442836761475, 0.5514229536056519, 'C', '7.5', 44.55, 0.0, 'CW', 'N/a'], [1, 2, 1, 2.0065906683551233, -0.8291477721980591, -1.602823559437887, -4.245023389855856, -1.5902326742755335, 1.0202817916870117, '0.75', 0.8983538150787354, 0.7870533466339111, 1.953323245048523, 2.190234422683716, 'C', '7.5', 44.65, 0.0, 'CW', 'N/a'], [1, 2, 2, 2.0045726935016077, -0.8289087575725098, -1.6042512098895472, -4.242790361443991, -1.588315788899557, 1.092660903930664, '0.75', 3.6114532947540283, 3.6114532947540283, 2.1141042709350586, 2.3170828819274902, 'C', '7.5', 47.95, 0.0, 'CW', 'Bad video'], [1, 2, 3, 2.001234833394186, -0.8271036905101319, -1.602295223866598, -4.241938253442282, -1.5903165976153772, 1.0254440307617188, '0.75', 0.8120536804199219, 0.8120536804199219, 0.8476600050926208, 0.8442142009735107, 'C', '7.5', 45.45, 0.0, 'CW', ''], [1, 2, 4, 1.9941280523883265, -0.8250357669642945, -1.5978673140155237, -4.236788173715109, -1.594665829335348, 1.049426555633545, '0.75', 0.8198570013046265, 0.8117396235466003, 0.8442091941833496, 0.8442091941833496, 'L', '7.5', 43.75, 0.0, 'CW', 'N/a'], [1, 2, 5, 1.9949920813189905, -0.8274025481990357, -1.6053431669818323, -4.238997121850485, -1.5868900457965296, 1.0847368240356445, '0.75', 0.7989205121994019, 0.686252236366272, 0.6341082453727722, 0.629918098449707, 'C', '9.0', 53.75, 0.0, 'CW', 'N/a']]
2025-01-12 10:56:51,311 - INFO - Diameter W1 changed to: 0.7989205121994019 
2025-01-12 10:56:51,311 - INFO - Diameter W2 changed to: 0.686252236366272 
2025-01-12 10:56:51,311 - INFO - Diameter Mean changed to: 0.6341082453727722 
2025-01-12 10:56:51,311 - INFO - Diameter Median changed to: 0.629918098449707 
2025-01-12 10:56:52,677 - INFO - Trial Number changed to: 6
2025-01-12 10:56:54,199 - INFO - Controller change requested : Switching to Forward
2025-01-12 10:56:54,362 - INFO - Controller change requested : Switching to Joints
2025-01-12 10:57:00,664 - INFO - Start Requested
2025-01-12 10:57:22,112 - INFO - The angle correction has changed: angle added:0.0 angle direction: CW 
2025-01-12 10:57:51,312 - INFO - Diameter W2 changed to: 0.7590442299842834 
2025-01-12 10:57:51,312 - INFO - Diameter Mean changed to: 0.791867733001709 
2025-01-12 10:57:51,312 - INFO - Diameter Median changed to: 0.7795589566230774 
2025-01-12 10:57:51,312 - INFO - Total time changed to: 47.75
2025-01-12 10:57:58,580 - INFO - Hit position changed to: R 
2025-01-12 10:58:00,390 - INFO - Hit position changed to:  
2025-01-12 10:58:00,390 - INFO - Save Requested. Saved Values : [[1, 1, 1, 1.9676998297320765, -0.8157598537257691, -1.6079476515399378, -4.221758743325704, -1.583930794392721, 1.0286102294921875, '0.5', 2.241806983947754, 0.4361886978149414, 2.596144676208496, 3.027961015701294, 'L', '9.0', 56.05, 0.0, 'CW', 'N/a'], [1, 1, 2, 1.968792740498678, -0.8157000106624146, -1.6115716139422815, -4.222371002236837, -1.5808399359332483, 1.1001291275024414, '0.5', 0.5992470383644104, 0.5383066534996033, 1.82120680809021, 1.1781806945800781, 'R', '9.0', 53.15, 0.0, 'CW', 'N/a'], [1, 1, 3, 1.9660547415362757, -0.8157120508006592, -1.5988743940936487, -4.222034832040304, -1.5924494902240198, 0.9526739120483398, '0.5', 0.575924813747406, 0.3940538465976715, 1.5149601697921753, 1.9753211736679077, 'L', '9.0', 51.55, 0.0, 'CW', 'N/a'], [1, 1, 4, 1.9646614233600062, -0.8141580385020752, -1.604431454335348, -4.2204982242979945, -1.5883997122394007, 1.0782761573791504, '0.5', 0.5496582984924316, 0.5324814915657043, 0.5996272563934326, 0.584011971950531, 'C', '7.5', 44.65, 0.0, 'CW', 'N/a'], [1, 1, 5, 1.9654539267169397, -0.8139189046672364, -1.6118109861956995, -4.220126291314596, -1.5824092070208948, 1.1521806716918945, '0.5', 0.551978349685669, 0.53472900390625, 0.4484823942184448, 0.43123307824134827, 'R', '7.5', 43.15, 0.0, 'CW', 'N/a'], [1, 1, 6, 1.9674719015704554, -0.8150187295726319, -1.602823559437887, -4.221914907495016, -1.5902445952044886, 1.0326967239379883, '0.5', 0.5215007662773132, 0.4445580542087555, 0.5377442836761475, 0.5514229536056519, 'C', '7.5', 44.55, 0.0, 'CW', 'N/a'], [1, 2, 1, 2.0065906683551233, -0.8291477721980591, -1.602823559437887, -4.245023389855856, -1.5902326742755335, 1.0202817916870117, '0.75', 0.8983538150787354, 0.7870533466339111, 1.953323245048523, 2.190234422683716, 'C', '7.5', 44.65, 0.0, 'CW', 'N/a'], [1, 2, 2, 2.0045726935016077, -0.8289087575725098, -1.6042512098895472, -4.242790361443991, -1.588315788899557, 1.092660903930664, '0.75', 3.6114532947540283, 3.6114532947540283, 2.1141042709350586, 2.3170828819274902, 'C', '7.5', 47.95, 0.0, 'CW', 'Bad video'], [1, 2, 3, 2.001234833394186, -0.8271036905101319, -1.602295223866598, -4.241938253442282, -1.5903165976153772, 1.0254440307617188, '0.75', 0.8120536804199219, 0.8120536804199219, 0.8476600050926208, 0.8442142009735107, 'C', '7.5', 45.45, 0.0, 'CW', ''], [1, 2, 4, 1.9941280523883265, -0.8250357669642945, -1.5978673140155237, -4.236788173715109, -1.594665829335348, 1.049426555633545, '0.75', 0.8198570013046265, 0.8117396235466003, 0.8442091941833496, 0.8442091941833496, 'L', '7.5', 43.75, 0.0, 'CW', 'N/a'], [1, 2, 5, 1.9949920813189905, -0.8274025481990357, -1.6053431669818323, -4.238997121850485, -1.5868900457965296, 1.0847368240356445, '0.75', 0.7989205121994019, 0.686252236366272, 0.6341082453727722, 0.629918098449707, 'C', '9.0', 53.75, 0.0, 'CW', 'N/a'], [1, 2, 6, 1.9945839087115687, -0.8289804023555298, -1.6081393400775355, -4.238060613671774, -1.5843504110919397, 1.1026582717895508, '0.75', 0.8000736236572266, 0.7590442299842834, 0.791867733001709, 0.7795589566230774, 'R', '9.0', 47.75, 0.0, 'CW', 'N/a']]
2025-01-12 10:58:00,412 - INFO - Diameter W1 changed to: 0.8000736236572266 
2025-01-12 10:58:00,412 - INFO - Diameter W2 changed to: 0.7590442299842834 
2025-01-12 10:58:00,412 - INFO - Diameter Mean changed to: 0.791867733001709 
2025-01-12 10:58:00,412 - INFO - Diameter Median changed to: 0.7795589566230774 
2025-01-12 10:58:01,526 - INFO - Trial Number changed to: 7
2025-01-12 10:58:02,485 - INFO - Controller change requested : Switching to Forward
2025-01-12 10:58:02,661 - INFO - Controller change requested : Switching to Joints
2025-01-12 10:58:14,579 - INFO - Start Requested
2025-01-12 10:58:35,812 - INFO - The angle correction has changed: angle added:0.0 angle direction: CW 
2025-01-12 10:59:00,993 - INFO - Note changed to: B 
2025-01-12 10:59:01,259 - INFO - Note changed to: Ba 
2025-01-12 10:59:01,366 - INFO - Note changed to: Bad 
2025-01-12 10:59:01,502 - INFO - Note changed to: Bad  
2025-01-12 10:59:01,700 - INFO - Note changed to: Bad v 
2025-01-12 10:59:01,834 - INFO - Note changed to: Bad vi 
2025-01-12 10:59:01,935 - INFO - Note changed to: Bad vid 
2025-01-12 10:59:02,110 - INFO - Note changed to: Bad vide 
2025-01-12 10:59:02,177 - INFO - Note changed to: Bad video 
2025-01-12 10:59:09,012 - INFO - Diameter W1 changed to: 2.2559196949005127 
2025-01-12 10:59:09,012 - INFO - Diameter W2 changed to: 2.2559196949005127 
2025-01-12 10:59:09,012 - INFO - Diameter Mean changed to: 2.6379153728485107 
2025-01-12 10:59:09,012 - INFO - Diameter Median changed to: 2.61130428314209 
2025-01-12 10:59:09,012 - INFO - Total time changed to: 53.15
2025-01-12 10:59:15,605 - INFO - Hit position changed to: C 
2025-01-12 10:59:17,711 - INFO - Note changed to:  
2025-01-12 10:59:17,711 - INFO - Hit position changed to:  
2025-01-12 10:59:17,711 - INFO - Save Requested. Saved Values : [[1, 1, 1, 1.9676998297320765, -0.8157598537257691, -1.6079476515399378, -4.221758743325704, -1.583930794392721, 1.0286102294921875, '0.5', 2.241806983947754, 0.4361886978149414, 2.596144676208496, 3.027961015701294, 'L', '9.0', 56.05, 0.0, 'CW', 'N/a'], [1, 1, 2, 1.968792740498678, -0.8157000106624146, -1.6115716139422815, -4.222371002236837, -1.5808399359332483, 1.1001291275024414, '0.5', 0.5992470383644104, 0.5383066534996033, 1.82120680809021, 1.1781806945800781, 'R', '9.0', 53.15, 0.0, 'CW', 'N/a'], [1, 1, 3, 1.9660547415362757, -0.8157120508006592, -1.5988743940936487, -4.222034832040304, -1.5924494902240198, 0.9526739120483398, '0.5', 0.575924813747406, 0.3940538465976715, 1.5149601697921753, 1.9753211736679077, 'L', '9.0', 51.55, 0.0, 'CW', 'N/a'], [1, 1, 4, 1.9646614233600062, -0.8141580385020752, -1.604431454335348, -4.2204982242979945, -1.5883997122394007, 1.0782761573791504, '0.5', 0.5496582984924316, 0.5324814915657043, 0.5996272563934326, 0.584011971950531, 'C', '7.5', 44.65, 0.0, 'CW', 'N/a'], [1, 1, 5, 1.9654539267169397, -0.8139189046672364, -1.6118109861956995, -4.220126291314596, -1.5824092070208948, 1.1521806716918945, '0.5', 0.551978349685669, 0.53472900390625, 0.4484823942184448, 0.43123307824134827, 'R', '7.5', 43.15, 0.0, 'CW', 'N/a'], [1, 1, 6, 1.9674719015704554, -0.8150187295726319, -1.602823559437887, -4.221914907495016, -1.5902445952044886, 1.0326967239379883, '0.5', 0.5215007662773132, 0.4445580542087555, 0.5377442836761475, 0.5514229536056519, 'C', '7.5', 44.55, 0.0, 'CW', 'N/a'], [1, 2, 1, 2.0065906683551233, -0.8291477721980591, -1.602823559437887, -4.245023389855856, -1.5902326742755335, 1.0202817916870117, '0.75', 0.8983538150787354, 0.7870533466339111, 1.953323245048523, 2.190234422683716, 'C', '7.5', 44.65, 0.0, 'CW', 'N/a'], [1, 2, 2, 2.0045726935016077, -0.8289087575725098, -1.6042512098895472, -4.242790361443991, -1.588315788899557, 1.092660903930664, '0.75', 3.6114532947540283, 3.6114532947540283, 2.1141042709350586, 2.3170828819274902, 'C', '7.5', 47.95, 0.0, 'CW', 'Bad video'], [1, 2, 3, 2.001234833394186, -0.8271036905101319, -1.602295223866598, -4.241938253442282, -1.5903165976153772, 1.0254440307617188, '0.75', 0.8120536804199219, 0.8120536804199219, 0.8476600050926208, 0.8442142009735107, 'C', '7.5', 45.45, 0.0, 'CW', ''], [1, 2, 4, 1.9941280523883265, -0.8250357669642945, -1.5978673140155237, -4.236788173715109, -1.594665829335348, 1.049426555633545, '0.75', 0.8198570013046265, 0.8117396235466003, 0.8442091941833496, 0.8442091941833496, 'L', '7.5', 43.75, 0.0, 'CW', 'N/a'], [1, 2, 5, 1.9949920813189905, -0.8274025481990357, -1.6053431669818323, -4.238997121850485, -1.5868900457965296, 1.0847368240356445, '0.75', 0.7989205121994019, 0.686252236366272, 0.6341082453727722, 0.629918098449707, 'C', '9.0', 53.75, 0.0, 'CW', 'N/a'], [1, 2, 6, 1.9945839087115687, -0.8289804023555298, -1.6081393400775355, -4.238060613671774, -1.5843504110919397, 1.1026582717895508, '0.75', 0.8000736236572266, 0.7590442299842834, 0.791867733001709, 0.7795589566230774, 'R', '9.0', 47.75, 0.0, 'CW', 'N/a'], [1, 2, 7, 1.985710922871725, -0.824916200046875, -1.597278896962301, -4.2350715599455775, -1.5949891249286097, 0.9717154502868652, '0.75', 2.2559196949005127, 2.2559196949005127, 2.6379153728485107, 2.61130428314209, 'C', '9.0', 53.15, 0.0, 'CW', 'Bad video']]
2025-01-12 10:59:17,711 - INFO - Diameter W1 changed to: 2.2559196949005127 
2025-01-12 10:59:17,711 - INFO - Diameter W2 changed to: 2.2559196949005127 
2025-01-12 10:59:17,712 - INFO - Diameter Mean changed to: 2.6379153728485107 
2025-01-12 10:59:17,712 - INFO - Diameter Median changed to: 2.61130428314209 
2025-01-12 10:59:18,309 - INFO - Controller change requested : Switching to Forward
2025-01-12 10:59:18,479 - INFO - Controller change requested : Switching to Joints
2025-01-12 10:59:24,852 - INFO - Trial Number changed to: 8
2025-01-12 10:59:30,520 - INFO - Start Requested
2025-01-12 10:59:50,212 - INFO - The angle correction has changed: angle added:0.0 angle direction: CW 
2025-01-12 11:00:16,369 - INFO - Note changed to: V 
2025-01-12 11:00:16,860 - INFO - Note changed to:  
2025-01-12 11:00:17,339 - INFO - Note changed to: c 
2025-01-12 11:00:17,736 - INFO - Note changed to:  
2025-01-12 11:00:17,962 - INFO - Note changed to: v 
2025-01-12 11:00:18,400 - INFO - Note changed to: vI 
2025-01-12 11:00:18,517 - INFO - Note changed to: vID 
2025-01-12 11:00:18,693 - INFO - Note changed to: vIDE 
2025-01-12 11:00:18,743 - INFO - Note changed to: vIDEO 
2025-01-12 11:00:18,820 - INFO - Note changed to: vIDEO  
2025-01-12 11:00:19,053 - INFO - Note changed to: vIDEO 
2025-01-12 11:00:19,177 - INFO - Note changed to: vIDE 
2025-01-12 11:00:19,295 - INFO - Note changed to: vID 
2025-01-12 11:00:19,404 - INFO - Note changed to: vI 
2025-01-12 11:00:19,513 - INFO - Note changed to: v 
2025-01-12 11:00:19,622 - INFO - Note changed to:  
2025-01-12 11:00:20,654 - INFO - Note changed to: V 
2025-01-12 11:00:20,855 - INFO - Note changed to: Vi 
2025-01-12 11:00:20,931 - INFO - Note changed to: Vid 
2025-01-12 11:00:21,106 - INFO - Note changed to: Vide 
2025-01-12 11:00:21,149 - INFO - Note changed to: Video 
2025-01-12 11:00:21,216 - INFO - Note changed to: Video  
2025-01-12 11:00:24,312 - INFO - Diameter W1 changed to: 3.4876902103424072 
2025-01-12 11:00:24,312 - INFO - Diameter W2 changed to: 0.9210813641548157 
2025-01-12 11:00:24,312 - INFO - Diameter Mean changed to: 2.658766031265259 
2025-01-12 11:00:24,312 - INFO - Diameter Median changed to: 3.0116257667541504 
2025-01-12 11:00:24,312 - INFO - Total time changed to: 52.35
2025-01-12 11:00:30,352 - INFO - Note changed to: Video o 
2025-01-12 11:00:30,509 - INFO - Note changed to: Video ok 
2025-01-12 11:00:30,617 - INFO - Note changed to: Video ok  
2025-01-12 11:00:30,767 - INFO - Note changed to: Video ok 
2025-01-12 11:00:30,950 - INFO - Note changed to: Video ok, 
2025-01-12 11:00:31,010 - INFO - Note changed to: Video ok,  
2025-01-12 11:00:31,144 - INFO - Note changed to: Video ok, b 
2025-01-12 11:00:31,229 - INFO - Note changed to: Video ok, bu 
2025-01-12 11:00:31,355 - INFO - Note changed to: Video ok, but 
2025-01-12 11:00:31,380 - INFO - Note changed to: Video ok, but  
2025-01-12 11:00:31,523 - INFO - Note changed to: Video ok, but n 
2025-01-12 11:00:31,656 - INFO - Note changed to: Video ok, but no 
2025-01-12 11:00:31,724 - INFO - Note changed to: Video ok, but not 
2025-01-12 11:00:31,809 - INFO - Note changed to: Video ok, but not  
2025-01-12 11:00:32,484 - INFO - Note changed to: Video ok, but not g 
2025-01-12 11:00:32,585 - INFO - Note changed to: Video ok, but not gr 
2025-01-12 11:00:32,660 - INFO - Note changed to: Video ok, but not gre 
2025-01-12 11:00:32,934 - INFO - Note changed to: Video ok, but not grea 
2025-01-12 11:00:33,099 - INFO - Note changed to: Video ok, but not great 
2025-01-12 11:00:33,184 - INFO - Note changed to: Video ok, but not great  
2025-01-12 11:00:34,598 - INFO - Hit position changed to: C 
2025-01-12 11:00:36,128 - INFO - Controller change requested : Switching to Forward
2025-01-12 11:00:36,290 - INFO - Controller change requested : Switching to Joints
2025-01-12 11:00:54,862 - INFO - Trial Number changed to: 9
2025-01-12 11:00:56,251 - INFO - Start Requested
2025-01-12 11:01:16,512 - INFO - The angle correction has changed: angle added:0.0 angle direction: CW 
2025-01-12 11:01:47,912 - INFO - Diameter W1 changed to: 0.8082578182220459 
2025-01-12 11:01:47,912 - INFO - Diameter W2 changed to: 0.6320990920066833 
2025-01-12 11:01:47,912 - INFO - Diameter Mean changed to: 0.6866737604141235 
2025-01-12 11:01:47,912 - INFO - Diameter Median changed to: 0.7357218861579895 
2025-01-12 11:01:47,912 - INFO - Total time changed to: 49.85
2025-01-12 11:02:07,170 - INFO - Trial Number changed to: 8
2025-01-12 11:02:10,006 - INFO - Note changed to:  
2025-01-12 11:02:10,985 - INFO - Hit position changed to:  
2025-01-12 11:02:10,985 - INFO - Save Requested. Saved Values : [[1, 1, 1, 1.9676998297320765, -0.8157598537257691, -1.6079476515399378, -4.221758743325704, -1.583930794392721, 1.0286102294921875, '0.5', 2.241806983947754, 0.4361886978149414, 2.596144676208496, 3.027961015701294, 'L', '9.0', 56.05, 0.0, 'CW', 'N/a'], [1, 1, 2, 1.968792740498678, -0.8157000106624146, -1.6115716139422815, -4.222371002236837, -1.5808399359332483, 1.1001291275024414, '0.5', 0.5992470383644104, 0.5383066534996033, 1.82120680809021, 1.1781806945800781, 'R', '9.0', 53.15, 0.0, 'CW', 'N/a'], [1, 1, 3, 1.9660547415362757, -0.8157120508006592, -1.5988743940936487, -4.222034832040304, -1.5924494902240198, 0.9526739120483398, '0.5', 0.575924813747406, 0.3940538465976715, 1.5149601697921753, 1.9753211736679077, 'L', '9.0', 51.55, 0.0, 'CW', 'N/a'], [1, 1, 4, 1.9646614233600062, -0.8141580385020752, -1.604431454335348, -4.2204982242979945, -1.5883997122394007, 1.0782761573791504, '0.5', 0.5496582984924316, 0.5324814915657043, 0.5996272563934326, 0.584011971950531, 'C', '7.5', 44.65, 0.0, 'CW', 'N/a'], [1, 1, 5, 1.9654539267169397, -0.8139189046672364, -1.6118109861956995, -4.220126291314596, -1.5824092070208948, 1.1521806716918945, '0.5', 0.551978349685669, 0.53472900390625, 0.4484823942184448, 0.43123307824134827, 'R', '7.5', 43.15, 0.0, 'CW', 'N/a'], [1, 1, 6, 1.9674719015704554, -0.8150187295726319, -1.602823559437887, -4.221914907495016, -1.5902445952044886, 1.0326967239379883, '0.5', 0.5215007662773132, 0.4445580542087555, 0.5377442836761475, 0.5514229536056519, 'C', '7.5', 44.55, 0.0, 'CW', 'N/a'], [1, 2, 1, 2.0065906683551233, -0.8291477721980591, -1.602823559437887, -4.245023389855856, -1.5902326742755335, 1.0202817916870117, '0.75', 0.8983538150787354, 0.7870533466339111, 1.953323245048523, 2.190234422683716, 'C', '7.5', 44.65, 0.0, 'CW', 'N/a'], [1, 2, 2, 2.0045726935016077, -0.8289087575725098, -1.6042512098895472, -4.242790361443991, -1.588315788899557, 1.092660903930664, '0.75', 3.6114532947540283, 3.6114532947540283, 2.1141042709350586, 2.3170828819274902, 'C', '7.5', 47.95, 0.0, 'CW', 'Bad video'], [1, 2, 3, 2.001234833394186, -0.8271036905101319, -1.602295223866598, -4.241938253442282, -1.5903165976153772, 1.0254440307617188, '0.75', 0.8120536804199219, 0.8120536804199219, 0.8476600050926208, 0.8442142009735107, 'C', '7.5', 45.45, 0.0, 'CW', ''], [1, 2, 4, 1.9941280523883265, -0.8250357669642945, -1.5978673140155237, -4.236788173715109, -1.594665829335348, 1.049426555633545, '0.75', 0.8198570013046265, 0.8117396235466003, 0.8442091941833496, 0.8442091941833496, 'L', '7.5', 43.75, 0.0, 'CW', 'N/a'], [1, 2, 5, 1.9949920813189905, -0.8274025481990357, -1.6053431669818323, -4.238997121850485, -1.5868900457965296, 1.0847368240356445, '0.75', 0.7989205121994019, 0.686252236366272, 0.6341082453727722, 0.629918098449707, 'C', '9.0', 53.75, 0.0, 'CW', 'N/a'], [1, 2, 6, 1.9945839087115687, -0.8289804023555298, -1.6081393400775355, -4.238060613671774, -1.5843504110919397, 1.1026582717895508, '0.75', 0.8000736236572266, 0.7590442299842834, 0.791867733001709, 0.7795589566230774, 'R', '9.0', 47.75, 0.0, 'CW', 'N/a'], [1, 2, 7, 1.985710922871725, -0.824916200046875, -1.597278896962301, -4.2350715599455775, -1.5949891249286097, 0.9717154502868652, '0.75', 2.2559196949005127, 2.2559196949005127, 2.6379153728485107, 2.61130428314209, 'C', '9.0', 53.15, 0.0, 'CW', 'Bad video'], [1, 2, 8, 1.9857948462115687, -0.8244859737208863, -1.6001227537738245, -4.23364319423818, -1.590975586568014, 1.024428367614746, '0.75', 0.8082578182220459, 0.6320990920066833, 0.6866737604141235, 0.7357218861579895, 'C', '9.0', 49.85, 0.0, 'CW', '']]
2025-01-12 11:02:11,012 - INFO - Diameter W1 changed to: 0.8082578182220459 
2025-01-12 11:02:11,012 - INFO - Diameter W2 changed to: 0.6320990920066833 
2025-01-12 11:02:11,012 - INFO - Diameter Mean changed to: 0.6866737604141235 
2025-01-12 11:02:11,012 - INFO - Diameter Median changed to: 0.7357218861579895 
2025-01-12 11:02:12,028 - INFO - Controller change requested : Switching to Forward
2025-01-12 11:02:12,184 - INFO - Controller change requested : Switching to Joints
2025-01-12 11:02:19,848 - INFO - Trial Number changed to: 1
2025-01-12 11:02:19,849 - INFO - Branch Number changed to: 3
2025-01-12 11:02:20,975 - INFO - Measured Diameter changed to: 0.7
2025-01-12 11:02:21,107 - INFO - Measured Diameter changed to: 0.
2025-01-12 11:02:21,241 - INFO - Measured Diameter changed to: 0
2025-01-12 11:02:21,358 - INFO - Measured Diameter changed to: 
2025-01-12 11:02:21,894 - INFO - Measured Diameter changed to: 1
2025-01-12 11:02:22,109 - INFO - Measured Diameter changed to: 1.
2025-01-12 11:02:22,390 - INFO - Measured Diameter changed to: 1.0
2025-01-12 11:03:28,170 - INFO - Start Requested
2025-01-12 11:03:50,211 - INFO - The angle correction has changed: angle added:0.0 angle direction: CW 
2025-01-12 11:04:22,812 - INFO - Diameter W1 changed to: 1.1784052848815918 
2025-01-12 11:04:22,812 - INFO - Diameter W2 changed to: 1.1784052848815918 
2025-01-12 11:04:22,812 - INFO - Diameter Mean changed to: 2.4646754264831543 
2025-01-12 11:04:22,812 - INFO - Diameter Median changed to: 2.738389492034912 
2025-01-12 11:04:22,812 - INFO - Total time changed to: 51.85
2025-01-12 11:04:29,126 - INFO - Note changed to: D 
2025-01-12 11:04:29,278 - INFO - Note changed to: Di 
2025-01-12 11:04:29,437 - INFO - Note changed to: Din 
2025-01-12 11:04:30,071 - INFO - Note changed to: Di 
2025-01-12 11:04:30,163 - INFO - Note changed to: Did 
2025-01-12 11:04:30,329 - INFO - Note changed to: Didn 
2025-01-12 11:04:30,627 - INFO - Note changed to: Didn' 
2025-01-12 11:04:30,712 - INFO - Note changed to: Didn't 
2025-01-12 11:04:30,837 - INFO - Note changed to: Didn't  
2025-01-12 11:04:31,028 - INFO - Note changed to: Didn't m 
2025-01-12 11:04:31,122 - INFO - Note changed to: Didn't ma 
2025-01-12 11:04:31,198 - INFO - Note changed to: Didn't mak 
2025-01-12 11:04:31,373 - INFO - Note changed to: Didn't mak  
2025-01-12 11:04:31,621 - INFO - Note changed to: Didn't mak 
2025-01-12 11:04:31,690 - INFO - Note changed to: Didn't make 
2025-01-12 11:04:31,765 - INFO - Note changed to: Didn't make  
2025-01-12 11:04:31,942 - INFO - Note changed to: Didn't make c 
2025-01-12 11:04:31,958 - INFO - Note changed to: Didn't make co 
2025-01-12 11:04:32,102 - INFO - Note changed to: Didn't make con 
2025-01-12 11:04:32,235 - INFO - Note changed to: Didn't make cont 
2025-01-12 11:04:32,410 - INFO - Note changed to: Didn't make conta 
2025-01-12 11:04:32,692 - INFO - Note changed to: Didn't make contac 
2025-01-12 11:04:32,916 - INFO - Note changed to: Didn't make contact 
2025-01-12 11:04:32,958 - INFO - Note changed to: Didn't make contact  
2025-01-12 11:04:33,118 - INFO - Note changed to: Didn't make contact w 
2025-01-12 11:04:33,160 - INFO - Note changed to: Didn't make contact wi 
2025-01-12 11:04:33,303 - INFO - Note changed to: Didn't make contact wit 
2025-01-12 11:04:33,354 - INFO - Note changed to: Didn't make contact with 
2025-01-12 11:04:33,422 - INFO - Note changed to: Didn't make contact with  
2025-01-12 11:04:33,533 - INFO - Note changed to: Didn't make contact with t 
2025-01-12 11:04:33,584 - INFO - Note changed to: Didn't make contact with th 
2025-01-12 11:04:33,617 - INFO - Note changed to: Didn't make contact with the 
2025-01-12 11:04:33,669 - INFO - Note changed to: Didn't make contact with the  
2025-01-12 11:04:34,347 - INFO - Note changed to: Didn't make contact with the b 
2025-01-12 11:04:34,464 - INFO - Note changed to: Didn't make contact with the br 
2025-01-12 11:04:34,581 - INFO - Note changed to: Didn't make contact with the bra 
2025-01-12 11:04:34,624 - INFO - Note changed to: Didn't make contact with the bran 
2025-01-12 11:04:34,776 - INFO - Note changed to: Didn't make contact with the branc 
2025-01-12 11:04:34,834 - INFO - Note changed to: Didn't make contact with the branch 
2025-01-12 11:04:34,878 - INFO - Note changed to: Didn't make contact with the branch  
2025-01-12 11:04:38,178 - INFO - Note changed to:  
2025-01-12 11:04:38,178 - INFO - Save Requested. Saved Values : [[1, 1, 1, 1.9676998297320765, -0.8157598537257691, -1.6079476515399378, -4.221758743325704, -1.583930794392721, 1.0286102294921875, '0.5', 2.241806983947754, 0.4361886978149414, 2.596144676208496, 3.027961015701294, 'L', '9.0', 56.05, 0.0, 'CW', 'N/a'], [1, 1, 2, 1.968792740498678, -0.8157000106624146, -1.6115716139422815, -4.222371002236837, -1.5808399359332483, 1.1001291275024414, '0.5', 0.5992470383644104, 0.5383066534996033, 1.82120680809021, 1.1781806945800781, 'R', '9.0', 53.15, 0.0, 'CW', 'N/a'], [1, 1, 3, 1.9660547415362757, -0.8157120508006592, -1.5988743940936487, -4.222034832040304, -1.5924494902240198, 0.9526739120483398, '0.5', 0.575924813747406, 0.3940538465976715, 1.5149601697921753, 1.9753211736679077, 'L', '9.0', 51.55, 0.0, 'CW', 'N/a'], [1, 1, 4, 1.9646614233600062, -0.8141580385020752, -1.604431454335348, -4.2204982242979945, -1.5883997122394007, 1.0782761573791504, '0.5', 0.5496582984924316, 0.5324814915657043, 0.5996272563934326, 0.584011971950531, 'C', '7.5', 44.65, 0.0, 'CW', 'N/a'], [1, 1, 5, 1.9654539267169397, -0.8139189046672364, -1.6118109861956995, -4.220126291314596, -1.5824092070208948, 1.1521806716918945, '0.5', 0.551978349685669, 0.53472900390625, 0.4484823942184448, 0.43123307824134827, 'R', '7.5', 43.15, 0.0, 'CW', 'N/a'], [1, 1, 6, 1.9674719015704554, -0.8150187295726319, -1.602823559437887, -4.221914907495016, -1.5902445952044886, 1.0326967239379883, '0.5', 0.5215007662773132, 0.4445580542087555, 0.5377442836761475, 0.5514229536056519, 'C', '7.5', 44.55, 0.0, 'CW', 'N/a'], [1, 2, 1, 2.0065906683551233, -0.8291477721980591, -1.602823559437887, -4.245023389855856, -1.5902326742755335, 1.0202817916870117, '0.75', 0.8983538150787354, 0.7870533466339111, 1.953323245048523, 2.190234422683716, 'C', '7.5', 44.65, 0.0, 'CW', 'N/a'], [1, 2, 2, 2.0045726935016077, -0.8289087575725098, -1.6042512098895472, -4.242790361443991, -1.588315788899557, 1.092660903930664, '0.75', 3.6114532947540283, 3.6114532947540283, 2.1141042709350586, 2.3170828819274902, 'C', '7.5', 47.95, 0.0, 'CW', 'Bad video'], [1, 2, 3, 2.001234833394186, -0.8271036905101319, -1.602295223866598, -4.241938253442282, -1.5903165976153772, 1.0254440307617188, '0.75', 0.8120536804199219, 0.8120536804199219, 0.8476600050926208, 0.8442142009735107, 'C', '7.5', 45.45, 0.0, 'CW', ''], [1, 2, 4, 1.9941280523883265, -0.8250357669642945, -1.5978673140155237, -4.236788173715109, -1.594665829335348, 1.049426555633545, '0.75', 0.8198570013046265, 0.8117396235466003, 0.8442091941833496, 0.8442091941833496, 'L', '7.5', 43.75, 0.0, 'CW', 'N/a'], [1, 2, 5, 1.9949920813189905, -0.8274025481990357, -1.6053431669818323, -4.238997121850485, -1.5868900457965296, 1.0847368240356445, '0.75', 0.7989205121994019, 0.686252236366272, 0.6341082453727722, 0.629918098449707, 'C', '9.0', 53.75, 0.0, 'CW', 'N/a'], [1, 2, 6, 1.9945839087115687, -0.8289804023555298, -1.6081393400775355, -4.238060613671774, -1.5843504110919397, 1.1026582717895508, '0.75', 0.8000736236572266, 0.7590442299842834, 0.791867733001709, 0.7795589566230774, 'R', '9.0', 47.75, 0.0, 'CW', 'N/a'], [1, 2, 7, 1.985710922871725, -0.824916200046875, -1.597278896962301, -4.2350715599455775, -1.5949891249286097, 0.9717154502868652, '0.75', 2.2559196949005127, 2.2559196949005127, 2.6379153728485107, 2.61130428314209, 'C', '9.0', 53.15, 0.0, 'CW', 'Bad video'], [1, 2, 8, 1.9857948462115687, -0.8244859737208863, -1.6001227537738245, -4.23364319423818, -1.590975586568014, 1.024428367614746, '0.75', 0.8082578182220459, 0.6320990920066833, 0.6866737604141235, 0.7357218861579895, 'C', '9.0', 49.85, 0.0, 'CW', ''], [1, 3, 1, 1.931220833455221, -0.80483432233844, -1.6099875609027308, -4.201941391030783, -1.5825055281268519, 1.1656274795532227, '1.0', 1.1784052848815918, 1.1784052848815918, 2.4646754264831543, 2.738389492034912, '', '9.0', 51.85, 0.0, 'CW', "Didn't make contact with the branch "]]
2025-01-12 11:04:38,212 - INFO - Diameter W1 changed to: 1.1784052848815918 
2025-01-12 11:04:38,212 - INFO - Diameter W2 changed to: 1.1784052848815918 
2025-01-12 11:04:38,212 - INFO - Diameter Mean changed to: 2.4646754264831543 
2025-01-12 11:04:38,212 - INFO - Diameter Median changed to: 2.738389492034912 
2025-01-12 11:04:39,560 - INFO - Trial Number changed to: 2
2025-01-12 11:04:41,555 - INFO - Controller change requested : Switching to Forward
2025-01-12 11:04:41,760 - INFO - Controller change requested : Switching to Joints
2025-01-12 11:04:54,760 - INFO - Start Requested
2025-01-12 11:05:18,212 - INFO - The angle correction has changed: angle added:0.0 angle direction: CW 
2025-01-12 11:05:48,012 - INFO - Diameter W1 changed to: 1.0787736177444458 
2025-01-12 11:05:48,012 - INFO - Diameter W2 changed to: 1.0787736177444458 
2025-01-12 11:05:48,012 - INFO - Diameter Mean changed to: 1.083910584449768 
2025-01-12 11:05:48,012 - INFO - Diameter Median changed to: 1.083910584449768 
2025-01-12 11:05:48,012 - INFO - Total time changed to: 51.15
2025-01-12 11:05:55,901 - INFO - Hit position changed to: R 
2025-01-12 11:06:00,125 - INFO - Hit position changed to:  
2025-01-12 11:06:00,125 - INFO - Save Requested. Saved Values : [[1, 1, 1, 1.9676998297320765, -0.8157598537257691, -1.6079476515399378, -4.221758743325704, -1.583930794392721, 1.0286102294921875, '0.5', 2.241806983947754, 0.4361886978149414, 2.596144676208496, 3.027961015701294, 'L', '9.0', 56.05, 0.0, 'CW', 'N/a'], [1, 1, 2, 1.968792740498678, -0.8157000106624146, -1.6115716139422815, -4.222371002236837, -1.5808399359332483, 1.1001291275024414, '0.5', 0.5992470383644104, 0.5383066534996033, 1.82120680809021, 1.1781806945800781, 'R', '9.0', 53.15, 0.0, 'CW', 'N/a'], [1, 1, 3, 1.9660547415362757, -0.8157120508006592, -1.5988743940936487, -4.222034832040304, -1.5924494902240198, 0.9526739120483398, '0.5', 0.575924813747406, 0.3940538465976715, 1.5149601697921753, 1.9753211736679077, 'L', '9.0', 51.55, 0.0, 'CW', 'N/a'], [1, 1, 4, 1.9646614233600062, -0.8141580385020752, -1.604431454335348, -4.2204982242979945, -1.5883997122394007, 1.0782761573791504, '0.5', 0.5496582984924316, 0.5324814915657043, 0.5996272563934326, 0.584011971950531, 'C', '7.5', 44.65, 0.0, 'CW', 'N/a'], [1, 1, 5, 1.9654539267169397, -0.8139189046672364, -1.6118109861956995, -4.220126291314596, -1.5824092070208948, 1.1521806716918945, '0.5', 0.551978349685669, 0.53472900390625, 0.4484823942184448, 0.43123307824134827, 'R', '7.5', 43.15, 0.0, 'CW', 'N/a'], [1, 1, 6, 1.9674719015704554, -0.8150187295726319, -1.602823559437887, -4.221914907495016, -1.5902445952044886, 1.0326967239379883, '0.5', 0.5215007662773132, 0.4445580542087555, 0.5377442836761475, 0.5514229536056519, 'C', '7.5', 44.55, 0.0, 'CW', 'N/a'], [1, 2, 1, 2.0065906683551233, -0.8291477721980591, -1.602823559437887, -4.245023389855856, -1.5902326742755335, 1.0202817916870117, '0.75', 0.8983538150787354, 0.7870533466339111, 1.953323245048523, 2.190234422683716, 'C', '7.5', 44.65, 0.0, 'CW', 'N/a'], [1, 2, 2, 2.0045726935016077, -0.8289087575725098, -1.6042512098895472, -4.242790361443991, -1.588315788899557, 1.092660903930664, '0.75', 3.6114532947540283, 3.6114532947540283, 2.1141042709350586, 2.3170828819274902, 'C', '7.5', 47.95, 0.0, 'CW', 'Bad video'], [1, 2, 3, 2.001234833394186, -0.8271036905101319, -1.602295223866598, -4.241938253442282, -1.5903165976153772, 1.0254440307617188, '0.75', 0.8120536804199219, 0.8120536804199219, 0.8476600050926208, 0.8442142009735107, 'C', '7.5', 45.45, 0.0, 'CW', ''], [1, 2, 4, 1.9941280523883265, -0.8250357669642945, -1.5978673140155237, -4.236788173715109, -1.594665829335348, 1.049426555633545, '0.75', 0.8198570013046265, 0.8117396235466003, 0.8442091941833496, 0.8442091941833496, 'L', '7.5', 43.75, 0.0, 'CW', 'N/a'], [1, 2, 5, 1.9949920813189905, -0.8274025481990357, -1.6053431669818323, -4.238997121850485, -1.5868900457965296, 1.0847368240356445, '0.75', 0.7989205121994019, 0.686252236366272, 0.6341082453727722, 0.629918098449707, 'C', '9.0', 53.75, 0.0, 'CW', 'N/a'], [1, 2, 6, 1.9945839087115687, -0.8289804023555298, -1.6081393400775355, -4.238060613671774, -1.5843504110919397, 1.1026582717895508, '0.75', 0.8000736236572266, 0.7590442299842834, 0.791867733001709, 0.7795589566230774, 'R', '9.0', 47.75, 0.0, 'CW', 'N/a'], [1, 2, 7, 1.985710922871725, -0.824916200046875, -1.597278896962301, -4.2350715599455775, -1.5949891249286097, 0.9717154502868652, '0.75', 2.2559196949005127, 2.2559196949005127, 2.6379153728485107, 2.61130428314209, 'C', '9.0', 53.15, 0.0, 'CW', 'Bad video'], [1, 2, 8, 1.9857948462115687, -0.8244859737208863, -1.6001227537738245, -4.23364319423818, -1.590975586568014, 1.024428367614746, '0.75', 0.8082578182220459, 0.6320990920066833, 0.6866737604141235, 0.7357218861579895, 'C', '9.0', 49.85, 0.0, 'CW', ''], [1, 3, 1, 1.931220833455221, -0.80483432233844, -1.6099875609027308, -4.201941391030783, -1.5825055281268519, 1.1656274795532227, '1.0', 1.1784052848815918, 1.1784052848815918, 2.4646754264831543, 2.738389492034912, '', '9.0', 51.85, 0.0, 'CW', "Didn't make contact with the branch "], [1, 3, 2, 1.9841259161578577, -0.8266973060420533, -1.582860294972555, -4.231770416299337, -1.6091859976397913, 1.1622538566589355, '1.0', 1.0787736177444458, 1.0787736177444458, 1.083910584449768, 1.083910584449768, 'R', '9.0', 51.15, 0.0, 'CW', '']]
2025-01-12 11:06:00,212 - INFO - Diameter W1 changed to: 1.0787736177444458 
2025-01-12 11:06:00,212 - INFO - Diameter W2 changed to: 1.0787736177444458 
2025-01-12 11:06:00,212 - INFO - Diameter Mean changed to: 1.083910584449768 
2025-01-12 11:06:00,212 - INFO - Diameter Median changed to: 1.083910584449768 
2025-01-12 11:06:01,373 - INFO - Trial Number changed to: 3
2025-01-12 11:06:02,698 - INFO - Controller change requested : Switching to Forward
2025-01-12 11:06:02,916 - INFO - Controller change requested : Switching to Joints
2025-01-12 11:06:14,594 - INFO - Start Requested
2025-01-12 11:06:35,511 - INFO - The angle correction has changed: angle added:0.0 angle direction: CW 
2025-01-12 11:07:06,812 - INFO - Diameter W1 changed to: 1.1740326881408691 
2025-01-12 11:07:06,812 - INFO - Diameter W2 changed to: 1.118126392364502 
2025-01-12 11:07:06,812 - INFO - Diameter Mean changed to: 1.5333753824234009 
2025-01-12 11:07:06,812 - INFO - Diameter Median changed to: 1.1404889822006226 
2025-01-12 11:07:06,812 - INFO - Total time changed to: 50.35
2025-01-12 11:07:15,450 - INFO - Note changed to: N 
2025-01-12 11:07:15,618 - INFO - Note changed to: No 
2025-01-12 11:07:15,684 - INFO - Note changed to: No  
2025-01-12 11:07:15,926 - INFO - Note changed to: No c 
2025-01-12 11:07:16,174 - INFO - Note changed to: No co 
2025-01-12 11:07:16,316 - INFO - Note changed to: No con 
2025-01-12 11:07:16,434 - INFO - Note changed to: No cont 
2025-01-12 11:07:16,583 - INFO - Note changed to: No conta 
2025-01-12 11:07:16,824 - INFO - Note changed to: No contac 
2025-01-12 11:07:17,046 - INFO - Note changed to: No contact 
2025-01-12 11:07:17,090 - INFO - Note changed to: No contact  
2025-01-12 11:07:17,208 - INFO - Note changed to: No contact o 
2025-01-12 11:07:17,374 - INFO - Note changed to: No contact on 
2025-01-12 11:07:17,433 - INFO - Note changed to: No contact on  
2025-01-12 11:07:17,600 - INFO - Note changed to: No contact on p 
2025-01-12 11:07:17,743 - INFO - Note changed to: No contact on po 
2025-01-12 11:07:17,876 - INFO - Note changed to: No contact on pol 
2025-01-12 11:07:17,910 - INFO - Note changed to: No contact on pole 
2025-01-12 11:07:17,946 - INFO - Note changed to: No contact on pole  
2025-01-12 11:07:19,166 - INFO - Controller change requested : Switching to Forward
2025-01-12 11:07:19,328 - INFO - Controller change requested : Switching to Joints
2025-01-12 11:07:20,346 - INFO - Note changed to: No contact on pole 
2025-01-12 11:07:20,471 - INFO - Note changed to: No contact on pol 
2025-01-12 11:07:20,579 - INFO - Note changed to: No contact on po 
2025-01-12 11:07:20,706 - INFO - Note changed to: No contact on p 
2025-01-12 11:07:20,823 - INFO - Note changed to: No contact on  
2025-01-12 11:07:21,038 - INFO - Note changed to: No contact on 
2025-01-12 11:07:21,154 - INFO - Note changed to: No contact o 
2025-01-12 11:07:21,378 - INFO - Note changed to: No contact ow 
2025-01-12 11:07:21,644 - INFO - Note changed to: No contact o 
2025-01-12 11:07:21,736 - INFO - Note changed to: No contact  
2025-01-12 11:07:21,836 - INFO - Note changed to: No contact w 
2025-01-12 11:07:21,945 - INFO - Note changed to: No contact wi 
2025-01-12 11:07:22,061 - INFO - Note changed to: No contact wit 
2025-01-12 11:07:22,129 - INFO - Note changed to: No contact with 
2025-01-12 11:07:22,182 - INFO - Note changed to: No contact with  
2025-01-12 11:07:22,408 - INFO - Note changed to: No contact with b 
2025-01-12 11:07:22,484 - INFO - Note changed to: No contact with br 
2025-01-12 11:07:22,619 - INFO - Note changed to: No contact with bra 
2025-01-12 11:07:22,660 - INFO - Note changed to: No contact with bran 
2025-01-12 11:07:22,804 - INFO - Note changed to: No contact with branc 
2025-01-12 11:07:22,871 - INFO - Note changed to: No contact with branch 
2025-01-12 11:07:22,914 - INFO - Note changed to: No contact with branch  
2025-01-12 11:07:24,774 - INFO - Note changed to:  
2025-01-12 11:07:24,774 - INFO - Save Requested. Saved Values : [[1, 1, 1, 1.9676998297320765, -0.8157598537257691, -1.6079476515399378, -4.221758743325704, -1.583930794392721, 1.0286102294921875, '0.5', 2.241806983947754, 0.4361886978149414, 2.596144676208496, 3.027961015701294, 'L', '9.0', 56.05, 0.0, 'CW', 'N/a'], [1, 1, 2, 1.968792740498678, -0.8157000106624146, -1.6115716139422815, -4.222371002236837, -1.5808399359332483, 1.1001291275024414, '0.5', 0.5992470383644104, 0.5383066534996033, 1.82120680809021, 1.1781806945800781, 'R', '9.0', 53.15, 0.0, 'CW', 'N/a'], [1, 1, 3, 1.9660547415362757, -0.8157120508006592, -1.5988743940936487, -4.222034832040304, -1.5924494902240198, 0.9526739120483398, '0.5', 0.575924813747406, 0.3940538465976715, 1.5149601697921753, 1.9753211736679077, 'L', '9.0', 51.55, 0.0, 'CW', 'N/a'], [1, 1, 4, 1.9646614233600062, -0.8141580385020752, -1.604431454335348, -4.2204982242979945, -1.5883997122394007, 1.0782761573791504, '0.5', 0.5496582984924316, 0.5324814915657043, 0.5996272563934326, 0.584011971950531, 'C', '7.5', 44.65, 0.0, 'CW', 'N/a'], [1, 1, 5, 1.9654539267169397, -0.8139189046672364, -1.6118109861956995, -4.220126291314596, -1.5824092070208948, 1.1521806716918945, '0.5', 0.551978349685669, 0.53472900390625, 0.4484823942184448, 0.43123307824134827, 'R', '7.5', 43.15, 0.0, 'CW', 'N/a'], [1, 1, 6, 1.9674719015704554, -0.8150187295726319, -1.602823559437887, -4.221914907495016, -1.5902445952044886, 1.0326967239379883, '0.5', 0.5215007662773132, 0.4445580542087555, 0.5377442836761475, 0.5514229536056519, 'C', '7.5', 44.55, 0.0, 'CW', 'N/a'], [1, 2, 1, 2.0065906683551233, -0.8291477721980591, -1.602823559437887, -4.245023389855856, -1.5902326742755335, 1.0202817916870117, '0.75', 0.8983538150787354, 0.7870533466339111, 1.953323245048523, 2.190234422683716, 'C', '7.5', 44.65, 0.0, 'CW', 'N/a'], [1, 2, 2, 2.0045726935016077, -0.8289087575725098, -1.6042512098895472, -4.242790361443991, -1.588315788899557, 1.092660903930664, '0.75', 3.6114532947540283, 3.6114532947540283, 2.1141042709350586, 2.3170828819274902, 'C', '7.5', 47.95, 0.0, 'CW', 'Bad video'], [1, 2, 3, 2.001234833394186, -0.8271036905101319, -1.602295223866598, -4.241938253442282, -1.5903165976153772, 1.0254440307617188, '0.75', 0.8120536804199219, 0.8120536804199219, 0.8476600050926208, 0.8442142009735107, 'C', '7.5', 45.45, 0.0, 'CW', ''], [1, 2, 4, 1.9941280523883265, -0.8250357669642945, -1.5978673140155237, -4.236788173715109, -1.594665829335348, 1.049426555633545, '0.75', 0.8198570013046265, 0.8117396235466003, 0.8442091941833496, 0.8442091941833496, 'L', '7.5', 43.75, 0.0, 'CW', 'N/a'], [1, 2, 5, 1.9949920813189905, -0.8274025481990357, -1.6053431669818323, -4.238997121850485, -1.5868900457965296, 1.0847368240356445, '0.75', 0.7989205121994019, 0.686252236366272, 0.6341082453727722, 0.629918098449707, 'C', '9.0', 53.75, 0.0, 'CW', 'N/a'], [1, 2, 6, 1.9945839087115687, -0.8289804023555298, -1.6081393400775355, -4.238060613671774, -1.5843504110919397, 1.1026582717895508, '0.75', 0.8000736236572266, 0.7590442299842834, 0.791867733001709, 0.7795589566230774, 'R', '9.0', 47.75, 0.0, 'CW', 'N/a'], [1, 2, 7, 1.985710922871725, -0.824916200046875, -1.597278896962301, -4.2350715599455775, -1.5949891249286097, 0.9717154502868652, '0.75', 2.2559196949005127, 2.2559196949005127, 2.6379153728485107, 2.61130428314209, 'C', '9.0', 53.15, 0.0, 'CW', 'Bad video'], [1, 2, 8, 1.9857948462115687, -0.8244859737208863, -1.6001227537738245, -4.23364319423818, -1.590975586568014, 1.024428367614746, '0.75', 0.8082578182220459, 0.6320990920066833, 0.6866737604141235, 0.7357218861579895, 'C', '9.0', 49.85, 0.0, 'CW', ''], [1, 3, 1, 1.931220833455221, -0.80483432233844, -1.6099875609027308, -4.201941391030783, -1.5825055281268519, 1.1656274795532227, '1.0', 1.1784052848815918, 1.1784052848815918, 2.4646754264831543, 2.738389492034912, '', '9.0', 51.85, 0.0, 'CW', "Didn't make contact with the branch "], [1, 3, 2, 1.9841259161578577, -0.8266973060420533, -1.582860294972555, -4.231770416299337, -1.6091859976397913, 1.1622538566589355, '1.0', 1.0787736177444458, 1.0787736177444458, 1.083910584449768, 1.083910584449768, 'R', '9.0', 51.15, 0.0, 'CW', ''], [1, 3, 3, 1.9261720816241663, -0.8014753621867676, -1.591872517262594, -4.197327514688009, -1.5996854940997522, 1.2296104431152344, '1.0', 1.1740326881408691, 1.118126392364502, 1.5333753824234009, 1.1404889822006226, '', '9.0', 50.35, 0.0, 'CW', 'No contact with branch ']]
2025-01-12 11:07:24,812 - INFO - Diameter W1 changed to: 1.1740326881408691 
2025-01-12 11:07:24,812 - INFO - Diameter W2 changed to: 1.118126392364502 
2025-01-12 11:07:24,812 - INFO - Diameter Mean changed to: 1.5333753824234009 
2025-01-12 11:07:24,812 - INFO - Diameter Median changed to: 1.1404889822006226 
2025-01-12 11:07:25,872 - INFO - Trial Number changed to: 4
2025-01-12 11:07:50,783 - INFO - Start Requested
2025-01-12 11:08:12,312 - INFO - The angle correction has changed: angle added:0.0 angle direction: CW 
2025-01-12 11:08:43,112 - INFO - Diameter W1 changed to: 1.1622401475906372 
2025-01-12 11:08:43,112 - INFO - Diameter W2 changed to: 1.0896000862121582 
2025-01-12 11:08:43,112 - INFO - Diameter Mean changed to: 1.884316325187683 
2025-01-12 11:08:43,112 - INFO - Diameter Median changed to: 1.0065829753875732 
2025-01-12 11:08:43,112 - INFO - Total time changed to: 50.75
2025-01-12 11:08:50,255 - INFO - Hit position changed to: R 
2025-01-12 11:08:51,612 - INFO - Hit position changed to:  
2025-01-12 11:08:51,612 - INFO - Save Requested. Saved Values : [[1, 1, 1, 1.9676998297320765, -0.8157598537257691, -1.6079476515399378, -4.221758743325704, -1.583930794392721, 1.0286102294921875, '0.5', 2.241806983947754, 0.4361886978149414, 2.596144676208496, 3.027961015701294, 'L', '9.0', 56.05, 0.0, 'CW', 'N/a'], [1, 1, 2, 1.968792740498678, -0.8157000106624146, -1.6115716139422815, -4.222371002236837, -1.5808399359332483, 1.1001291275024414, '0.5', 0.5992470383644104, 0.5383066534996033, 1.82120680809021, 1.1781806945800781, 'R', '9.0', 53.15, 0.0, 'CW', 'N/a'], [1, 1, 3, 1.9660547415362757, -0.8157120508006592, -1.5988743940936487, -4.222034832040304, -1.5924494902240198, 0.9526739120483398, '0.5', 0.575924813747406, 0.3940538465976715, 1.5149601697921753, 1.9753211736679077, 'L', '9.0', 51.55, 0.0, 'CW', 'N/a'], [1, 1, 4, 1.9646614233600062, -0.8141580385020752, -1.604431454335348, -4.2204982242979945, -1.5883997122394007, 1.0782761573791504, '0.5', 0.5496582984924316, 0.5324814915657043, 0.5996272563934326, 0.584011971950531, 'C', '7.5', 44.65, 0.0, 'CW', 'N/a'], [1, 1, 5, 1.9654539267169397, -0.8139189046672364, -1.6118109861956995, -4.220126291314596, -1.5824092070208948, 1.1521806716918945, '0.5', 0.551978349685669, 0.53472900390625, 0.4484823942184448, 0.43123307824134827, 'R', '7.5', 43.15, 0.0, 'CW', 'N/a'], [1, 1, 6, 1.9674719015704554, -0.8150187295726319, -1.602823559437887, -4.221914907495016, -1.5902445952044886, 1.0326967239379883, '0.5', 0.5215007662773132, 0.4445580542087555, 0.5377442836761475, 0.5514229536056519, 'C', '7.5', 44.55, 0.0, 'CW', 'N/a'], [1, 2, 1, 2.0065906683551233, -0.8291477721980591, -1.602823559437887, -4.245023389855856, -1.5902326742755335, 1.0202817916870117, '0.75', 0.8983538150787354, 0.7870533466339111, 1.953323245048523, 2.190234422683716, 'C', '7.5', 44.65, 0.0, 'CW', 'N/a'], [1, 2, 2, 2.0045726935016077, -0.8289087575725098, -1.6042512098895472, -4.242790361443991, -1.588315788899557, 1.092660903930664, '0.75', 3.6114532947540283, 3.6114532947540283, 2.1141042709350586, 2.3170828819274902, 'C', '7.5', 47.95, 0.0, 'CW', 'Bad video'], [1, 2, 3, 2.001234833394186, -0.8271036905101319, -1.602295223866598, -4.241938253442282, -1.5903165976153772, 1.0254440307617188, '0.75', 0.8120536804199219, 0.8120536804199219, 0.8476600050926208, 0.8442142009735107, 'C', '7.5', 45.45, 0.0, 'CW', ''], [1, 2, 4, 1.9941280523883265, -0.8250357669642945, -1.5978673140155237, -4.236788173715109, -1.594665829335348, 1.049426555633545, '0.75', 0.8198570013046265, 0.8117396235466003, 0.8442091941833496, 0.8442091941833496, 'L', '7.5', 43.75, 0.0, 'CW', 'N/a'], [1, 2, 5, 1.9949920813189905, -0.8274025481990357, -1.6053431669818323, -4.238997121850485, -1.5868900457965296, 1.0847368240356445, '0.75', 0.7989205121994019, 0.686252236366272, 0.6341082453727722, 0.629918098449707, 'C', '9.0', 53.75, 0.0, 'CW', 'N/a'], [1, 2, 6, 1.9945839087115687, -0.8289804023555298, -1.6081393400775355, -4.238060613671774, -1.5843504110919397, 1.1026582717895508, '0.75', 0.8000736236572266, 0.7590442299842834, 0.791867733001709, 0.7795589566230774, 'R', '9.0', 47.75, 0.0, 'CW', 'N/a'], [1, 2, 7, 1.985710922871725, -0.824916200046875, -1.597278896962301, -4.2350715599455775, -1.5949891249286097, 0.9717154502868652, '0.75', 2.2559196949005127, 2.2559196949005127, 2.6379153728485107, 2.61130428314209, 'C', '9.0', 53.15, 0.0, 'CW', 'Bad video'], [1, 2, 8, 1.9857948462115687, -0.8244859737208863, -1.6001227537738245, -4.23364319423818, -1.590975586568014, 1.024428367614746, '0.75', 0.8082578182220459, 0.6320990920066833, 0.6866737604141235, 0.7357218861579895, 'C', '9.0', 49.85, 0.0, 'CW', ''], [1, 3, 1, 1.931220833455221, -0.80483432233844, -1.6099875609027308, -4.201941391030783, -1.5825055281268519, 1.1656274795532227, '1.0', 1.1784052848815918, 1.1784052848815918, 2.4646754264831543, 2.738389492034912, '', '9.0', 51.85, 0.0, 'CW', "Didn't make contact with the branch "], [1, 3, 2, 1.9841259161578577, -0.8266973060420533, -1.582860294972555, -4.231770416299337, -1.6091859976397913, 1.1622538566589355, '1.0', 1.0787736177444458, 1.0787736177444458, 1.083910584449768, 1.083910584449768, 'R', '9.0', 51.15, 0.0, 'CW', ''], [1, 3, 3, 1.9261720816241663, -0.8014753621867676, -1.591872517262594, -4.197327514688009, -1.5996854940997522, 1.2296104431152344, '1.0', 1.1740326881408691, 1.118126392364502, 1.5333753824234009, 1.1404889822006226, '', '9.0', 50.35, 0.0, 'CW', 'No contact with branch '], [1, 3, 4, 1.9750717321978968, -0.82225056112323, -1.5793612639056605, -4.226632495919699, -1.61086351076235, 1.1485786437988281, '1.0', 1.1622401475906372, 1.0896000862121582, 1.884316325187683, 1.0065829753875732, 'R', '9.0', 50.75, 0.0, 'CW', '']]
2025-01-12 11:08:51,612 - INFO - Diameter W1 changed to: 1.1622401475906372 
2025-01-12 11:08:51,612 - INFO - Diameter W2 changed to: 1.0896000862121582 
2025-01-12 11:08:51,612 - INFO - Diameter Mean changed to: 1.884316325187683 
2025-01-12 11:08:51,612 - INFO - Diameter Median changed to: 1.0065829753875732 
2025-01-12 11:08:52,779 - INFO - Controller change requested : Switching to Forward
2025-01-12 11:08:52,956 - INFO - Controller change requested : Switching to Joints
2025-01-12 11:08:54,786 - INFO - Trial Number changed to: 5
2025-01-12 11:09:04,494 - INFO - Start Requested
2025-01-12 11:10:20,823 - INFO - Save Requested. Saved Values : [[1, 1, 1, 1.9676998297320765, -0.8157598537257691, -1.6079476515399378, -4.221758743325704, -1.583930794392721, 1.0286102294921875, '0.5', 2.241806983947754, 0.4361886978149414, 2.596144676208496, 3.027961015701294, 'L', '9.0', 56.05, 0.0, 'CW', 'N/a'], [1, 1, 2, 1.968792740498678, -0.8157000106624146, -1.6115716139422815, -4.222371002236837, -1.5808399359332483, 1.1001291275024414, '0.5', 0.5992470383644104, 0.5383066534996033, 1.82120680809021, 1.1781806945800781, 'R', '9.0', 53.15, 0.0, 'CW', 'N/a'], [1, 1, 3, 1.9660547415362757, -0.8157120508006592, -1.5988743940936487, -4.222034832040304, -1.5924494902240198, 0.9526739120483398, '0.5', 0.575924813747406, 0.3940538465976715, 1.5149601697921753, 1.9753211736679077, 'L', '9.0', 51.55, 0.0, 'CW', 'N/a'], [1, 1, 4, 1.9646614233600062, -0.8141580385020752, -1.604431454335348, -4.2204982242979945, -1.5883997122394007, 1.0782761573791504, '0.5', 0.5496582984924316, 0.5324814915657043, 0.5996272563934326, 0.584011971950531, 'C', '7.5', 44.65, 0.0, 'CW', 'N/a'], [1, 1, 5, 1.9654539267169397, -0.8139189046672364, -1.6118109861956995, -4.220126291314596, -1.5824092070208948, 1.1521806716918945, '0.5', 0.551978349685669, 0.53472900390625, 0.4484823942184448, 0.43123307824134827, 'R', '7.5', 43.15, 0.0, 'CW', 'N/a'], [1, 1, 6, 1.9674719015704554, -0.8150187295726319, -1.602823559437887, -4.221914907495016, -1.5902445952044886, 1.0326967239379883, '0.5', 0.5215007662773132, 0.4445580542087555, 0.5377442836761475, 0.5514229536056519, 'C', '7.5', 44.55, 0.0, 'CW', 'N/a'], [1, 2, 1, 2.0065906683551233, -0.8291477721980591, -1.602823559437887, -4.245023389855856, -1.5902326742755335, 1.0202817916870117, '0.75', 0.8983538150787354, 0.7870533466339111, 1.953323245048523, 2.190234422683716, 'C', '7.5', 44.65, 0.0, 'CW', 'N/a'], [1, 2, 2, 2.0045726935016077, -0.8289087575725098, -1.6042512098895472, -4.242790361443991, -1.588315788899557, 1.092660903930664, '0.75', 3.6114532947540283, 3.6114532947540283, 2.1141042709350586, 2.3170828819274902, 'C', '7.5', 47.95, 0.0, 'CW', 'Bad video'], [1, 2, 3, 2.001234833394186, -0.8271036905101319, -1.602295223866598, -4.241938253442282, -1.5903165976153772, 1.0254440307617188, '0.75', 0.8120536804199219, 0.8120536804199219, 0.8476600050926208, 0.8442142009735107, 'C', '7.5', 45.45, 0.0, 'CW', ''], [1, 2, 4, 1.9941280523883265, -0.8250357669642945, -1.5978673140155237, -4.236788173715109, -1.594665829335348, 1.049426555633545, '0.75', 0.8198570013046265, 0.8117396235466003, 0.8442091941833496, 0.8442091941833496, 'L', '7.5', 43.75, 0.0, 'CW', 'N/a'], [1, 2, 5, 1.9949920813189905, -0.8274025481990357, -1.6053431669818323, -4.238997121850485, -1.5868900457965296, 1.0847368240356445, '0.75', 0.7989205121994019, 0.686252236366272, 0.6341082453727722, 0.629918098449707, 'C', '9.0', 53.75, 0.0, 'CW', 'N/a'], [1, 2, 6, 1.9945839087115687, -0.8289804023555298, -1.6081393400775355, -4.238060613671774, -1.5843504110919397, 1.1026582717895508, '0.75', 0.8000736236572266, 0.7590442299842834, 0.791867733001709, 0.7795589566230774, 'R', '9.0', 47.75, 0.0, 'CW', 'N/a'], [1, 2, 7, 1.985710922871725, -0.824916200046875, -1.597278896962301, -4.2350715599455775, -1.5949891249286097, 0.9717154502868652, '0.75', 2.2559196949005127, 2.2559196949005127, 2.6379153728485107, 2.61130428314209, 'C', '9.0', 53.15, 0.0, 'CW', 'Bad video'], [1, 2, 8, 1.9857948462115687, -0.8244859737208863, -1.6001227537738245, -4.23364319423818, -1.590975586568014, 1.024428367614746, '0.75', 0.8082578182220459, 0.6320990920066833, 0.6866737604141235, 0.7357218861579895, 'C', '9.0', 49.85, 0.0, 'CW', ''], [1, 3, 1, 1.931220833455221, -0.80483432233844, -1.6099875609027308, -4.201941391030783, -1.5825055281268519, 1.1656274795532227, '1.0', 1.1784052848815918, 1.1784052848815918, 2.4646754264831543, 2.738389492034912, '', '9.0', 51.85, 0.0, 'CW', "Didn't make contact with the branch "], [1, 3, 2, 1.9841259161578577, -0.8266973060420533, -1.582860294972555, -4.231770416299337, -1.6091859976397913, 1.1622538566589355, '1.0', 1.0787736177444458, 1.0787736177444458, 1.083910584449768, 1.083910584449768, 'R', '9.0', 51.15, 0.0, 'CW', ''], [1, 3, 3, 1.9261720816241663, -0.8014753621867676, -1.591872517262594, -4.197327514688009, -1.5996854940997522, 1.2296104431152344, '1.0', 1.1740326881408691, 1.118126392364502, 1.5333753824234009, 1.1404889822006226, '', '9.0', 50.35, 0.0, 'CW', 'No contact with branch '], [1, 3, 4, 1.9750717321978968, -0.82225056112323, -1.5793612639056605, -4.226632495919699, -1.61086351076235, 1.1485786437988281, '1.0', 1.1622401475906372, 1.0896000862121582, 1.884316325187683, 1.0065829753875732, 'R', '9.0', 50.75, 0.0, 'CW', ''], [1, 3, 5, 2.279980484639303, -0.92619343221698, -1.7544453779803675, -4.409410139123434, -1.4395697752581995, 1.560267448425293, '1.0', 1.1622401475906372, 1.0896000862121582, 1.884316325187683, 1.0065829753875732, '', '9.0', 50.75, 0.0, 'CW', 'N/a']]
2025-01-12 11:10:20,912 - INFO - Diameter W1 changed to: 1.1622401475906372 
2025-01-12 11:10:20,912 - INFO - Diameter W2 changed to: 1.0896000862121582 
2025-01-12 11:10:20,912 - INFO - Diameter Mean changed to: 1.884316325187683 
2025-01-12 11:10:20,912 - INFO - Diameter Median changed to: 1.0065829753875732 
2025-01-12 11:10:22,793 - INFO - Exit Requested. Saved Values : [[1, 1, 1, 1.9676998297320765, -0.8157598537257691, -1.6079476515399378, -4.221758743325704, -1.583930794392721, 1.0286102294921875, '0.5', 2.241806983947754, 0.4361886978149414, 2.596144676208496, 3.027961015701294, 'L', '9.0', 56.05, 0.0, 'CW', 'N/a'], [1, 1, 2, 1.968792740498678, -0.8157000106624146, -1.6115716139422815, -4.222371002236837, -1.5808399359332483, 1.1001291275024414, '0.5', 0.5992470383644104, 0.5383066534996033, 1.82120680809021, 1.1781806945800781, 'R', '9.0', 53.15, 0.0, 'CW', 'N/a'], [1, 1, 3, 1.9660547415362757, -0.8157120508006592, -1.5988743940936487, -4.222034832040304, -1.5924494902240198, 0.9526739120483398, '0.5', 0.575924813747406, 0.3940538465976715, 1.5149601697921753, 1.9753211736679077, 'L', '9.0', 51.55, 0.0, 'CW', 'N/a'], [1, 1, 4, 1.9646614233600062, -0.8141580385020752, -1.604431454335348, -4.2204982242979945, -1.5883997122394007, 1.0782761573791504, '0.5', 0.5496582984924316, 0.5324814915657043, 0.5996272563934326, 0.584011971950531, 'C', '7.5', 44.65, 0.0, 'CW', 'N/a'], [1, 1, 5, 1.9654539267169397, -0.8139189046672364, -1.6118109861956995, -4.220126291314596, -1.5824092070208948, 1.1521806716918945, '0.5', 0.551978349685669, 0.53472900390625, 0.4484823942184448, 0.43123307824134827, 'R', '7.5', 43.15, 0.0, 'CW', 'N/a'], [1, 1, 6, 1.9674719015704554, -0.8150187295726319, -1.602823559437887, -4.221914907495016, -1.5902445952044886, 1.0326967239379883, '0.5', 0.5215007662773132, 0.4445580542087555, 0.5377442836761475, 0.5514229536056519, 'C', '7.5', 44.55, 0.0, 'CW', 'N/a'], [1, 2, 1, 2.0065906683551233, -0.8291477721980591, -1.602823559437887, -4.245023389855856, -1.5902326742755335, 1.0202817916870117, '0.75', 0.8983538150787354, 0.7870533466339111, 1.953323245048523, 2.190234422683716, 'C', '7.5', 44.65, 0.0, 'CW', 'N/a'], [1, 2, 2, 2.0045726935016077, -0.8289087575725098, -1.6042512098895472, -4.242790361443991, -1.588315788899557, 1.092660903930664, '0.75', 3.6114532947540283, 3.6114532947540283, 2.1141042709350586, 2.3170828819274902, 'C', '7.5', 47.95, 0.0, 'CW', 'Bad video'], [1, 2, 3, 2.001234833394186, -0.8271036905101319, -1.602295223866598, -4.241938253442282, -1.5903165976153772, 1.0254440307617188, '0.75', 0.8120536804199219, 0.8120536804199219, 0.8476600050926208, 0.8442142009735107, 'C', '7.5', 45.45, 0.0, 'CW', ''], [1, 2, 4, 1.9941280523883265, -0.8250357669642945, -1.5978673140155237, -4.236788173715109, -1.594665829335348, 1.049426555633545, '0.75', 0.8198570013046265, 0.8117396235466003, 0.8442091941833496, 0.8442091941833496, 'L', '7.5', 43.75, 0.0, 'CW', 'N/a'], [1, 2, 5, 1.9949920813189905, -0.8274025481990357, -1.6053431669818323, -4.238997121850485, -1.5868900457965296, 1.0847368240356445, '0.75', 0.7989205121994019, 0.686252236366272, 0.6341082453727722, 0.629918098449707, 'C', '9.0', 53.75, 0.0, 'CW', 'N/a'], [1, 2, 6, 1.9945839087115687, -0.8289804023555298, -1.6081393400775355, -4.238060613671774, -1.5843504110919397, 1.1026582717895508, '0.75', 0.8000736236572266, 0.7590442299842834, 0.791867733001709, 0.7795589566230774, 'R', '9.0', 47.75, 0.0, 'CW', 'N/a'], [1, 2, 7, 1.985710922871725, -0.824916200046875, -1.597278896962301, -4.2350715599455775, -1.5949891249286097, 0.9717154502868652, '0.75', 2.2559196949005127, 2.2559196949005127, 2.6379153728485107, 2.61130428314209, 'C', '9.0', 53.15, 0.0, 'CW', 'Bad video'], [1, 2, 8, 1.9857948462115687, -0.8244859737208863, -1.6001227537738245, -4.23364319423818, -1.590975586568014, 1.024428367614746, '0.75', 0.8082578182220459, 0.6320990920066833, 0.6866737604141235, 0.7357218861579895, 'C', '9.0', 49.85, 0.0, 'CW', ''], [1, 3, 1, 1.931220833455221, -0.80483432233844, -1.6099875609027308, -4.201941391030783, -1.5825055281268519, 1.1656274795532227, '1.0', 1.1784052848815918, 1.1784052848815918, 2.4646754264831543, 2.738389492034912, '', '9.0', 51.85, 0.0, 'CW', "Didn't make contact with the branch "], [1, 3, 2, 1.9841259161578577, -0.8266973060420533, -1.582860294972555, -4.231770416299337, -1.6091859976397913, 1.1622538566589355, '1.0', 1.0787736177444458, 1.0787736177444458, 1.083910584449768, 1.083910584449768, 'R', '9.0', 51.15, 0.0, 'CW', ''], [1, 3, 3, 1.9261720816241663, -0.8014753621867676, -1.591872517262594, -4.197327514688009, -1.5996854940997522, 1.2296104431152344, '1.0', 1.1740326881408691, 1.118126392364502, 1.5333753824234009, 1.1404889822006226, '', '9.0', 50.35, 0.0, 'CW', 'No contact with branch '], [1, 3, 4, 1.9750717321978968, -0.82225056112323, -1.5793612639056605, -4.226632495919699, -1.61086351076235, 1.1485786437988281, '1.0', 1.1622401475906372, 1.0896000862121582, 1.884316325187683, 1.0065829753875732, 'R', '9.0', 50.75, 0.0, 'CW', ''], [1, 3, 5, 2.279980484639303, -0.92619343221698, -1.7544453779803675, -4.409410139123434, -1.4395697752581995, 1.560267448425293, '1.0', 1.1622401475906372, 1.0896000862121582, 1.884316325187683, 1.0065829753875732, '', '9.0', 50.75, 0.0, 'CW', 'N/a']]
2025-01-12 11:10:22,793 - INFO - After Exit Request values were saved to: /home/ryan/ros2_ws_groundtruth/src/Ground_Truth_Ros/ground_truth/csv_files/UFO_Test_1_20_0_2025_01_12_11_10_22.csv and /home/ryan/ros2_ws_groundtruth/src/Ground_Truth_Ros/ground_truth/json_files/UFO_Test_1_20_0_2025_01_12_11_10_22.json
