2024-11-14 11:59:25,776 - INFO - File name changed to: UFO_Tree_0
2024-11-14 11:59:25,776 - INFO - Trial Number changed to: 1
2024-11-14 11:59:25,777 - INFO - Branch Number changed to: 1
2024-11-14 11:59:25,777 - INFO - File name changed to: UFO_Tree_1
2024-11-14 11:59:25,777 - INFO - File name changed to: UFO_Tree_1
2024-11-14 11:59:25,777 - INFO - Tree Number changed to: 1
2024-11-14 12:00:15,232 - INFO - Distance to tree changed to: 9 
2024-11-14 12:00:15,398 - INFO - Distance to tree changed to: 9. 
2024-11-14 12:00:15,548 - INFO - Distance to tree changed to: 9.0 
2024-11-14 12:00:16,887 - INFO - Measured Diameter changed to: 9
2024-11-14 12:00:17,185 - INFO - Measured Diameter changed to: 
2024-11-14 12:00:17,401 - INFO - Measured Diameter changed to: 0
2024-11-14 12:00:17,609 - INFO - Measured Diameter changed to: 0,
2024-11-14 12:00:17,981 - INFO - Measured Diameter changed to: 0,6
2024-11-14 12:00:18,484 - INFO - Measured Diameter changed to: 0,
2024-11-14 12:00:18,708 - INFO - Measured Diameter changed to: 0
2024-11-14 12:00:19,137 - INFO - Measured Diameter changed to: 0.
2024-11-14 12:00:19,434 - INFO - Measured Diameter changed to: 0.5
2024-11-14 12:00:28,344 - INFO - Start Requested
2024-11-14 12:01:25,682 - INFO - Diameter W1 changed to: 0.4645679295063019 
2024-11-14 12:01:25,682 - INFO - Diameter W2 changed to: 0.4443693161010742 
2024-11-14 12:01:25,682 - INFO - Diameter Mean changed to: 0.4746672213077545 
2024-11-14 12:01:25,682 - INFO - Diameter Median changed to: 0.4645679295063019 
2024-11-14 12:01:25,682 - INFO - Total time changed to: 50.76
2024-11-14 12:01:25,781 - INFO - Diameter Median changed to: 0.4645679295063019 
2024-11-14 12:01:25,881 - INFO - Diameter Median changed to: 0.4645679295063019 
2024-11-14 12:01:25,982 - INFO - Diameter Median changed to: 0.4645679295063019 
2024-11-14 12:01:26,081 - INFO - Diameter Median changed to: 0.4645679295063019 
2024-11-14 12:01:26,181 - INFO - Diameter Median changed to: 0.4645679295063019 
2024-11-14 12:01:26,282 - INFO - Diameter Median changed to: 0.4645679295063019 
2024-11-14 12:01:26,381 - INFO - Diameter Median changed to: 0.4645679295063019 
2024-11-14 12:01:26,482 - INFO - Diameter Median changed to: 0.4645679295063019 
2024-11-14 12:01:26,582 - INFO - Diameter Median changed to: 0.4645679295063019 
2024-11-14 12:01:26,681 - INFO - Diameter Median changed to: 0.4645679295063019 
2024-11-14 12:01:26,781 - INFO - Diameter Median changed to: 0.4645679295063019 
2024-11-14 12:01:26,881 - INFO - Diameter Median changed to: 0.4645679295063019 
2024-11-14 12:01:26,981 - INFO - Diameter Median changed to: 0.4645679295063019 
2024-11-14 12:01:27,082 - INFO - Diameter Median changed to: 0.4645679295063019 
2024-11-14 12:01:27,181 - INFO - Diameter Median changed to: 0.4645679295063019 
2024-11-14 12:01:27,281 - INFO - Diameter Median changed to: 0.4645679295063019 
2024-11-14 12:01:27,381 - INFO - Diameter Median changed to: 0.4645679295063019 
2024-11-14 12:01:27,481 - INFO - Diameter Median changed to: 0.4645679295063019 
2024-11-14 12:01:27,582 - INFO - Diameter Median changed to: 0.4645679295063019 
2024-11-14 12:01:27,681 - INFO - Diameter Median changed to: 0.4645679295063019 
2024-11-14 12:01:27,782 - INFO - Diameter Median changed to: 0.4645679295063019 
2024-11-14 12:01:27,881 - INFO - Diameter Median changed to: 0.4645679295063019 
2024-11-14 12:01:27,981 - INFO - Diameter Median changed to: 0.4645679295063019 
2024-11-14 12:01:28,082 - INFO - Diameter Median changed to: 0.4645679295063019 
2024-11-14 12:01:28,182 - INFO - Diameter Median changed to: 0.4645679295063019 
2024-11-14 12:01:28,281 - INFO - Diameter Median changed to: 0.4645679295063019 
2024-11-14 12:01:28,382 - INFO - Diameter Median changed to: 0.4645679295063019 
2024-11-14 12:01:28,481 - INFO - Diameter Median changed to: 0.4645679295063019 
2024-11-14 12:01:28,581 - INFO - Diameter Median changed to: 0.4645679295063019 
2024-11-14 12:01:28,682 - INFO - Diameter Median changed to: 0.4645679295063019 
2024-11-14 12:01:28,782 - INFO - Diameter Median changed to: 0.4645679295063019 
2024-11-14 12:01:28,881 - INFO - Diameter Median changed to: 0.4645679295063019 
2024-11-14 12:01:28,981 - INFO - Diameter Median changed to: 0.4645679295063019 
2024-11-14 12:01:29,082 - INFO - Diameter Median changed to: 0.4645679295063019 
2024-11-14 12:01:29,182 - INFO - Diameter Median changed to: 0.4645679295063019 
2024-11-14 12:01:29,282 - INFO - Diameter Median changed to: 0.4645679295063019 
2024-11-14 12:01:29,381 - INFO - Diameter Median changed to: 0.4645679295063019 
2024-11-14 12:01:29,481 - INFO - Diameter Median changed to: 0.4645679295063019 
2024-11-14 12:01:29,581 - INFO - Diameter Median changed to: 0.4645679295063019 
2024-11-14 12:01:29,681 - INFO - Diameter Median changed to: 0.4645679295063019 
2024-11-14 12:01:29,782 - INFO - Diameter Median changed to: 0.4645679295063019 
2024-11-14 12:01:29,881 - INFO - Diameter Median changed to: 0.4645679295063019 
2024-11-14 12:01:29,982 - INFO - Diameter Median changed to: 0.4645679295063019 
2024-11-14 12:01:30,081 - INFO - Diameter Median changed to: 0.4645679295063019 
2024-11-14 12:01:30,182 - INFO - Diameter Median changed to: 0.4645679295063019 
2024-11-14 12:01:30,281 - INFO - Diameter Median changed to: 0.4645679295063019 
2024-11-14 12:01:30,381 - INFO - Diameter Median changed to: 0.4645679295063019 
2024-11-14 12:01:30,482 - INFO - Diameter Median changed to: 0.4645679295063019 
2024-11-14 12:01:30,581 - INFO - Diameter Median changed to: 0.4645679295063019 
2024-11-14 12:01:30,681 - INFO - Diameter Median changed to: 0.4645679295063019 
2024-11-14 12:01:30,782 - INFO - Diameter Median changed to: 0.4645679295063019 
2024-11-14 12:01:30,881 - INFO - Diameter Median changed to: 0.4645679295063019 
2024-11-14 12:01:30,981 - INFO - Diameter Median changed to: 0.4645679295063019 
2024-11-14 12:01:31,082 - INFO - Diameter Median changed to: 0.4645679295063019 
2024-11-14 12:01:31,181 - INFO - Diameter Median changed to: 0.4645679295063019 
2024-11-14 12:01:31,281 - INFO - Diameter Median changed to: 0.4645679295063019 
2024-11-14 12:01:31,382 - INFO - Diameter Median changed to: 0.4645679295063019 
2024-11-14 12:01:31,481 - INFO - Diameter Median changed to: 0.4645679295063019 
2024-11-14 12:01:31,581 - INFO - Diameter Median changed to: 0.4645679295063019 
2024-11-14 12:01:31,682 - INFO - Diameter Median changed to: 0.4645679295063019 
2024-11-14 12:01:31,781 - INFO - Diameter Median changed to: 0.4645679295063019 
2024-11-14 12:01:31,881 - INFO - Diameter Median changed to: 0.4645679295063019 
2024-11-14 12:01:31,981 - INFO - Diameter Median changed to: 0.4645679295063019 
2024-11-14 12:01:32,081 - INFO - Diameter Median changed to: 0.4645679295063019 
2024-11-14 12:01:32,181 - INFO - Diameter Median changed to: 0.4645679295063019 
2024-11-14 12:01:32,282 - INFO - Diameter Median changed to: 0.4645679295063019 
2024-11-14 12:01:32,381 - INFO - Diameter Median changed to: 0.4645679295063019 
2024-11-14 12:01:32,481 - INFO - Diameter Median changed to: 0.4645679295063019 
2024-11-14 12:01:32,582 - INFO - Diameter Median changed to: 0.4645679295063019 
2024-11-14 12:01:32,681 - INFO - Diameter Median changed to: 0.4645679295063019 
2024-11-14 12:01:32,781 - INFO - Diameter Median changed to: 0.4645679295063019 
2024-11-14 12:01:32,882 - INFO - Diameter Median changed to: 0.4645679295063019 
2024-11-14 12:01:32,981 - INFO - Diameter Median changed to: 0.4645679295063019 
2024-11-14 12:01:33,082 - INFO - Diameter Median changed to: 0.4645679295063019 
2024-11-14 12:01:33,181 - INFO - Diameter Median changed to: 0.4645679295063019 
2024-11-14 12:01:33,281 - INFO - Diameter Median changed to: 0.4645679295063019 
2024-11-14 12:01:33,382 - INFO - Diameter Median changed to: 0.4645679295063019 
2024-11-14 12:01:33,482 - INFO - Diameter Median changed to: 0.4645679295063019 
2024-11-14 12:01:33,582 - INFO - Diameter Median changed to: 0.4645679295063019 
2024-11-14 12:01:33,681 - INFO - Diameter Median changed to: 0.4645679295063019 
2024-11-14 12:01:33,782 - INFO - Diameter Median changed to: 0.4645679295063019 
2024-11-14 12:01:33,881 - INFO - Diameter Median changed to: 0.4645679295063019 
2024-11-14 12:01:33,981 - INFO - Diameter Median changed to: 0.4645679295063019 
2024-11-14 12:01:34,081 - INFO - Diameter Median changed to: 0.4645679295063019 
2024-11-14 12:01:34,182 - INFO - Diameter Median changed to: 0.4645679295063019 
2024-11-14 12:01:34,281 - INFO - Diameter Median changed to: 0.4645679295063019 
2024-11-14 12:01:34,381 - INFO - Diameter Median changed to: 0.4645679295063019 
2024-11-14 12:01:34,482 - INFO - Diameter Median changed to: 0.4645679295063019 
2024-11-14 12:01:34,581 - INFO - Diameter Median changed to: 0.4645679295063019 
2024-11-14 12:01:34,681 - INFO - Diameter Median changed to: 0.4645679295063019 
2024-11-14 12:01:34,782 - INFO - Diameter Median changed to: 0.4645679295063019 
2024-11-14 12:01:34,881 - INFO - Diameter Median changed to: 0.4645679295063019 
2024-11-14 12:01:34,982 - INFO - Diameter Median changed to: 0.4645679295063019 
2024-11-14 12:01:35,081 - INFO - Diameter Median changed to: 0.4645679295063019 
2024-11-14 12:01:35,181 - INFO - Diameter Median changed to: 0.4645679295063019 
2024-11-14 12:01:35,282 - INFO - Diameter Median changed to: 0.4645679295063019 
2024-11-14 12:01:35,381 - INFO - Diameter Median changed to: 0.4645679295063019 
2024-11-14 12:01:35,481 - INFO - Diameter Median changed to: 0.4645679295063019 
2024-11-14 12:01:35,582 - INFO - Diameter Median changed to: 0.4645679295063019 
2024-11-14 12:01:35,681 - INFO - Diameter Median changed to: 0.4645679295063019 
2024-11-14 12:01:35,781 - INFO - Diameter Median changed to: 0.4645679295063019 
2024-11-14 12:01:35,881 - INFO - Diameter Median changed to: 0.4645679295063019 
2024-11-14 12:01:35,981 - INFO - Diameter Median changed to: 0.4645679295063019 
2024-11-14 12:01:36,082 - INFO - Diameter Median changed to: 0.4645679295063019 
2024-11-14 12:01:36,181 - INFO - Diameter Median changed to: 0.4645679295063019 
2024-11-14 12:01:36,282 - INFO - Diameter Median changed to: 0.4645679295063019 
2024-11-14 12:01:36,381 - INFO - Diameter Median changed to: 0.4645679295063019 
2024-11-14 12:01:36,481 - INFO - Diameter Median changed to: 0.4645679295063019 
2024-11-14 12:01:36,582 - INFO - Diameter Median changed to: 0.4645679295063019 
2024-11-14 12:01:36,681 - INFO - Diameter Median changed to: 0.4645679295063019 
2024-11-14 12:01:36,782 - INFO - Diameter Median changed to: 0.4645679295063019 
2024-11-14 12:01:36,882 - INFO - Diameter Median changed to: 0.4645679295063019 
2024-11-14 12:01:36,981 - INFO - Diameter Median changed to: 0.4645679295063019 
2024-11-14 12:01:37,081 - INFO - Diameter Median changed to: 0.4645679295063019 
2024-11-14 12:01:37,182 - INFO - Diameter Median changed to: 0.4645679295063019 
2024-11-14 12:01:37,281 - INFO - Diameter Median changed to: 0.4645679295063019 
2024-11-14 12:01:37,381 - INFO - Diameter Median changed to: 0.4645679295063019 
2024-11-14 12:01:37,481 - INFO - Diameter Median changed to: 0.4645679295063019 
2024-11-14 12:01:37,581 - INFO - Diameter Median changed to: 0.4645679295063019 
2024-11-14 12:01:37,682 - INFO - Diameter Median changed to: 0.4645679295063019 
2024-11-14 12:01:37,781 - INFO - Diameter Median changed to: 0.4645679295063019 
2024-11-14 12:01:37,881 - INFO - Diameter Median changed to: 0.4645679295063019 
2024-11-14 12:01:37,982 - INFO - Diameter Median changed to: 0.4645679295063019 
2024-11-14 12:01:38,081 - INFO - Diameter Median changed to: 0.4645679295063019 
2024-11-14 12:01:38,181 - INFO - Diameter Median changed to: 0.4645679295063019 
2024-11-14 12:01:38,282 - INFO - Diameter Median changed to: 0.4645679295063019 
2024-11-14 12:01:38,381 - INFO - Diameter Median changed to: 0.4645679295063019 
2024-11-14 12:01:38,481 - INFO - Diameter Median changed to: 0.4645679295063019 
2024-11-14 12:01:38,581 - INFO - Diameter Median changed to: 0.4645679295063019 
2024-11-14 12:01:38,682 - INFO - Diameter Median changed to: 0.4645679295063019 
2024-11-14 12:01:38,781 - INFO - Diameter Median changed to: 0.4645679295063019 
2024-11-14 12:01:38,881 - INFO - Diameter Median changed to: 0.4645679295063019 
2024-11-14 12:01:38,982 - INFO - Diameter Median changed to: 0.4645679295063019 
2024-11-14 12:01:39,081 - INFO - Diameter Median changed to: 0.4645679295063019 
2024-11-14 12:01:39,181 - INFO - Diameter Median changed to: 0.4645679295063019 
2024-11-14 12:01:39,282 - INFO - Diameter Median changed to: 0.4645679295063019 
2024-11-14 12:01:39,381 - INFO - Diameter Median changed to: 0.4645679295063019 
2024-11-14 12:01:39,482 - INFO - Diameter Median changed to: 0.4645679295063019 
2024-11-14 12:01:39,581 - INFO - Diameter Median changed to: 0.4645679295063019 
2024-11-14 12:01:39,681 - INFO - Diameter Median changed to: 0.4645679295063019 
2024-11-14 12:01:39,781 - INFO - Diameter Median changed to: 0.4645679295063019 
2024-11-14 12:01:39,881 - INFO - Diameter Median changed to: 0.4645679295063019 
2024-11-14 12:01:39,981 - INFO - Diameter Median changed to: 0.4645679295063019 
2024-11-14 12:01:40,082 - INFO - Diameter Median changed to: 0.4645679295063019 
2024-11-14 12:01:40,181 - INFO - Diameter Median changed to: 0.4645679295063019 
2024-11-14 12:01:40,281 - INFO - Diameter Median changed to: 0.4645679295063019 
2024-11-14 12:01:40,382 - INFO - Diameter Median changed to: 0.4645679295063019 
2024-11-14 12:01:40,481 - INFO - Diameter Median changed to: 0.4645679295063019 
2024-11-14 12:01:40,582 - INFO - Diameter Median changed to: 0.4645679295063019 
2024-11-14 12:01:40,682 - INFO - Diameter Median changed to: 0.4645679295063019 
2024-11-14 12:01:40,781 - INFO - Diameter Median changed to: 0.4645679295063019 
2024-11-14 12:01:40,881 - INFO - Diameter Median changed to: 0.4645679295063019 
2024-11-14 12:01:40,982 - INFO - Diameter Median changed to: 0.4645679295063019 
2024-11-14 12:01:41,081 - INFO - Diameter Median changed to: 0.4645679295063019 
2024-11-14 12:01:41,181 - INFO - Diameter Median changed to: 0.4645679295063019 
2024-11-14 12:01:41,282 - INFO - Diameter Median changed to: 0.4645679295063019 
2024-11-14 12:01:41,381 - INFO - Diameter Median changed to: 0.4645679295063019 
2024-11-14 12:01:41,482 - INFO - Diameter Median changed to: 0.4645679295063019 
2024-11-14 12:01:41,581 - INFO - Diameter Median changed to: 0.4645679295063019 
2024-11-14 12:01:41,681 - INFO - Diameter Median changed to: 0.4645679295063019 
2024-11-14 12:01:41,782 - INFO - Diameter Median changed to: 0.4645679295063019 
2024-11-14 12:01:41,881 - INFO - Diameter Median changed to: 0.4645679295063019 
2024-11-14 12:01:41,981 - INFO - Diameter Median changed to: 0.4645679295063019 
2024-11-14 12:01:42,081 - INFO - Diameter Median changed to: 0.4645679295063019 
2024-11-14 12:01:42,181 - INFO - Diameter Median changed to: 0.4645679295063019 
2024-11-14 12:01:42,282 - INFO - Diameter Median changed to: 0.4645679295063019 
2024-11-14 12:01:42,381 - INFO - Diameter Median changed to: 0.4645679295063019 
2024-11-14 12:01:42,481 - INFO - Diameter Median changed to: 0.4645679295063019 
2024-11-14 12:01:42,582 - INFO - Diameter Median changed to: 0.4645679295063019 
2024-11-14 12:01:42,681 - INFO - Diameter Median changed to: 0.4645679295063019 
2024-11-14 12:01:42,781 - INFO - Diameter Median changed to: 0.4645679295063019 
2024-11-14 12:01:42,881 - INFO - Diameter Median changed to: 0.4645679295063019 
2024-11-14 12:01:42,981 - INFO - Diameter Median changed to: 0.4645679295063019 
2024-11-14 12:01:43,081 - INFO - Diameter Median changed to: 0.4645679295063019 
2024-11-14 12:01:43,181 - INFO - Diameter Median changed to: 0.4645679295063019 
2024-11-14 12:01:43,281 - INFO - Diameter Median changed to: 0.4645679295063019 
2024-11-14 12:01:43,381 - INFO - Diameter Median changed to: 0.4645679295063019 
2024-11-14 12:01:43,481 - INFO - Diameter Median changed to: 0.4645679295063019 
2024-11-14 12:01:43,582 - INFO - Diameter Median changed to: 0.4645679295063019 
2024-11-14 12:01:43,682 - INFO - Diameter Median changed to: 0.4645679295063019 
2024-11-14 12:01:43,781 - INFO - Diameter Median changed to: 0.4645679295063019 
2024-11-14 12:01:43,882 - INFO - Diameter Median changed to: 0.4645679295063019 
2024-11-14 12:01:43,981 - INFO - Diameter Median changed to: 0.4645679295063019 
2024-11-14 12:01:44,081 - INFO - Diameter Median changed to: 0.4645679295063019 
2024-11-14 12:01:44,181 - INFO - Diameter Median changed to: 0.4645679295063019 
2024-11-14 12:01:44,281 - INFO - Diameter Median changed to: 0.4645679295063019 
2024-11-14 12:01:44,382 - INFO - Diameter Median changed to: 0.4645679295063019 
2024-11-14 12:01:44,437 - INFO - Hit position changed to: l 
2024-11-14 12:01:44,481 - INFO - Diameter Median changed to: 0.4645679295063019 
2024-11-14 12:01:44,502 - INFO - Hit position changed to: le 
2024-11-14 12:01:44,581 - INFO - Diameter Median changed to: 0.4645679295063019 
2024-11-14 12:01:44,595 - INFO - Hit position changed to: lef 
2024-11-14 12:01:44,682 - INFO - Diameter Median changed to: 0.4645679295063019 
2024-11-14 12:01:44,781 - INFO - Diameter Median changed to: 0.4645679295063019 
2024-11-14 12:01:44,844 - INFO - Hit position changed to: left 
2024-11-14 12:01:44,881 - INFO - Diameter Median changed to: 0.4645679295063019 
2024-11-14 12:01:44,981 - INFO - Diameter Median changed to: 0.4645679295063019 
2024-11-14 12:01:45,082 - INFO - Diameter Median changed to: 0.4645679295063019 
2024-11-14 12:01:45,181 - INFO - Diameter Median changed to: 0.4645679295063019 
2024-11-14 12:01:45,282 - INFO - Diameter Median changed to: 0.4645679295063019 
2024-11-14 12:01:45,382 - INFO - Diameter Median changed to: 0.4645679295063019 
2024-11-14 12:01:45,481 - INFO - Diameter Median changed to: 0.4645679295063019 
2024-11-14 12:01:45,581 - INFO - Diameter Median changed to: 0.4645679295063019 
2024-11-14 12:01:45,681 - INFO - Diameter Median changed to: 0.4645679295063019 
2024-11-14 12:01:45,781 - INFO - Diameter Median changed to: 0.4645679295063019 
2024-11-14 12:01:45,882 - INFO - Diameter Median changed to: 0.4645679295063019 
2024-11-14 12:01:45,981 - INFO - Diameter Median changed to: 0.4645679295063019 
2024-11-14 12:01:46,082 - INFO - Diameter Median changed to: 0.4645679295063019 
2024-11-14 12:01:46,181 - INFO - Diameter Median changed to: 0.4645679295063019 
2024-11-14 12:01:46,281 - INFO - Diameter Median changed to: 0.4645679295063019 
2024-11-14 12:01:46,381 - INFO - Diameter Median changed to: 0.4645679295063019 
2024-11-14 12:01:46,482 - INFO - Diameter Median changed to: 0.4645679295063019 
2024-11-14 12:01:46,581 - INFO - Diameter Median changed to: 0.4645679295063019 
2024-11-14 12:01:46,681 - INFO - Diameter Median changed to: 0.4645679295063019 
2024-11-14 12:01:46,781 - INFO - Diameter Median changed to: 0.4645679295063019 
2024-11-14 12:01:46,881 - INFO - Diameter Median changed to: 0.4645679295063019 
2024-11-14 12:01:46,982 - INFO - Diameter Median changed to: 0.4645679295063019 
2024-11-14 12:01:47,081 - INFO - Diameter Median changed to: 0.4645679295063019 
2024-11-14 12:01:47,182 - INFO - Diameter Median changed to: 0.4645679295063019 
2024-11-14 12:01:47,282 - INFO - Diameter Median changed to: 0.4645679295063019 
2024-11-14 12:01:47,381 - INFO - Diameter Median changed to: 0.4645679295063019 
2024-11-14 12:01:47,482 - INFO - Diameter Median changed to: 0.4645679295063019 
2024-11-14 12:01:47,581 - INFO - Diameter Median changed to: 0.4645679295063019 
2024-11-14 12:01:47,681 - INFO - Diameter Median changed to: 0.4645679295063019 
2024-11-14 12:01:47,782 - INFO - Diameter Median changed to: 0.4645679295063019 
2024-11-14 12:01:47,881 - INFO - Diameter Median changed to: 0.4645679295063019 
2024-11-14 12:01:47,982 - INFO - Diameter Median changed to: 0.4645679295063019 
2024-11-14 12:01:48,081 - INFO - Diameter Median changed to: 0.4645679295063019 
2024-11-14 12:01:48,182 - INFO - Diameter Median changed to: 0.4645679295063019 
2024-11-14 12:01:48,281 - INFO - Diameter Median changed to: 0.4645679295063019 
2024-11-14 12:01:48,381 - INFO - Diameter Median changed to: 0.4645679295063019 
2024-11-14 12:01:48,482 - INFO - Diameter Median changed to: 0.4645679295063019 
2024-11-14 12:01:48,582 - INFO - Diameter Median changed to: 0.4645679295063019 
2024-11-14 12:01:48,682 - INFO - Diameter Median changed to: 0.4645679295063019 
2024-11-14 12:01:48,781 - INFO - Diameter Median changed to: 0.4645679295063019 
2024-11-14 12:01:48,881 - INFO - Diameter Median changed to: 0.4645679295063019 
2024-11-14 12:01:48,982 - INFO - Diameter Median changed to: 0.4645679295063019 
2024-11-14 12:01:49,081 - INFO - Diameter Median changed to: 0.4645679295063019 
2024-11-14 12:01:49,181 - INFO - Diameter Median changed to: 0.4645679295063019 
2024-11-14 12:01:49,282 - INFO - Diameter Median changed to: 0.4645679295063019 
2024-11-14 12:01:49,381 - INFO - Diameter Median changed to: 0.4645679295063019 
2024-11-14 12:01:49,481 - INFO - Diameter Median changed to: 0.4645679295063019 
2024-11-14 12:01:49,582 - INFO - Diameter Median changed to: 0.4645679295063019 
2024-11-14 12:01:49,681 - INFO - Diameter Median changed to: 0.4645679295063019 
2024-11-14 12:01:49,782 - INFO - Diameter Median changed to: 0.4645679295063019 
2024-11-14 12:01:49,881 - INFO - Diameter Median changed to: 0.4645679295063019 
2024-11-14 12:01:49,982 - INFO - Diameter Median changed to: 0.4645679295063019 
2024-11-14 12:01:50,081 - INFO - Diameter Median changed to: 0.4645679295063019 
2024-11-14 12:01:50,181 - INFO - Diameter Median changed to: 0.4645679295063019 
2024-11-14 12:01:50,282 - INFO - Diameter Median changed to: 0.4645679295063019 
2024-11-14 12:01:50,381 - INFO - Diameter Median changed to: 0.4645679295063019 
2024-11-14 12:01:50,482 - INFO - Diameter Median changed to: 0.4645679295063019 
2024-11-14 12:01:50,581 - INFO - Diameter Median changed to: 0.4645679295063019 
2024-11-14 12:01:50,681 - INFO - Diameter Median changed to: 0.4645679295063019 
2024-11-14 12:01:50,781 - INFO - Diameter Median changed to: 0.4645679295063019 
2024-11-14 12:01:50,881 - INFO - Diameter Median changed to: 0.4645679295063019 
2024-11-14 12:01:50,981 - INFO - Diameter Median changed to: 0.4645679295063019 
2024-11-14 12:01:51,081 - INFO - Diameter Median changed to: 0.4645679295063019 
2024-11-14 12:01:51,182 - INFO - Diameter Median changed to: 0.4645679295063019 
2024-11-14 12:01:51,281 - INFO - Diameter Median changed to: 0.4645679295063019 
2024-11-14 12:01:51,381 - INFO - Diameter Median changed to: 0.4645679295063019 
2024-11-14 12:01:51,481 - INFO - Diameter Median changed to: 0.4645679295063019 
2024-11-14 12:01:51,581 - INFO - Diameter Median changed to: 0.4645679295063019 
2024-11-14 12:01:51,681 - INFO - Diameter Median changed to: 0.4645679295063019 
2024-11-14 12:01:51,782 - INFO - Diameter Median changed to: 0.4645679295063019 
2024-11-14 12:01:51,881 - INFO - Diameter Median changed to: 0.4645679295063019 
2024-11-14 12:01:51,981 - INFO - Diameter Median changed to: 0.4645679295063019 
2024-11-14 12:01:52,082 - INFO - Diameter Median changed to: 0.4645679295063019 
2024-11-14 12:01:52,181 - INFO - Diameter Median changed to: 0.4645679295063019 
2024-11-14 12:01:52,282 - INFO - Diameter Median changed to: 0.4645679295063019 
2024-11-14 12:01:52,381 - INFO - Diameter Median changed to: 0.4645679295063019 
2024-11-14 12:01:52,481 - INFO - Diameter Median changed to: 0.4645679295063019 
2024-11-14 12:01:52,582 - INFO - Diameter Median changed to: 0.4645679295063019 
2024-11-14 12:01:52,681 - INFO - Diameter Median changed to: 0.4645679295063019 
2024-11-14 12:01:52,782 - INFO - Diameter Median changed to: 0.4645679295063019 
2024-11-14 12:01:52,881 - INFO - Diameter Median changed to: 0.4645679295063019 
2024-11-14 12:01:52,981 - INFO - Diameter Median changed to: 0.4645679295063019 
2024-11-14 12:01:53,082 - INFO - Diameter Median changed to: 0.4645679295063019 
2024-11-14 12:01:53,181 - INFO - Diameter Median changed to: 0.4645679295063019 
2024-11-14 12:01:53,281 - INFO - Diameter Median changed to: 0.4645679295063019 
2024-11-14 12:01:53,381 - INFO - Diameter Median changed to: 0.4645679295063019 
2024-11-14 12:01:53,482 - INFO - Diameter Median changed to: 0.4645679295063019 
2024-11-14 12:01:53,581 - INFO - Diameter Median changed to: 0.4645679295063019 
2024-11-14 12:01:53,681 - INFO - Diameter Median changed to: 0.4645679295063019 
2024-11-14 12:01:53,781 - INFO - Diameter Median changed to: 0.4645679295063019 
2024-11-14 12:01:53,881 - INFO - Diameter Median changed to: 0.4645679295063019 
2024-11-14 12:01:53,981 - INFO - Diameter Median changed to: 0.4645679295063019 
2024-11-14 12:01:54,081 - INFO - Diameter Median changed to: 0.4645679295063019 
2024-11-14 12:01:54,181 - INFO - Diameter Median changed to: 0.4645679295063019 
2024-11-14 12:01:54,281 - INFO - Diameter Median changed to: 0.4645679295063019 
2024-11-14 12:01:54,382 - INFO - Diameter Median changed to: 0.4645679295063019 
2024-11-14 12:01:54,481 - INFO - Diameter Median changed to: 0.4645679295063019 
2024-11-14 12:01:54,521 - INFO - Hit position changed to:  
2024-11-14 12:01:54,521 - INFO - Save Requested. Saved Values : [[1, 1, 1, -1.0093313455581665, -2.548122068444723, -0.15941316286195928, 0.39506296693768306, 0.7270113825798035, 1.4320964813232422, '0.5', 0.4645679295063019, 0.4443693161010742, 0.4746672213077545, 0.4645679295063019, 'left', '9.0', 50.76, 'N/a']]
2024-11-14 12:01:54,582 - INFO - Diameter Median changed to: 0.4645679295063019 
2024-11-14 12:01:54,681 - INFO - Diameter Median changed to: 0.4645679295063019 
2024-11-14 12:01:54,781 - INFO - Diameter Median changed to: 0.4645679295063019 
2024-11-14 12:01:54,881 - INFO - Diameter Median changed to: 0.4645679295063019 
2024-11-14 12:01:54,981 - INFO - Diameter Median changed to: 0.4645679295063019 
2024-11-14 12:01:55,082 - INFO - Diameter Median changed to: 0.4645679295063019 
2024-11-14 12:01:55,181 - INFO - Diameter Median changed to: 0.4645679295063019 
2024-11-14 12:01:55,282 - INFO - Diameter Median changed to: 0.4645679295063019 
2024-11-14 12:01:55,381 - INFO - Diameter Median changed to: 0.4645679295063019 
2024-11-14 12:01:55,481 - INFO - Diameter Median changed to: 0.4645679295063019 
2024-11-14 12:01:55,581 - INFO - Diameter Median changed to: 0.4645679295063019 
2024-11-14 12:01:55,681 - INFO - Diameter Median changed to: 0.4645679295063019 
2024-11-14 12:01:55,781 - INFO - Diameter Median changed to: 0.4645679295063019 
2024-11-14 12:01:55,881 - INFO - Diameter Median changed to: 0.4645679295063019 
2024-11-14 12:01:55,981 - INFO - Diameter Median changed to: 0.4645679295063019 
2024-11-14 12:01:56,081 - INFO - Diameter Median changed to: 0.4645679295063019 
2024-11-14 12:01:56,181 - INFO - Diameter Median changed to: 0.4645679295063019 
2024-11-14 12:01:56,212 - INFO - Exit Requested. Saved Values : [[1, 1, 1, -1.0093313455581665, -2.548122068444723, -0.15941316286195928, 0.39506296693768306, 0.7270113825798035, 1.4320964813232422, '0.5', 0.4645679295063019, 0.4443693161010742, 0.4746672213077545, 0.4645679295063019, 'left', '9.0', 50.76, 'N/a']]
2024-11-14 12:01:56,212 - INFO - After Exit Request values were saved to: /home/ryan/ros2_ws_groundtruth/src/Ground_Truth_Ros/ground_truth/csv_files/UFO_Tree_1_2024_11_14_12_01_56.csv
2024-11-14 12:01:56,281 - INFO - Diameter Median changed to: 0.4645679295063019 
2024-11-14 12:01:56,382 - INFO - Diameter Median changed to: 0.4645679295063019 
2024-11-14 12:01:56,481 - INFO - Diameter Median changed to: 0.4645679295063019 
2024-11-14 12:01:56,581 - INFO - Diameter Median changed to: 0.4645679295063019 
2024-11-14 12:01:56,682 - INFO - Diameter Median changed to: 0.4645679295063019 
2024-11-14 12:01:56,781 - INFO - Diameter Median changed to: 0.4645679295063019 
2024-11-14 12:01:56,881 - INFO - Diameter Median changed to: 0.4645679295063019 
2024-11-14 12:01:56,982 - INFO - Diameter Median changed to: 0.4645679295063019 
2024-11-14 12:01:57,081 - INFO - Diameter Median changed to: 0.4645679295063019 
2024-11-14 12:01:57,181 - INFO - Diameter Median changed to: 0.4645679295063019 
2024-11-14 12:01:57,281 - INFO - Diameter Median changed to: 0.4645679295063019 
2024-11-14 12:01:57,381 - INFO - Diameter Median changed to: 0.4645679295063019 
2024-11-14 12:01:57,482 - INFO - Diameter Median changed to: 0.4645679295063019 
2024-11-14 12:01:57,581 - INFO - Diameter Median changed to: 0.4645679295063019 
2024-11-14 12:01:57,682 - INFO - Diameter Median changed to: 0.4645679295063019 
2024-11-14 12:01:57,781 - INFO - Diameter Median changed to: 0.4645679295063019 
2024-11-14 12:01:57,882 - INFO - Diameter Median changed to: 0.4645679295063019 
2024-11-14 12:01:57,981 - INFO - Diameter Median changed to: 0.4645679295063019 
2024-11-14 12:01:58,082 - INFO - Diameter Median changed to: 0.4645679295063019 
2024-11-14 12:01:58,181 - INFO - Diameter Median changed to: 0.4645679295063019 
2024-11-14 12:01:58,281 - INFO - Diameter Median changed to: 0.4645679295063019 
2024-11-14 12:01:58,382 - INFO - Diameter Median changed to: 0.4645679295063019 
2024-11-14 12:01:58,481 - INFO - Diameter Median changed to: 0.4645679295063019 
2024-11-14 12:01:58,582 - INFO - Diameter Median changed to: 0.4645679295063019 
2024-11-14 12:01:58,681 - INFO - Diameter Median changed to: 0.4645679295063019 
2024-11-14 12:01:58,781 - INFO - Diameter Median changed to: 0.4645679295063019 
2024-11-14 12:01:58,882 - INFO - Diameter Median changed to: 0.4645679295063019 
2024-11-14 12:01:58,981 - INFO - Diameter Median changed to: 0.4645679295063019 
2024-11-14 12:01:59,081 - INFO - Diameter Median changed to: 0.4645679295063019 
2024-11-14 12:01:59,182 - INFO - Diameter Median changed to: 0.4645679295063019 
2024-11-14 12:01:59,281 - INFO - Diameter Median changed to: 0.4645679295063019 
2024-11-14 12:01:59,381 - INFO - Diameter Median changed to: 0.4645679295063019 
2024-11-14 12:01:59,481 - INFO - Diameter Median changed to: 0.4645679295063019 
2024-11-14 12:01:59,582 - INFO - Diameter Median changed to: 0.4645679295063019 
2024-11-14 12:01:59,681 - INFO - Diameter Median changed to: 0.4645679295063019 
2024-11-14 12:01:59,781 - INFO - Diameter Median changed to: 0.4645679295063019 
2024-11-14 12:01:59,882 - INFO - Diameter Median changed to: 0.4645679295063019 
2024-11-14 12:01:59,981 - INFO - Diameter Median changed to: 0.4645679295063019 
2024-11-14 12:02:00,081 - INFO - Diameter Median changed to: 0.4645679295063019 
2024-11-14 12:02:00,182 - INFO - Diameter Median changed to: 0.4645679295063019 
2024-11-14 12:02:00,282 - INFO - Diameter Median changed to: 0.4645679295063019 
2024-11-14 12:02:00,382 - INFO - Diameter Median changed to: 0.4645679295063019 
2024-11-14 12:02:00,481 - INFO - Diameter Median changed to: 0.4645679295063019 
2024-11-14 12:02:00,581 - INFO - Diameter Median changed to: 0.4645679295063019 
2024-11-14 12:02:00,682 - INFO - Diameter Median changed to: 0.4645679295063019 
2024-11-14 12:02:00,781 - INFO - Diameter Median changed to: 0.4645679295063019 
2024-11-14 12:02:00,881 - INFO - Diameter Median changed to: 0.4645679295063019 
2024-11-14 12:02:00,982 - INFO - Diameter Median changed to: 0.4645679295063019 
2024-11-14 12:02:01,081 - INFO - Diameter Median changed to: 0.4645679295063019 
2024-11-14 12:02:01,181 - INFO - Diameter Median changed to: 0.4645679295063019 
2024-11-14 12:02:01,282 - INFO - Diameter Median changed to: 0.4645679295063019 
2024-11-14 12:02:01,381 - INFO - Diameter Median changed to: 0.4645679295063019 
2024-11-14 12:02:01,482 - INFO - Diameter Median changed to: 0.4645679295063019 
2024-11-14 12:02:01,581 - INFO - Diameter Median changed to: 0.4645679295063019 
2024-11-14 12:02:01,681 - INFO - Diameter Median changed to: 0.4645679295063019 
2024-11-14 12:02:01,782 - INFO - Diameter Median changed to: 0.4645679295063019 
2024-11-14 12:02:01,881 - INFO - Diameter Median changed to: 0.4645679295063019 
2024-11-14 12:02:01,981 - INFO - Diameter Median changed to: 0.4645679295063019 
2024-11-14 12:02:02,082 - INFO - Diameter Median changed to: 0.4645679295063019 
2024-11-14 12:02:02,181 - INFO - Diameter Median changed to: 0.4645679295063019 
2024-11-14 12:02:02,281 - INFO - Diameter Median changed to: 0.4645679295063019 
2024-11-14 12:02:02,382 - INFO - Diameter Median changed to: 0.4645679295063019 
2024-11-14 12:02:02,481 - INFO - Diameter Median changed to: 0.4645679295063019 
2024-11-14 12:02:02,581 - INFO - Diameter Median changed to: 0.4645679295063019 
2024-11-14 12:02:02,682 - INFO - Diameter Median changed to: 0.4645679295063019 
2024-11-14 12:02:02,781 - INFO - Diameter Median changed to: 0.4645679295063019 
2024-11-14 12:02:02,881 - INFO - Diameter Median changed to: 0.4645679295063019 
2024-11-14 12:02:02,982 - INFO - Diameter Median changed to: 0.4645679295063019 
2024-11-14 12:02:03,081 - INFO - Diameter Median changed to: 0.4645679295063019 
2024-11-14 12:02:03,181 - INFO - Diameter Median changed to: 0.4645679295063019 
2024-11-14 12:02:03,281 - INFO - Diameter Median changed to: 0.4645679295063019 
2024-11-14 12:02:03,382 - INFO - Diameter Median changed to: 0.4645679295063019 
2024-11-14 12:02:03,481 - INFO - Diameter Median changed to: 0.4645679295063019 
2024-11-14 12:02:03,581 - INFO - Diameter Median changed to: 0.4645679295063019 
2024-11-14 12:02:03,682 - INFO - Diameter Median changed to: 0.4645679295063019 
2024-11-14 12:02:03,781 - INFO - Diameter Median changed to: 0.4645679295063019 
2024-11-14 12:02:03,882 - INFO - Diameter Median changed to: 0.4645679295063019 
2024-11-14 12:02:03,981 - INFO - Diameter Median changed to: 0.4645679295063019 
2024-11-14 12:02:04,081 - INFO - Diameter Median changed to: 0.4645679295063019 
2024-11-14 12:02:04,181 - INFO - Diameter Median changed to: 0.4645679295063019 
2024-11-14 12:02:04,282 - INFO - Diameter Median changed to: 0.4645679295063019 
2024-11-14 12:02:04,381 - INFO - Diameter Median changed to: 0.4645679295063019 
2024-11-14 12:02:04,481 - INFO - Diameter Median changed to: 0.4645679295063019 
2024-11-14 12:02:04,581 - INFO - Diameter Median changed to: 0.4645679295063019 
2024-11-14 12:02:04,681 - INFO - Diameter Median changed to: 0.4645679295063019 
2024-11-14 12:02:04,782 - INFO - Diameter Median changed to: 0.4645679295063019 
2024-11-14 12:02:04,881 - INFO - Diameter Median changed to: 0.4645679295063019 
2024-11-14 12:02:04,981 - INFO - Diameter Median changed to: 0.4645679295063019 
2024-11-14 12:02:05,082 - INFO - Diameter Median changed to: 0.4645679295063019 
2024-11-14 12:02:05,181 - INFO - Diameter Median changed to: 0.4645679295063019 
2024-11-14 12:02:05,281 - INFO - Diameter Median changed to: 0.4645679295063019 
2024-11-14 12:02:05,382 - INFO - Diameter Median changed to: 0.4645679295063019 
2024-11-14 12:02:05,481 - INFO - Diameter Median changed to: 0.4645679295063019 
2024-11-14 12:02:05,581 - INFO - Diameter Median changed to: 0.4645679295063019 
2024-11-14 12:02:05,682 - INFO - Diameter Median changed to: 0.4645679295063019 
2024-11-14 12:02:05,781 - INFO - Diameter Median changed to: 0.4645679295063019 
2024-11-14 12:02:05,881 - INFO - Diameter Median changed to: 0.4645679295063019 
2024-11-14 12:02:05,981 - INFO - Diameter Median changed to: 0.4645679295063019 
2024-11-14 12:02:06,082 - INFO - Diameter Median changed to: 0.4645679295063019 
2024-11-14 12:02:06,181 - INFO - Diameter Median changed to: 0.4645679295063019 
2024-11-14 12:02:06,281 - INFO - Diameter Median changed to: 0.4645679295063019 
2024-11-14 12:02:06,382 - INFO - Diameter Median changed to: 0.4645679295063019 
2024-11-14 12:02:06,481 - INFO - Diameter Median changed to: 0.4645679295063019 
2024-11-14 12:02:06,581 - INFO - Diameter Median changed to: 0.4645679295063019 
2024-11-14 12:02:06,682 - INFO - Diameter Median changed to: 0.4645679295063019 
2024-11-14 12:02:06,781 - INFO - Diameter Median changed to: 0.4645679295063019 
2024-11-14 12:02:06,881 - INFO - Diameter Median changed to: 0.4645679295063019 
2024-11-14 12:02:06,981 - INFO - Diameter Median changed to: 0.4645679295063019 
2024-11-14 12:02:07,081 - INFO - Diameter Median changed to: 0.4645679295063019 
2024-11-14 12:02:07,181 - INFO - Diameter Median changed to: 0.4645679295063019 
2024-11-14 12:02:07,282 - INFO - Diameter Median changed to: 0.4645679295063019 
2024-11-14 12:02:07,381 - INFO - Diameter Median changed to: 0.4645679295063019 
2024-11-14 12:02:07,481 - INFO - Diameter Median changed to: 0.4645679295063019 
2024-11-14 12:02:07,582 - INFO - Diameter Median changed to: 0.4645679295063019 
2024-11-14 12:02:07,681 - INFO - Diameter Median changed to: 0.4645679295063019 
2024-11-14 12:02:07,782 - INFO - Diameter Median changed to: 0.4645679295063019 
2024-11-14 12:02:07,881 - INFO - Diameter Median changed to: 0.4645679295063019 
2024-11-14 12:02:07,981 - INFO - Diameter Median changed to: 0.4645679295063019 
2024-11-14 12:02:08,082 - INFO - Diameter Median changed to: 0.4645679295063019 
2024-11-14 12:02:08,181 - INFO - Diameter Median changed to: 0.4645679295063019 
2024-11-14 12:02:08,281 - INFO - Diameter Median changed to: 0.4645679295063019 
2024-11-14 12:02:08,382 - INFO - Diameter Median changed to: 0.4645679295063019 
2024-11-14 12:02:08,481 - INFO - Diameter Median changed to: 0.4645679295063019 
2024-11-14 12:02:08,581 - INFO - Diameter Median changed to: 0.4645679295063019 
2024-11-14 12:02:08,681 - INFO - Diameter Median changed to: 0.4645679295063019 
2024-11-14 12:02:08,781 - INFO - Diameter Median changed to: 0.4645679295063019 
2024-11-14 12:02:08,881 - INFO - Diameter Median changed to: 0.4645679295063019 
2024-11-14 12:02:08,982 - INFO - Diameter Median changed to: 0.4645679295063019 
2024-11-14 12:02:09,081 - INFO - Diameter Median changed to: 0.4645679295063019 
2024-11-14 12:02:09,181 - INFO - Diameter Median changed to: 0.4645679295063019 
2024-11-14 12:02:09,281 - INFO - Diameter Median changed to: 0.4645679295063019 
2024-11-14 12:02:09,381 - INFO - Diameter Median changed to: 0.4645679295063019 
2024-11-14 12:02:09,482 - INFO - Diameter Median changed to: 0.4645679295063019 
2024-11-14 12:02:09,581 - INFO - Diameter Median changed to: 0.4645679295063019 
2024-11-14 12:02:09,682 - INFO - Diameter Median changed to: 0.4645679295063019 
2024-11-14 12:02:09,781 - INFO - Diameter Median changed to: 0.4645679295063019 
2024-11-14 12:02:09,881 - INFO - Diameter Median changed to: 0.4645679295063019 
2024-11-14 12:02:09,981 - INFO - Diameter Median changed to: 0.4645679295063019 
2024-11-14 12:02:10,081 - INFO - Diameter Median changed to: 0.4645679295063019 
2024-11-14 12:02:10,181 - INFO - Diameter Median changed to: 0.4645679295063019 
2024-11-14 12:02:10,281 - INFO - Diameter Median changed to: 0.4645679295063019 
2024-11-14 12:02:10,381 - INFO - Diameter Median changed to: 0.4645679295063019 
2024-11-14 12:02:10,482 - INFO - Diameter Median changed to: 0.4645679295063019 
2024-11-14 12:02:10,581 - INFO - Diameter Median changed to: 0.4645679295063019 
2024-11-14 12:02:10,681 - INFO - Diameter Median changed to: 0.4645679295063019 
2024-11-14 12:02:10,781 - INFO - Diameter Median changed to: 0.4645679295063019 
2024-11-14 12:02:10,881 - INFO - Diameter Median changed to: 0.4645679295063019 
2024-11-14 12:02:10,982 - INFO - Diameter Median changed to: 0.4645679295063019 
2024-11-14 12:02:11,081 - INFO - Diameter Median changed to: 0.4645679295063019 
2024-11-14 12:02:11,181 - INFO - Diameter Median changed to: 0.4645679295063019 
2024-11-14 12:02:11,282 - INFO - Diameter Median changed to: 0.4645679295063019 
2024-11-14 12:02:11,381 - INFO - Diameter Median changed to: 0.4645679295063019 
2024-11-14 12:02:11,481 - INFO - Diameter Median changed to: 0.4645679295063019 
2024-11-14 12:02:11,582 - INFO - Diameter Median changed to: 0.4645679295063019 
2024-11-14 12:02:11,681 - INFO - Diameter Median changed to: 0.4645679295063019 
2024-11-14 12:02:11,782 - INFO - Diameter Median changed to: 0.4645679295063019 
2024-11-14 12:02:11,881 - INFO - Diameter Median changed to: 0.4645679295063019 
2024-11-14 12:02:11,981 - INFO - Diameter Median changed to: 0.4645679295063019 
2024-11-14 12:02:12,082 - INFO - Diameter Median changed to: 0.4645679295063019 
2024-11-14 12:02:12,181 - INFO - Diameter Median changed to: 0.4645679295063019 
2024-11-14 12:02:12,281 - INFO - Diameter Median changed to: 0.4645679295063019 
2024-11-14 12:02:12,382 - INFO - Diameter Median changed to: 0.4645679295063019 
2024-11-14 12:02:12,481 - INFO - Diameter Median changed to: 0.4645679295063019 
2024-11-14 12:02:12,581 - INFO - Diameter Median changed to: 0.4645679295063019 
2024-11-14 12:02:12,681 - INFO - Diameter Median changed to: 0.4645679295063019 
2024-11-14 12:02:12,781 - INFO - Diameter Median changed to: 0.4645679295063019 
2024-11-14 12:02:12,882 - INFO - Diameter Median changed to: 0.4645679295063019 
2024-11-14 12:02:12,981 - INFO - Diameter Median changed to: 0.4645679295063019 
2024-11-14 12:02:13,081 - INFO - Diameter Median changed to: 0.4645679295063019 
2024-11-14 12:02:13,182 - INFO - Diameter Median changed to: 0.4645679295063019 
2024-11-14 12:02:13,281 - INFO - Diameter Median changed to: 0.4645679295063019 
2024-11-14 12:02:13,381 - INFO - Diameter Median changed to: 0.4645679295063019 
2024-11-14 12:02:13,482 - INFO - Diameter Median changed to: 0.4645679295063019 
2024-11-14 12:02:13,581 - INFO - Diameter Median changed to: 0.4645679295063019 
2024-11-14 12:02:13,681 - INFO - Diameter Median changed to: 0.4645679295063019 
2024-11-14 12:02:13,782 - INFO - Diameter Median changed to: 0.4645679295063019 
2024-11-14 12:02:13,881 - INFO - Diameter Median changed to: 0.4645679295063019 
2024-11-14 12:02:13,982 - INFO - Diameter Median changed to: 0.4645679295063019 
2024-11-14 12:02:14,081 - INFO - Diameter Median changed to: 0.4645679295063019 
2024-11-14 12:02:14,181 - INFO - Diameter Median changed to: 0.4645679295063019 
2024-11-14 12:02:14,281 - INFO - Diameter Median changed to: 0.4645679295063019 
2024-11-14 12:02:14,381 - INFO - Diameter Median changed to: 0.4645679295063019 
2024-11-14 12:02:14,482 - INFO - Diameter Median changed to: 0.4645679295063019 
2024-11-14 12:02:14,581 - INFO - Diameter Median changed to: 0.4645679295063019 
2024-11-14 12:02:14,681 - INFO - Diameter Median changed to: 0.4645679295063019 
2024-11-14 12:02:14,782 - INFO - Diameter Median changed to: 0.4645679295063019 
2024-11-14 12:02:14,881 - INFO - Diameter Median changed to: 0.4645679295063019 
2024-11-14 12:02:14,982 - INFO - Diameter Median changed to: 0.4645679295063019 
2024-11-14 12:02:15,081 - INFO - Diameter Median changed to: 0.4645679295063019 
2024-11-14 12:02:15,181 - INFO - Diameter Median changed to: 0.4645679295063019 
2024-11-14 12:02:15,282 - INFO - Diameter Median changed to: 0.4645679295063019 
2024-11-14 12:02:15,381 - INFO - Diameter Median changed to: 0.4645679295063019 
2024-11-14 12:02:15,481 - INFO - Diameter Median changed to: 0.4645679295063019 
2024-11-14 12:02:15,581 - INFO - Diameter Median changed to: 0.4645679295063019 
2024-11-14 12:02:15,682 - INFO - Diameter Median changed to: 0.4645679295063019 
2024-11-14 12:02:15,781 - INFO - Diameter Median changed to: 0.4645679295063019 
2024-11-14 12:02:15,881 - INFO - Diameter Median changed to: 0.4645679295063019 
2024-11-14 12:02:15,982 - INFO - Diameter Median changed to: 0.4645679295063019 
2024-11-14 12:02:16,081 - INFO - Diameter Median changed to: 0.4645679295063019 
2024-11-14 12:02:16,182 - INFO - Diameter Median changed to: 0.4645679295063019 
2024-11-14 12:02:16,282 - INFO - Diameter Median changed to: 0.4645679295063019 
2024-11-14 12:02:16,381 - INFO - Diameter Median changed to: 0.4645679295063019 
2024-11-14 12:02:16,482 - INFO - Diameter Median changed to: 0.4645679295063019 
2024-11-14 12:02:16,582 - INFO - Diameter Median changed to: 0.4645679295063019 
2024-11-14 12:02:16,681 - INFO - Diameter Median changed to: 0.4645679295063019 
2024-11-14 12:02:16,781 - INFO - Diameter Median changed to: 0.4645679295063019 
2024-11-14 12:02:16,882 - INFO - Diameter Median changed to: 0.4645679295063019 
2024-11-14 12:02:16,981 - INFO - Diameter Median changed to: 0.4645679295063019 
2024-11-14 12:02:17,081 - INFO - Diameter Median changed to: 0.4645679295063019 
2024-11-14 12:02:17,182 - INFO - Diameter Median changed to: 0.4645679295063019 
2024-11-14 12:02:17,281 - INFO - Diameter Median changed to: 0.4645679295063019 
2024-11-14 12:02:17,381 - INFO - Diameter Median changed to: 0.4645679295063019 
2024-11-14 12:02:17,481 - INFO - Diameter Median changed to: 0.4645679295063019 
2024-11-14 12:02:17,582 - INFO - Diameter Median changed to: 0.4645679295063019 
2024-11-14 12:02:17,681 - INFO - Diameter Median changed to: 0.4645679295063019 
2024-11-14 12:02:17,782 - INFO - Diameter Median changed to: 0.4645679295063019 
2024-11-14 12:02:17,881 - INFO - Diameter Median changed to: 0.4645679295063019 
2024-11-14 12:02:17,982 - INFO - Diameter Median changed to: 0.4645679295063019 
2024-11-14 12:02:18,081 - INFO - Diameter Median changed to: 0.4645679295063019 
2024-11-14 12:02:18,181 - INFO - Diameter Median changed to: 0.4645679295063019 
2024-11-14 12:02:18,282 - INFO - Diameter Median changed to: 0.4645679295063019 
2024-11-14 12:02:18,381 - INFO - Diameter Median changed to: 0.4645679295063019 
2024-11-14 12:02:18,481 - INFO - Diameter Median changed to: 0.4645679295063019 
2024-11-14 12:02:18,581 - INFO - Diameter Median changed to: 0.4645679295063019 
2024-11-14 12:02:18,681 - INFO - Diameter Median changed to: 0.4645679295063019 
2024-11-14 12:02:18,782 - INFO - Diameter Median changed to: 0.4645679295063019 
2024-11-14 12:02:18,882 - INFO - Diameter Median changed to: 0.4645679295063019 
2024-11-14 12:02:18,981 - INFO - Diameter Median changed to: 0.4645679295063019 
2024-11-14 12:02:19,081 - INFO - Diameter Median changed to: 0.4645679295063019 
2024-11-14 12:02:19,181 - INFO - Diameter Median changed to: 0.4645679295063019 
2024-11-14 12:02:19,282 - INFO - Diameter Median changed to: 0.4645679295063019 
2024-11-14 12:02:19,381 - INFO - Diameter Median changed to: 0.4645679295063019 
2024-11-14 12:02:19,482 - INFO - Diameter Median changed to: 0.4645679295063019 
2024-11-14 12:02:19,581 - INFO - Diameter Median changed to: 0.4645679295063019 
2024-11-14 12:02:19,682 - INFO - Diameter Median changed to: 0.4645679295063019 
2024-11-14 12:02:19,781 - INFO - Diameter Median changed to: 0.4645679295063019 
2024-11-14 12:02:19,881 - INFO - Diameter Median changed to: 0.4645679295063019 
2024-11-14 12:02:19,982 - INFO - Diameter Median changed to: 0.4645679295063019 
2024-11-14 12:02:20,081 - INFO - Diameter Median changed to: 0.4645679295063019 
2024-11-14 12:02:20,181 - INFO - Diameter Median changed to: 0.4645679295063019 
2024-11-14 12:02:20,282 - INFO - Diameter Median changed to: 0.4645679295063019 
2024-11-14 12:02:20,381 - INFO - Diameter Median changed to: 0.4645679295063019 
2024-11-14 12:02:20,481 - INFO - Diameter Median changed to: 0.4645679295063019 
2024-11-14 12:02:20,582 - INFO - Diameter Median changed to: 0.4645679295063019 
2024-11-14 12:02:20,681 - INFO - Diameter Median changed to: 0.4645679295063019 
2024-11-14 12:02:20,781 - INFO - Diameter Median changed to: 0.4645679295063019 
2024-11-14 12:02:20,882 - INFO - Diameter Median changed to: 0.4645679295063019 
2024-11-14 12:02:20,981 - INFO - Diameter Median changed to: 0.4645679295063019 
2024-11-14 12:02:21,082 - INFO - Diameter Median changed to: 0.4645679295063019 
2024-11-14 12:02:21,181 - INFO - Diameter Median changed to: 0.4645679295063019 
2024-11-14 12:02:21,281 - INFO - Diameter Median changed to: 0.4645679295063019 
2024-11-14 12:02:21,382 - INFO - Diameter Median changed to: 0.4645679295063019 
2024-11-14 12:02:21,481 - INFO - Diameter Median changed to: 0.4645679295063019 
2024-11-14 12:02:21,582 - INFO - Diameter Median changed to: 0.4645679295063019 
2024-11-14 12:02:21,682 - INFO - Diameter Median changed to: 0.4645679295063019 
2024-11-14 12:02:21,782 - INFO - Diameter Median changed to: 0.4645679295063019 
2024-11-14 12:02:21,881 - INFO - Diameter Median changed to: 0.4645679295063019 
2024-11-14 12:02:21,981 - INFO - Diameter Median changed to: 0.4645679295063019 
2024-11-14 12:02:22,082 - INFO - Diameter Median changed to: 0.4645679295063019 
2024-11-14 12:02:22,181 - INFO - Diameter Median changed to: 0.4645679295063019 
2024-11-14 12:02:22,282 - INFO - Diameter Median changed to: 0.4645679295063019 
2024-11-14 12:02:22,381 - INFO - Diameter Median changed to: 0.4645679295063019 
2024-11-14 12:02:22,482 - INFO - Diameter Median changed to: 0.4645679295063019 
2024-11-14 12:02:22,581 - INFO - Diameter Median changed to: 0.4645679295063019 
2024-11-14 12:02:22,681 - INFO - Diameter Median changed to: 0.4645679295063019 
2024-11-14 12:02:22,781 - INFO - Diameter Median changed to: 0.4645679295063019 
2024-11-14 12:02:22,882 - INFO - Diameter Median changed to: 0.4645679295063019 
2024-11-14 12:02:22,981 - INFO - Diameter Median changed to: 0.4645679295063019 
2024-11-14 12:02:23,082 - INFO - Diameter Median changed to: 0.4645679295063019 
2024-11-14 12:02:23,181 - INFO - Diameter Median changed to: 0.4645679295063019 
2024-11-14 12:02:23,282 - INFO - Diameter Median changed to: 0.4645679295063019 
2024-11-14 12:02:23,381 - INFO - Diameter Median changed to: 0.4645679295063019 
2024-11-14 12:02:23,481 - INFO - Diameter Median changed to: 0.4645679295063019 
2024-11-14 12:02:23,582 - INFO - Diameter Median changed to: 0.4645679295063019 
2024-11-14 12:02:23,681 - INFO - Diameter Median changed to: 0.4645679295063019 
2024-11-14 12:02:23,781 - INFO - Diameter Median changed to: 0.4645679295063019 
2024-11-14 12:02:23,882 - INFO - Diameter Median changed to: 0.4645679295063019 
2024-11-14 12:02:23,981 - INFO - Diameter Median changed to: 0.4645679295063019 
2024-11-14 12:02:24,081 - INFO - Diameter Median changed to: 0.4645679295063019 
2024-11-14 12:02:24,181 - INFO - Diameter Median changed to: 0.4645679295063019 
2024-11-14 12:02:24,281 - INFO - Diameter Median changed to: 0.4645679295063019 
2024-11-14 12:02:24,382 - INFO - Diameter Median changed to: 0.4645679295063019 
2024-11-14 12:02:24,481 - INFO - Diameter Median changed to: 0.4645679295063019 
2024-11-14 12:02:24,581 - INFO - Diameter Median changed to: 0.4645679295063019 
2024-11-14 12:02:24,682 - INFO - Diameter Median changed to: 0.4645679295063019 
2024-11-14 12:02:24,781 - INFO - Diameter Median changed to: 0.4645679295063019 
2024-11-14 12:02:24,881 - INFO - Diameter Median changed to: 0.4645679295063019 
2024-11-14 12:02:24,982 - INFO - Diameter Median changed to: 0.4645679295063019 
2024-11-14 12:02:25,081 - INFO - Diameter Median changed to: 0.4645679295063019 
2024-11-14 12:02:25,181 - INFO - Diameter Median changed to: 0.4645679295063019 
2024-11-14 12:02:25,281 - INFO - Diameter Median changed to: 0.4645679295063019 
2024-11-14 12:02:25,381 - INFO - Diameter Median changed to: 0.4645679295063019 
2024-11-14 12:02:25,482 - INFO - Diameter Median changed to: 0.4645679295063019 
2024-11-14 12:02:25,581 - INFO - Diameter Median changed to: 0.4645679295063019 
2024-11-14 12:02:25,682 - INFO - Diameter Median changed to: 0.4645679295063019 
2024-11-14 12:02:25,782 - INFO - Diameter Median changed to: 0.4645679295063019 
2024-11-14 12:02:25,881 - INFO - Diameter Median changed to: 0.4645679295063019 
2024-11-14 12:02:25,982 - INFO - Diameter Median changed to: 0.4645679295063019 
2024-11-14 12:02:26,081 - INFO - Diameter Median changed to: 0.4645679295063019 
2024-11-14 12:02:26,182 - INFO - Diameter Median changed to: 0.4645679295063019 
2024-11-14 12:02:26,282 - INFO - Diameter Median changed to: 0.4645679295063019 
2024-11-14 12:02:26,381 - INFO - Diameter Median changed to: 0.4645679295063019 
2024-11-14 12:02:26,481 - INFO - Diameter Median changed to: 0.4645679295063019 
2024-11-14 12:02:26,582 - INFO - Diameter Median changed to: 0.4645679295063019 
2024-11-14 12:02:26,681 - INFO - Diameter Median changed to: 0.4645679295063019 
2024-11-14 12:02:26,781 - INFO - Diameter Median changed to: 0.4645679295063019 
2024-11-14 12:02:26,882 - INFO - Diameter Median changed to: 0.4645679295063019 
2024-11-14 12:02:26,981 - INFO - Diameter Median changed to: 0.4645679295063019 
2024-11-14 12:02:27,081 - INFO - Diameter Median changed to: 0.4645679295063019 
2024-11-14 12:02:27,181 - INFO - Diameter Median changed to: 0.4645679295063019 
2024-11-14 12:02:27,281 - INFO - Diameter Median changed to: 0.4645679295063019 
2024-11-14 12:02:27,382 - INFO - Diameter Median changed to: 0.4645679295063019 
2024-11-14 12:02:27,482 - INFO - Diameter Median changed to: 0.4645679295063019 
2024-11-14 12:02:27,582 - INFO - Diameter Median changed to: 0.4645679295063019 
2024-11-14 12:02:27,681 - INFO - Diameter Median changed to: 0.4645679295063019 
2024-11-14 12:02:27,781 - INFO - Diameter Median changed to: 0.4645679295063019 
2024-11-14 12:02:27,882 - INFO - Diameter Median changed to: 0.4645679295063019 
2024-11-14 12:02:27,981 - INFO - Diameter Median changed to: 0.4645679295063019 
2024-11-14 12:02:28,081 - INFO - Diameter Median changed to: 0.4645679295063019 
2024-11-14 12:02:28,182 - INFO - Diameter Median changed to: 0.4645679295063019 
2024-11-14 12:02:28,281 - INFO - Diameter Median changed to: 0.4645679295063019 
2024-11-14 12:02:28,381 - INFO - Diameter Median changed to: 0.4645679295063019 
2024-11-14 12:02:28,482 - INFO - Diameter Median changed to: 0.4645679295063019 
2024-11-14 12:02:28,581 - INFO - Diameter Median changed to: 0.4645679295063019 
2024-11-14 12:02:28,682 - INFO - Diameter Median changed to: 0.4645679295063019 
2024-11-14 12:02:28,781 - INFO - Diameter Median changed to: 0.4645679295063019 
2024-11-14 12:02:28,881 - INFO - Diameter Median changed to: 0.4645679295063019 
2024-11-14 12:02:28,981 - INFO - Diameter Median changed to: 0.4645679295063019 
2024-11-14 12:02:29,082 - INFO - Diameter Median changed to: 0.4645679295063019 
2024-11-14 12:02:29,181 - INFO - Diameter Median changed to: 0.4645679295063019 
2024-11-14 12:02:29,281 - INFO - Diameter Median changed to: 0.4645679295063019 
2024-11-14 12:02:29,381 - INFO - Diameter Median changed to: 0.4645679295063019 
2024-11-14 12:02:29,482 - INFO - Diameter Median changed to: 0.4645679295063019 
2024-11-14 12:02:29,581 - INFO - Diameter Median changed to: 0.4645679295063019 
2024-11-14 12:02:29,681 - INFO - Diameter Median changed to: 0.4645679295063019 
2024-11-14 12:02:29,782 - INFO - Diameter Median changed to: 0.4645679295063019 
2024-11-14 12:02:29,881 - INFO - Diameter Median changed to: 0.4645679295063019 
2024-11-14 12:02:29,981 - INFO - Diameter Median changed to: 0.4645679295063019 
2024-11-14 12:02:30,082 - INFO - Diameter Median changed to: 0.4645679295063019 
2024-11-14 12:02:30,181 - INFO - Diameter Median changed to: 0.4645679295063019 
2024-11-14 12:02:30,281 - INFO - Diameter Median changed to: 0.4645679295063019 
2024-11-14 12:02:30,382 - INFO - Diameter Median changed to: 0.4645679295063019 
2024-11-14 12:02:30,481 - INFO - Diameter Median changed to: 0.4645679295063019 
2024-11-14 12:02:30,581 - INFO - Diameter Median changed to: 0.4645679295063019 
2024-11-14 12:02:30,682 - INFO - Diameter Median changed to: 0.4645679295063019 
2024-11-14 12:02:30,782 - INFO - Diameter Median changed to: 0.4645679295063019 
2024-11-14 12:02:30,881 - INFO - Diameter Median changed to: 0.4645679295063019 
2024-11-14 12:02:30,982 - INFO - Diameter Median changed to: 0.4645679295063019 
2024-11-14 12:02:31,081 - INFO - Diameter Median changed to: 0.4645679295063019 
2024-11-14 12:02:31,182 - INFO - Diameter Median changed to: 0.4645679295063019 
2024-11-14 12:02:31,281 - INFO - Diameter Median changed to: 0.4645679295063019 
2024-11-14 12:02:31,381 - INFO - Diameter Median changed to: 0.4645679295063019 
2024-11-14 12:02:31,482 - INFO - Diameter Median changed to: 0.4645679295063019 
2024-11-14 12:02:31,581 - INFO - Diameter Median changed to: 0.4645679295063019 
2024-11-14 12:02:31,681 - INFO - Diameter Median changed to: 0.4645679295063019 
2024-11-14 12:02:31,782 - INFO - Diameter Median changed to: 0.4645679295063019 
2024-11-14 12:02:31,881 - INFO - Diameter Median changed to: 0.4645679295063019 
2024-11-14 12:02:31,981 - INFO - Diameter Median changed to: 0.4645679295063019 
2024-11-14 12:02:32,081 - INFO - Diameter Median changed to: 0.4645679295063019 
2024-11-14 12:02:32,181 - INFO - Diameter Median changed to: 0.4645679295063019 
2024-11-14 12:02:32,281 - INFO - Diameter Median changed to: 0.4645679295063019 
2024-11-14 12:02:32,382 - INFO - Diameter Median changed to: 0.4645679295063019 
2024-11-14 12:02:32,481 - INFO - Diameter Median changed to: 0.4645679295063019 
2024-11-14 12:02:32,581 - INFO - Diameter Median changed to: 0.4645679295063019 
2024-11-14 12:02:32,682 - INFO - Diameter Median changed to: 0.4645679295063019 
2024-11-14 12:02:32,781 - INFO - Diameter Median changed to: 0.4645679295063019 
2024-11-14 12:02:32,881 - INFO - Diameter Median changed to: 0.4645679295063019 
2024-11-14 12:02:32,982 - INFO - Diameter Median changed to: 0.4645679295063019 
2024-11-14 12:02:33,081 - INFO - Diameter Median changed to: 0.4645679295063019 
2024-11-14 12:02:33,181 - INFO - Diameter Median changed to: 0.4645679295063019 
2024-11-14 12:02:33,281 - INFO - Diameter Median changed to: 0.4645679295063019 
2024-11-14 12:02:33,381 - INFO - Diameter Median changed to: 0.4645679295063019 
2024-11-14 12:02:33,482 - INFO - Diameter Median changed to: 0.4645679295063019 
2024-11-14 12:02:33,581 - INFO - Diameter Median changed to: 0.4645679295063019 
2024-11-14 12:02:33,681 - INFO - Diameter Median changed to: 0.4645679295063019 
2024-11-14 12:02:33,781 - INFO - Diameter Median changed to: 0.4645679295063019 
2024-11-14 12:02:33,882 - INFO - Diameter Median changed to: 0.4645679295063019 
2024-11-14 12:02:33,981 - INFO - Diameter Median changed to: 0.4645679295063019 
2024-11-14 12:02:34,081 - INFO - Diameter Median changed to: 0.4645679295063019 
2024-11-14 12:02:34,182 - INFO - Diameter Median changed to: 0.4645679295063019 
2024-11-14 12:02:34,281 - INFO - Diameter Median changed to: 0.4645679295063019 
2024-11-14 12:02:34,381 - INFO - Diameter Median changed to: 0.4645679295063019 
2024-11-14 12:02:34,482 - INFO - Diameter Median changed to: 0.4645679295063019 
2024-11-14 12:02:34,581 - INFO - Diameter Median changed to: 0.4645679295063019 
2024-11-14 12:02:34,681 - INFO - Diameter Median changed to: 0.4645679295063019 
2024-11-14 12:02:34,781 - INFO - Diameter Median changed to: 0.4645679295063019 
2024-11-14 12:02:34,882 - INFO - Diameter Median changed to: 0.4645679295063019 
2024-11-14 12:02:34,981 - INFO - Diameter Median changed to: 0.4645679295063019 
2024-11-14 12:02:35,081 - INFO - Diameter Median changed to: 0.4645679295063019 
2024-11-14 12:02:35,181 - INFO - Diameter Median changed to: 0.4645679295063019 
2024-11-14 12:02:35,282 - INFO - Diameter Median changed to: 0.4645679295063019 
2024-11-14 12:02:35,382 - INFO - Diameter Median changed to: 0.4645679295063019 
2024-11-14 12:02:35,481 - INFO - Diameter Median changed to: 0.4645679295063019 
2024-11-14 12:02:35,582 - INFO - Diameter Median changed to: 0.4645679295063019 
2024-11-14 12:02:35,681 - INFO - Diameter Median changed to: 0.4645679295063019 
2024-11-14 12:02:35,781 - INFO - Diameter Median changed to: 0.4645679295063019 
2024-11-14 12:02:35,882 - INFO - Diameter Median changed to: 0.4645679295063019 
2024-11-14 12:02:35,981 - INFO - Diameter Median changed to: 0.4645679295063019 
2024-11-14 12:02:36,081 - INFO - Diameter Median changed to: 0.4645679295063019 
2024-11-14 12:02:36,181 - INFO - Diameter Median changed to: 0.4645679295063019 
2024-11-14 12:02:36,281 - INFO - Diameter Median changed to: 0.4645679295063019 
2024-11-14 12:02:36,382 - INFO - Diameter Median changed to: 0.4645679295063019 
2024-11-14 12:02:36,481 - INFO - Diameter Median changed to: 0.4645679295063019 
2024-11-14 12:02:36,581 - INFO - Diameter Median changed to: 0.4645679295063019 
2024-11-14 12:02:36,682 - INFO - Diameter Median changed to: 0.4645679295063019 
