2024-11-13 10:17:43,185 - INFO - File name changed to: UFO_Tree_0
2024-11-13 10:17:43,186 - INFO - Trial Number changed to: 1
2024-11-13 10:17:43,186 - INFO - Branch Number changed to: 1
2024-11-13 10:17:43,186 - INFO - File name changed to: UFO_Tree_1
2024-11-13 10:17:43,186 - INFO - File name changed to: UFO_Tree_1
2024-11-13 10:17:43,186 - INFO - Tree Number changed to: 1
2024-11-13 10:18:05,114 - INFO - Touch Requested
2024-11-13 10:18:29,809 - INFO - Controller change requested : Switching to Forward
2024-11-13 10:18:31,232 - INFO - Controller change requested : Switching to Joints
2024-11-13 10:19:44,932 - INFO - Touch Requested
2024-11-13 10:19:55,024 - INFO - Controller change requested : Switching to Forward
2024-11-13 10:19:56,496 - INFO - Controller change requested : Switching to Joints
2024-11-13 10:20:03,793 - INFO - Controller change requested : Switching to Forward
2024-11-13 10:20:06,772 - INFO - Touch Requested
2024-11-13 10:21:16,112 - INFO - Touch Requested
2024-11-13 10:21:34,190 - INFO - Controller change requested : Switching to Joints
2024-11-13 10:24:50,559 - INFO - Measured Diameter changed to: 1
2024-11-13 10:24:50,664 - INFO - Measured Diameter changed to: 1.
2024-11-13 10:24:50,823 - INFO - Measured Diameter changed to: 1.2
2024-11-13 10:24:51,104 - INFO - Measured Diameter changed to: 1.25
2024-11-13 10:27:40,592 - INFO - Distance to tree changed to: 8 
2024-11-13 10:27:40,683 - INFO - Distance to tree changed to: 8. 
2024-11-13 10:27:41,195 - INFO - Distance to tree changed to: 8 
2024-11-13 10:27:41,344 - INFO - Distance to tree changed to:  
2024-11-13 10:27:41,740 - INFO - Distance to tree changed to: 8 
2024-11-13 10:27:41,840 - INFO - Distance to tree changed to: 8, 
2024-11-13 10:27:42,605 - INFO - Distance to tree changed to: 8 
2024-11-13 10:27:42,878 - INFO - Distance to tree changed to: 8. 
2024-11-13 10:27:43,323 - INFO - Distance to tree changed to: 8.5 
2024-11-13 10:27:52,497 - INFO - Start Requested
2024-11-13 10:28:48,745 - INFO - Diameter W1 changed to: 1.2957890033721924 
2024-11-13 10:28:48,746 - INFO - Diameter W2 changed to: 1.27700936794281 
2024-11-13 10:28:48,746 - INFO - Diameter Mean changed to: 1.3028312921524048 
2024-11-13 10:28:48,746 - INFO - Diameter Median changed to: 1.3004838228225708 
2024-11-13 10:28:58,149 - INFO - Hit position changed to: r 
2024-11-13 10:28:58,249 - INFO - Hit position changed to: ri 
2024-11-13 10:28:58,448 - INFO - Hit position changed to: rig 
2024-11-13 10:28:58,672 - INFO - Hit position changed to: righ 
2024-11-13 10:28:58,756 - INFO - Hit position changed to: righh 
2024-11-13 10:28:58,881 - INFO - Hit position changed to: righht 
2024-11-13 10:28:59,982 - INFO - Hit position changed to: righh 
2024-11-13 10:29:00,090 - INFO - Hit position changed to: righ 
2024-11-13 10:29:00,724 - INFO - Hit position changed to: right 
2024-11-13 10:29:06,177 - INFO - Hit position changed to:  
2024-11-13 10:29:06,178 - INFO - Save Requested. Saved Values : [[1, 1, 1, -1.0749175548553467, -2.5530587635436, -0.16015750566591436, 0.46553628026928706, 0.7523398399353027, 1.424495816230774, '1.25', 1.2957890033721924, 1.27700936794281, 1.3028312921524048, 1.3004838228225708, 'right', '8.5', 0, 'N/a']]
2024-11-13 10:29:07,791 - INFO - Trial Number changed to: 2
2024-11-13 10:29:13,243 - INFO - Controller change requested : Switching to Forward
2024-11-13 10:29:14,081 - INFO - Controller change requested : Switching to Joints
2024-11-13 10:29:27,528 - INFO - Start Requested
2024-11-13 10:30:32,246 - INFO - Diameter W2 changed to: 1.272025227546692 
2024-11-13 10:30:32,246 - INFO - Diameter Mean changed to: 1.1709485054016113 
2024-11-13 10:30:32,246 - INFO - Diameter Median changed to: 1.309714913368225 
2024-11-13 10:30:32,345 - INFO - Diameter Median changed to: 1.309714913368225 
2024-11-13 10:30:32,445 - INFO - Diameter Median changed to: 1.309714913368225 
2024-11-13 10:30:32,545 - INFO - Diameter Median changed to: 1.309714913368225 
2024-11-13 10:30:32,645 - INFO - Diameter Median changed to: 1.309714913368225 
2024-11-13 10:30:32,745 - INFO - Diameter Median changed to: 1.309714913368225 
2024-11-13 10:30:32,845 - INFO - Diameter Median changed to: 1.309714913368225 
2024-11-13 10:30:32,945 - INFO - Diameter Median changed to: 1.309714913368225 
2024-11-13 10:30:33,045 - INFO - Diameter Median changed to: 1.309714913368225 
2024-11-13 10:30:33,146 - INFO - Diameter Median changed to: 1.309714913368225 
2024-11-13 10:30:33,245 - INFO - Diameter Median changed to: 1.309714913368225 
2024-11-13 10:30:33,345 - INFO - Diameter Median changed to: 1.309714913368225 
2024-11-13 10:30:33,445 - INFO - Diameter Median changed to: 1.309714913368225 
2024-11-13 10:30:33,546 - INFO - Diameter Median changed to: 1.309714913368225 
2024-11-13 10:30:33,645 - INFO - Diameter Median changed to: 1.309714913368225 
2024-11-13 10:30:33,745 - INFO - Diameter Median changed to: 1.309714913368225 
2024-11-13 10:30:33,845 - INFO - Diameter Median changed to: 1.309714913368225 
2024-11-13 10:30:33,945 - INFO - Diameter Median changed to: 1.309714913368225 
2024-11-13 10:30:34,045 - INFO - Diameter Median changed to: 1.309714913368225 
2024-11-13 10:30:34,145 - INFO - Diameter Median changed to: 1.309714913368225 
2024-11-13 10:30:34,245 - INFO - Diameter Median changed to: 1.309714913368225 
2024-11-13 10:30:34,345 - INFO - Diameter Median changed to: 1.309714913368225 
2024-11-13 10:30:34,445 - INFO - Diameter Median changed to: 1.309714913368225 
2024-11-13 10:30:34,545 - INFO - Diameter Median changed to: 1.309714913368225 
2024-11-13 10:30:34,646 - INFO - Diameter Median changed to: 1.309714913368225 
2024-11-13 10:30:34,745 - INFO - Diameter Median changed to: 1.309714913368225 
2024-11-13 10:30:34,845 - INFO - Diameter Median changed to: 1.309714913368225 
2024-11-13 10:30:34,945 - INFO - Diameter Median changed to: 1.309714913368225 
2024-11-13 10:30:35,045 - INFO - Diameter Median changed to: 1.309714913368225 
2024-11-13 10:30:35,145 - INFO - Diameter Median changed to: 1.309714913368225 
2024-11-13 10:30:35,245 - INFO - Diameter Median changed to: 1.309714913368225 
2024-11-13 10:30:35,345 - INFO - Diameter Median changed to: 1.309714913368225 
2024-11-13 10:30:35,446 - INFO - Diameter Median changed to: 1.309714913368225 
2024-11-13 10:30:35,545 - INFO - Diameter Median changed to: 1.309714913368225 
2024-11-13 10:30:35,645 - INFO - Diameter Median changed to: 1.309714913368225 
2024-11-13 10:30:35,745 - INFO - Diameter Median changed to: 1.309714913368225 
2024-11-13 10:30:35,845 - INFO - Diameter Median changed to: 1.309714913368225 
2024-11-13 10:30:35,945 - INFO - Diameter Median changed to: 1.309714913368225 
2024-11-13 10:30:36,045 - INFO - Diameter Median changed to: 1.309714913368225 
2024-11-13 10:30:36,145 - INFO - Diameter Median changed to: 1.309714913368225 
2024-11-13 10:30:36,245 - INFO - Diameter Median changed to: 1.309714913368225 
2024-11-13 10:30:36,345 - INFO - Diameter Median changed to: 1.309714913368225 
2024-11-13 10:30:36,445 - INFO - Diameter Median changed to: 1.309714913368225 
2024-11-13 10:30:36,545 - INFO - Diameter Median changed to: 1.309714913368225 
2024-11-13 10:30:36,645 - INFO - Diameter Median changed to: 1.309714913368225 
2024-11-13 10:30:36,745 - INFO - Diameter Median changed to: 1.309714913368225 
2024-11-13 10:30:36,845 - INFO - Diameter Median changed to: 1.309714913368225 
2024-11-13 10:30:36,946 - INFO - Diameter Median changed to: 1.309714913368225 
2024-11-13 10:30:37,046 - INFO - Diameter Median changed to: 1.309714913368225 
2024-11-13 10:30:37,145 - INFO - Diameter Median changed to: 1.309714913368225 
2024-11-13 10:30:37,245 - INFO - Diameter Median changed to: 1.309714913368225 
2024-11-13 10:30:37,345 - INFO - Diameter Median changed to: 1.309714913368225 
2024-11-13 10:30:37,445 - INFO - Diameter Median changed to: 1.309714913368225 
2024-11-13 10:30:37,545 - INFO - Diameter Median changed to: 1.309714913368225 
2024-11-13 10:30:37,645 - INFO - Diameter Median changed to: 1.309714913368225 
2024-11-13 10:30:37,745 - INFO - Diameter Median changed to: 1.309714913368225 
2024-11-13 10:30:37,845 - INFO - Diameter Median changed to: 1.309714913368225 
2024-11-13 10:30:37,945 - INFO - Diameter Median changed to: 1.309714913368225 
2024-11-13 10:30:38,016 - INFO - Hit position changed to: c 
2024-11-13 10:30:38,045 - INFO - Diameter Median changed to: 1.309714913368225 
2024-11-13 10:30:38,145 - INFO - Diameter Median changed to: 1.309714913368225 
2024-11-13 10:30:38,246 - INFO - Diameter Median changed to: 1.309714913368225 
2024-11-13 10:30:38,255 - INFO - Hit position changed to: ce 
2024-11-13 10:30:38,345 - INFO - Diameter Median changed to: 1.309714913368225 
2024-11-13 10:30:38,445 - INFO - Diameter Median changed to: 1.309714913368225 
2024-11-13 10:30:38,545 - INFO - Diameter Median changed to: 1.309714913368225 
2024-11-13 10:30:38,645 - INFO - Diameter Median changed to: 1.309714913368225 
2024-11-13 10:30:38,692 - INFO - Hit position changed to: cen 
2024-11-13 10:30:38,745 - INFO - Diameter Median changed to: 1.309714913368225 
2024-11-13 10:30:38,817 - INFO - Hit position changed to: cent 
2024-11-13 10:30:38,845 - INFO - Diameter Median changed to: 1.309714913368225 
2024-11-13 10:30:38,945 - INFO - Diameter Median changed to: 1.309714913368225 
2024-11-13 10:30:38,952 - INFO - Hit position changed to: cente 
2024-11-13 10:30:39,027 - INFO - Hit position changed to: center 
2024-11-13 10:30:39,045 - INFO - Diameter Median changed to: 1.309714913368225 
2024-11-13 10:30:39,145 - INFO - Diameter Median changed to: 1.309714913368225 
2024-11-13 10:30:39,245 - INFO - Diameter Median changed to: 1.309714913368225 
2024-11-13 10:30:39,346 - INFO - Diameter Median changed to: 1.309714913368225 
2024-11-13 10:30:39,445 - INFO - Diameter Median changed to: 1.309714913368225 
2024-11-13 10:30:39,545 - INFO - Diameter Median changed to: 1.309714913368225 
2024-11-13 10:30:39,645 - INFO - Diameter Median changed to: 1.309714913368225 
2024-11-13 10:30:39,745 - INFO - Diameter Median changed to: 1.309714913368225 
2024-11-13 10:30:39,845 - INFO - Diameter Median changed to: 1.309714913368225 
2024-11-13 10:30:39,945 - INFO - Diameter Median changed to: 1.309714913368225 
2024-11-13 10:30:40,045 - INFO - Diameter Median changed to: 1.309714913368225 
2024-11-13 10:30:40,145 - INFO - Diameter Median changed to: 1.309714913368225 
2024-11-13 10:30:40,245 - INFO - Diameter Median changed to: 1.309714913368225 
2024-11-13 10:30:40,345 - INFO - Diameter Median changed to: 1.309714913368225 
2024-11-13 10:30:40,446 - INFO - Diameter Median changed to: 1.309714913368225 
2024-11-13 10:30:40,545 - INFO - Diameter Median changed to: 1.309714913368225 
2024-11-13 10:30:40,645 - INFO - Diameter Median changed to: 1.309714913368225 
2024-11-13 10:30:40,745 - INFO - Diameter Median changed to: 1.309714913368225 
2024-11-13 10:30:40,845 - INFO - Diameter Median changed to: 1.309714913368225 
2024-11-13 10:30:40,945 - INFO - Diameter Median changed to: 1.309714913368225 
2024-11-13 10:30:41,045 - INFO - Diameter Median changed to: 1.309714913368225 
2024-11-13 10:30:41,144 - INFO - Diameter Median changed to: 1.309714913368225 
2024-11-13 10:30:41,245 - INFO - Diameter Median changed to: 1.309714913368225 
2024-11-13 10:30:41,345 - INFO - Diameter Median changed to: 1.309714913368225 
2024-11-13 10:30:41,445 - INFO - Diameter Median changed to: 1.309714913368225 
2024-11-13 10:30:41,545 - INFO - Diameter Median changed to: 1.309714913368225 
2024-11-13 10:30:41,645 - INFO - Diameter Median changed to: 1.309714913368225 
2024-11-13 10:30:41,745 - INFO - Diameter Median changed to: 1.309714913368225 
2024-11-13 10:30:41,845 - INFO - Diameter Median changed to: 1.309714913368225 
2024-11-13 10:30:41,945 - INFO - Diameter Median changed to: 1.309714913368225 
2024-11-13 10:30:42,045 - INFO - Diameter Median changed to: 1.309714913368225 
2024-11-13 10:30:42,145 - INFO - Diameter Median changed to: 1.309714913368225 
2024-11-13 10:30:42,245 - INFO - Diameter Median changed to: 1.309714913368225 
2024-11-13 10:30:42,345 - INFO - Diameter Median changed to: 1.309714913368225 
2024-11-13 10:30:42,445 - INFO - Diameter Median changed to: 1.309714913368225 
2024-11-13 10:30:42,545 - INFO - Diameter Median changed to: 1.309714913368225 
2024-11-13 10:30:42,645 - INFO - Diameter Median changed to: 1.309714913368225 
2024-11-13 10:30:42,745 - INFO - Diameter Median changed to: 1.309714913368225 
2024-11-13 10:30:42,845 - INFO - Diameter Median changed to: 1.309714913368225 
2024-11-13 10:30:42,945 - INFO - Diameter Median changed to: 1.309714913368225 
2024-11-13 10:30:43,045 - INFO - Diameter Median changed to: 1.309714913368225 
2024-11-13 10:30:43,145 - INFO - Diameter Median changed to: 1.309714913368225 
2024-11-13 10:30:43,245 - INFO - Diameter Median changed to: 1.309714913368225 
2024-11-13 10:30:43,345 - INFO - Diameter Median changed to: 1.309714913368225 
2024-11-13 10:30:43,446 - INFO - Diameter Median changed to: 1.309714913368225 
2024-11-13 10:30:43,545 - INFO - Diameter Median changed to: 1.309714913368225 
2024-11-13 10:30:43,631 - INFO - Hit position changed to:  
2024-11-13 10:30:43,631 - INFO - Save Requested. Saved Values : [[1, 1, 1, -1.0749175548553467, -2.5530587635436, -0.16015750566591436, 0.46553628026928706, 0.7523398399353027, 1.424495816230774, '1.25', 1.2957890033721924, 1.27700936794281, 1.3028312921524048, 1.3004838228225708, 'right', '8.5', 0, 'N/a'], [1, 1, 2, -1.0714360475540161, -2.5570298633971156, -0.15974551836122686, 0.46466605245556636, 0.7527632713317871, 1.475541114807129, '1.25', 1.3002924919128418, 1.272025227546692, 1.1709485054016113, 1.309714913368225, 'center', '8.5', 0, 'N/a']]
2024-11-13 10:30:43,645 - INFO - Diameter Median changed to: 1.309714913368225 
2024-11-13 10:30:43,745 - INFO - Diameter Median changed to: 1.309714913368225 
2024-11-13 10:30:43,845 - INFO - Diameter Median changed to: 1.309714913368225 
2024-11-13 10:30:43,945 - INFO - Diameter Median changed to: 1.309714913368225 
2024-11-13 10:30:44,045 - INFO - Diameter Median changed to: 1.309714913368225 
2024-11-13 10:30:44,145 - INFO - Diameter Median changed to: 1.309714913368225 
2024-11-13 10:30:44,245 - INFO - Diameter Median changed to: 1.309714913368225 
2024-11-13 10:30:44,345 - INFO - Diameter Median changed to: 1.309714913368225 
2024-11-13 10:30:44,445 - INFO - Diameter Median changed to: 1.309714913368225 
2024-11-13 10:30:44,545 - INFO - Diameter Median changed to: 1.309714913368225 
2024-11-13 10:30:44,646 - INFO - Diameter Median changed to: 1.309714913368225 
2024-11-13 10:30:44,745 - INFO - Diameter Median changed to: 1.309714913368225 
2024-11-13 10:30:44,845 - INFO - Diameter Median changed to: 1.309714913368225 
2024-11-13 10:30:44,945 - INFO - Diameter Median changed to: 1.309714913368225 
2024-11-13 10:30:45,044 - INFO - Diameter Median changed to: 1.309714913368225 
2024-11-13 10:30:45,145 - INFO - Diameter Median changed to: 1.309714913368225 
2024-11-13 10:30:45,245 - INFO - Diameter Median changed to: 1.309714913368225 
2024-11-13 10:30:45,345 - INFO - Diameter Median changed to: 1.309714913368225 
2024-11-13 10:30:45,445 - INFO - Diameter Median changed to: 1.309714913368225 
2024-11-13 10:30:45,546 - INFO - Diameter Median changed to: 1.309714913368225 
2024-11-13 10:30:45,645 - INFO - Diameter Median changed to: 1.309714913368225 
2024-11-13 10:30:45,745 - INFO - Diameter Median changed to: 1.309714913368225 
2024-11-13 10:30:45,845 - INFO - Diameter Median changed to: 1.309714913368225 
2024-11-13 10:30:45,945 - INFO - Diameter Median changed to: 1.309714913368225 
2024-11-13 10:30:46,045 - INFO - Diameter Median changed to: 1.309714913368225 
2024-11-13 10:30:46,145 - INFO - Diameter Median changed to: 1.309714913368225 
2024-11-13 10:30:46,245 - INFO - Diameter Median changed to: 1.309714913368225 
2024-11-13 10:30:46,345 - INFO - Diameter Median changed to: 1.309714913368225 
2024-11-13 10:30:46,445 - INFO - Diameter Median changed to: 1.309714913368225 
2024-11-13 10:30:46,545 - INFO - Diameter Median changed to: 1.309714913368225 
2024-11-13 10:30:46,626 - INFO - Exit Requested. Saved Values : [[1, 1, 1, -1.0749175548553467, -2.5530587635436, -0.16015750566591436, 0.46553628026928706, 0.7523398399353027, 1.424495816230774, '1.25', 1.2957890033721924, 1.27700936794281, 1.3028312921524048, 1.3004838228225708, 'right', '8.5', 0, 'N/a'], [1, 1, 2, -1.0714360475540161, -2.5570298633971156, -0.15974551836122686, 0.46466605245556636, 0.7527632713317871, 1.475541114807129, '1.25', 1.3002924919128418, 1.272025227546692, 1.1709485054016113, 1.309714913368225, 'center', '8.5', 0, 'N/a']]
2024-11-13 10:30:46,626 - INFO - After Exit Request values were saved to: /home/ryan/ros2_ws_groundtruth/src/Ground_Truth_Ros/ground_truth/csv_files/UFO_Tree_1_2024_11_13_10_30_46.csv
2024-11-13 10:30:46,645 - INFO - Diameter Median changed to: 1.309714913368225 
2024-11-13 10:30:46,745 - INFO - Diameter Median changed to: 1.309714913368225 
2024-11-13 10:30:46,845 - INFO - Diameter Median changed to: 1.309714913368225 
2024-11-13 10:30:46,945 - INFO - Diameter Median changed to: 1.309714913368225 
2024-11-13 10:30:47,045 - INFO - Diameter Median changed to: 1.309714913368225 
2024-11-13 10:30:47,145 - INFO - Diameter Median changed to: 1.309714913368225 
2024-11-13 10:30:47,244 - INFO - Diameter Median changed to: 1.309714913368225 
2024-11-13 10:30:47,345 - INFO - Diameter Median changed to: 1.309714913368225 
2024-11-13 10:30:47,445 - INFO - Diameter Median changed to: 1.309714913368225 
2024-11-13 10:30:47,545 - INFO - Diameter Median changed to: 1.309714913368225 
2024-11-13 10:30:47,645 - INFO - Diameter Median changed to: 1.309714913368225 
2024-11-13 10:30:47,745 - INFO - Diameter Median changed to: 1.309714913368225 
2024-11-13 10:30:47,845 - INFO - Diameter Median changed to: 1.309714913368225 
2024-11-13 10:30:47,945 - INFO - Diameter Median changed to: 1.309714913368225 
2024-11-13 10:30:48,045 - INFO - Diameter Median changed to: 1.309714913368225 
