2024-11-19 12:09:26,303 - INFO - File name changed to: UFO_Tree_0
2024-11-19 12:09:26,304 - INFO - Trial Number changed to: 1
2024-11-19 12:09:26,304 - INFO - Branch Number changed to: 1
2024-11-19 12:09:26,304 - INFO - File name changed to: UFO_Tree_1
2024-11-19 12:09:26,304 - INFO - File name changed to: UFO_Tree_1
2024-11-19 12:09:26,304 - INFO - Tree Number changed to: 1
2024-11-19 12:10:01,827 - INFO - Start Requested
2024-11-19 12:12:41,973 - INFO - Controller change requested : Switching to Forward
2024-11-19 12:12:42,528 - INFO - Controller change requested : Switching to Joints
2024-11-19 12:12:59,591 - INFO - Start Requested
2024-11-19 12:13:36,327 - INFO - Controller change requested : Switching to Forward
2024-11-19 12:13:37,150 - INFO - Controller change requested : Switching to Joints
2024-11-19 12:14:01,533 - INFO - Start Requested
2024-11-19 12:14:16,074 - INFO - Start Requested
2024-11-19 12:15:23,946 - INFO - Diameter W1 changed to: 0.800649106502533 
2024-11-19 12:15:23,946 - INFO - Diameter W2 changed to: 0.7709954380989075 
2024-11-19 12:15:23,946 - INFO - Diameter Mean changed to: 0.9315018653869629 
2024-11-19 12:15:23,946 - INFO - Diameter Median changed to: 0.8105337023735046 
2024-11-19 12:15:23,946 - INFO - Total time changed to: 66.68
2024-11-19 12:15:29,090 - INFO - Hit position changed to: c 
2024-11-19 12:15:29,264 - INFO - Hit position changed to: ce 
2024-11-19 12:15:29,365 - INFO - Hit position changed to: cen 
2024-11-19 12:15:29,499 - INFO - Hit position changed to: cent 
2024-11-19 12:15:29,641 - INFO - Hit position changed to: cente 
2024-11-19 12:15:29,716 - INFO - Hit position changed to: center 
2024-11-19 12:15:31,065 - INFO - Distance to tree changed to: 9 
2024-11-19 12:15:31,420 - INFO - Distance to tree changed to: 9. 
2024-11-19 12:15:31,652 - INFO - Distance to tree changed to: 9.0 
2024-11-19 12:15:33,048 - INFO - Measured Diameter changed to: 0
2024-11-19 12:15:33,255 - INFO - Measured Diameter changed to: 0.
2024-11-19 12:15:33,619 - INFO - Measured Diameter changed to: 0.7
2024-11-19 12:15:33,925 - INFO - Measured Diameter changed to: 0.75
2024-11-19 12:15:37,674 - INFO - Note changed to: 5 
2024-11-19 12:15:38,070 - INFO - Note changed to: 5  
2024-11-19 12:15:38,499 - INFO - Note changed to: 5 c 
2024-11-19 12:15:38,977 - INFO - Note changed to: 5 cw 
2024-11-19 12:15:43,433 - INFO - Note changed to:  
2024-11-19 12:15:43,433 - INFO - Hit position changed to:  
2024-11-19 12:15:43,433 - INFO - Save Requested. Saved Values : [[1, 1, 1, -1.0043635368347168, -2.553333898583883, -0.15973359743227178, 0.3843553501316528, 0.7121148705482483, 1.6002124547958374, '0.75', 0.800649106502533, 0.7709954380989075, 0.9315018653869629, 0.8105337023735046, 'center', '9.0', 66.68, 0.08726650000000001, 'CW', '5 cw']]
2024-11-19 12:15:46,156 - INFO - Controller change requested : Switching to Forward
2024-11-19 12:15:46,480 - INFO - Controller change requested : Switching to Joints
2024-11-19 12:15:52,602 - INFO - Exit Requested. Saved Values : [[1, 1, 1, -1.0043635368347168, -2.553333898583883, -0.15973359743227178, 0.3843553501316528, 0.7121148705482483, 1.6002124547958374, '0.75', 0.800649106502533, 0.7709954380989075, 0.9315018653869629, 0.8105337023735046, 'center', '9.0', 66.68, 0.08726650000000001, 'CW', '5 cw']]
2024-11-19 12:15:52,602 - INFO - After Exit Request values were saved to: /home/ryan/ros2_ws_groundtruth/src/Ground_Truth_Ros/ground_truth/csv_files/UFO_Tree_1_2024_11_19_12_15_52.csv
