2024-11-20 08:17:55,636 - INFO - File name changed to: UFO_Tree_0
2024-11-20 08:17:55,637 - INFO - Trial Number changed to: 1
2024-11-20 08:17:55,637 - INFO - Branch Number changed to: 1
2024-11-20 08:17:55,637 - INFO - File name changed to: UFO_Tree_1
2024-11-20 08:17:55,637 - INFO - File name changed to: UFO_Tree_1
2024-11-20 08:17:55,637 - INFO - Tree Number changed to: 1
2024-11-20 08:18:00,688 - INFO - Controller change requested : Switching to Forward
2024-11-20 08:18:01,244 - INFO - Controller change requested : Switching to Joints
2024-11-20 08:18:11,775 - INFO - Measured Diameter changed to: 0
2024-11-20 08:18:12,065 - INFO - Measured Diameter changed to: 0.
2024-11-20 08:18:13,074 - INFO - Measured Diameter changed to: 0.5
2024-11-20 08:18:14,561 - INFO - Distance to tree changed to: 9 
2024-11-20 08:18:15,005 - INFO - Distance to tree changed to: 9. 
2024-11-20 08:18:15,270 - INFO - Distance to tree changed to: 9.0 
2024-11-20 08:18:22,859 - INFO - Start Requested
2024-11-20 08:18:51,454 - INFO - The angle correction has changed: angle added:0.0 angle direction: CW 
2024-11-20 08:18:54,287 - INFO - Note changed to: N 
2024-11-20 08:18:54,448 - INFO - Note changed to: No 
2024-11-20 08:18:54,547 - INFO - Note changed to: No  
2024-11-20 08:18:54,781 - INFO - Note changed to: No C 
2024-11-20 08:18:54,933 - INFO - Note changed to: No Co 
2024-11-20 08:18:55,067 - INFO - Note changed to: No Cor 
2024-11-20 08:18:55,233 - INFO - Note changed to: No Corr 
2024-11-20 08:18:55,308 - INFO - Note changed to: No Corre 
2024-11-20 08:18:55,525 - INFO - Note changed to: No Correc 
2024-11-20 08:18:55,749 - INFO - Note changed to: No Correct 
2024-11-20 08:18:55,824 - INFO - Note changed to: No Correcti 
2024-11-20 08:18:55,916 - INFO - Note changed to: No Correctio 
2024-11-20 08:18:56,084 - INFO - Note changed to: No Correction 
2024-11-20 08:18:56,192 - INFO - Note changed to: No Correction  
2024-11-20 08:18:56,435 - INFO - Note changed to: No Correction A 
2024-11-20 08:18:56,611 - INFO - Note changed to: No Correction Al 
2024-11-20 08:18:56,712 - INFO - Note changed to: No Correction All 
2024-11-20 08:18:56,854 - INFO - Note changed to: No Correction Allo 
2024-11-20 08:18:57,061 - INFO - Note changed to: No Correction Allow 
2024-11-20 08:18:57,111 - INFO - Note changed to: No Correction Allowe 
2024-11-20 08:18:57,304 - INFO - Note changed to: No Correction Allowed 
2024-11-20 08:19:22,653 - INFO - Diameter W1 changed to: 0.6107250452041626 
2024-11-20 08:19:22,653 - INFO - Diameter W2 changed to: 0.4204992353916168 
2024-11-20 08:19:22,653 - INFO - Diameter Mean changed to: 1.4746079444885254 
2024-11-20 08:19:22,653 - INFO - Diameter Median changed to: 1.5418305397033691 
2024-11-20 08:19:22,653 - INFO - Total time changed to: 52.79
2024-11-20 08:19:32,531 - INFO - Hit position changed to: l 
2024-11-20 08:19:32,640 - INFO - Hit position changed to: le 
2024-11-20 08:19:32,772 - INFO - Hit position changed to: lef 
2024-11-20 08:19:32,989 - INFO - Hit position changed to: left 
2024-11-20 08:19:42,320 - INFO - Note changed to:  
2024-11-20 08:19:42,320 - INFO - Hit position changed to:  
2024-11-20 08:19:42,320 - INFO - Save Requested. Saved Values : [[1, 1, 1, -0.9037351012229919, -2.6085506878294886, -0.14984018007387334, 0.349368615741394, 0.7071547508239746, 1.2521991729736328, '0.5', 0.6107250452041626, 0.4204992353916168, 1.4746079444885254, 1.5418305397033691, 'left', '9.0', 52.79, 0.0, 'CW', 'No Correction Allowed']]
2024-11-20 08:19:44,432 - INFO - Trial Number changed to: 2
2024-11-20 08:19:47,211 - INFO - Controller change requested : Switching to Forward
2024-11-20 08:19:47,880 - INFO - Controller change requested : Switching to Joints
2024-11-20 08:19:56,918 - INFO - Start Requested
2024-11-20 08:20:30,824 - INFO - Exit Requested. Saved Values : [[1, 1, 1, -0.9037351012229919, -2.6085506878294886, -0.14984018007387334, 0.349368615741394, 0.7071547508239746, 1.2521991729736328, '0.5', 0.6107250452041626, 0.4204992353916168, 1.4746079444885254, 1.5418305397033691, 'left', '9.0', 52.79, 0.0, 'CW', 'No Correction Allowed']]
2024-11-20 08:20:30,825 - INFO - After Exit Request values were saved to: /home/ryan/ros2_ws_groundtruth/src/Ground_Truth_Ros/ground_truth/csv_files/UFO_Tree_1_2024_11_20_08_20_30.csv
