2024-11-20 10:23:11,037 - INFO - File name changed to: UFO_Tree_0
2024-11-20 10:23:11,038 - INFO - Trial Number changed to: 1
2024-11-20 10:23:11,038 - INFO - Branch Number changed to: 1
2024-11-20 10:23:11,038 - INFO - File name changed to: UFO_Tree_1
2024-11-20 10:23:11,038 - INFO - File name changed to: UFO_Tree_1
2024-11-20 10:23:11,038 - INFO - Tree Number changed to: 1
2024-11-20 10:23:14,204 - INFO - Controller change requested : Switching to Forward
2024-11-20 10:23:14,352 - INFO - Controller change requested : Switching to Joints
2024-11-20 10:23:22,324 - INFO - Start Requested
2024-11-20 10:23:41,453 - INFO - The angle correction has changed: angle added:0.0 angle direction: CW 
2024-11-20 10:24:10,366 - INFO - Controller change requested : Switching to Forward
2024-11-20 10:24:10,521 - INFO - Controller change requested : Switching to Joints
2024-11-20 10:24:21,116 - INFO - Start Requested
2024-11-20 10:24:40,753 - INFO - The angle correction has changed: angle added:0.0 angle direction: CW 
2024-11-20 10:25:23,228 - INFO - Controller change requested : Switching to Forward
2024-11-20 10:25:23,348 - INFO - Controller change requested : Switching to Joints
2024-11-20 10:25:29,552 - INFO - Start Requested
2024-11-20 10:26:02,153 - INFO - The angle correction has changed: angle added:0.0 angle direction: CW 
2024-11-20 10:26:30,871 - INFO - Controller change requested : Switching to Forward
2024-11-20 10:26:31,005 - INFO - Controller change requested : Switching to Joints
2024-11-20 10:26:41,015 - INFO - Start Requested
2024-11-20 10:26:59,353 - INFO - The angle correction has changed: angle added:0.0 angle direction: CW 
2024-11-20 10:27:35,237 - INFO - Controller change requested : Switching to Forward
2024-11-20 10:27:35,434 - INFO - Controller change requested : Switching to Joints
2024-11-20 10:27:43,308 - INFO - Start Requested
2024-11-20 10:28:01,053 - INFO - The angle correction has changed: angle added:0.0 angle direction: CW 
2024-11-20 11:39:07,423 - INFO - Controller change requested : Switching to Forward
2024-11-20 11:39:08,000 - INFO - Controller change requested : Switching to Joints
2024-11-20 11:39:40,752 - INFO - Controller change requested : Switching to Forward
2024-11-20 11:39:42,582 - INFO - Controller change requested : Switching to Joints
2024-11-20 11:40:08,638 - INFO - Controller change requested : Switching to Forward
2024-11-20 11:40:10,088 - INFO - Controller change requested : Switching to Joints
