2024-11-19 10:28:48,123 - INFO - File name changed to: UFO_Tree_0
2024-11-19 10:28:48,124 - INFO - Trial Number changed to: 1
2024-11-19 10:28:48,124 - INFO - Branch Number changed to: 1
2024-11-19 10:28:48,124 - INFO - File name changed to: UFO_Tree_1
2024-11-19 10:28:48,124 - INFO - File name changed to: UFO_Tree_1
2024-11-19 10:28:48,124 - INFO - Tree Number changed to: 1
2024-11-19 10:28:55,057 - INFO - Controller change requested : Switching to Forward
2024-11-19 10:28:55,669 - INFO - Controller change requested : Switching to Joints
2024-11-19 10:29:08,816 - INFO - Start Requested
2024-11-19 10:30:06,512 - INFO - Diameter W1 changed to: 0.8196632266044617 
2024-11-19 10:30:06,512 - INFO - Diameter W2 changed to: 0.7896755337715149 
2024-11-19 10:30:06,512 - INFO - Diameter Mean changed to: 0.8236616253852844 
2024-11-19 10:30:06,512 - INFO - Diameter Median changed to: 0.8196632266044617 
2024-11-19 10:30:06,512 - INFO - Total time changed to: 56.67
2024-11-19 10:30:18,747 - INFO - Measured Diameter changed to: 0
2024-11-19 10:30:18,946 - INFO - Measured Diameter changed to: 0.
2024-11-19 10:30:19,343 - INFO - Measured Diameter changed to: 0.7
2024-11-19 10:30:19,559 - INFO - Measured Diameter changed to: 0.75
2024-11-19 10:30:36,023 - INFO - Hit position changed to: r 
2024-11-19 10:30:36,113 - INFO - Hit position changed to: ri 
2024-11-19 10:30:36,222 - INFO - Hit position changed to: rig 
2024-11-19 10:30:36,316 - INFO - Hit position changed to: righ 
2024-11-19 10:30:36,401 - INFO - Hit position changed to: right 
2024-11-19 10:30:38,167 - INFO - Distance to tree changed to: 9 
2024-11-19 10:30:38,620 - INFO - Distance to tree changed to: 9. 
2024-11-19 10:30:38,852 - INFO - Distance to tree changed to: 9.0 
2024-11-19 10:30:43,627 - INFO - Hit position changed to:  
2024-11-19 10:30:43,627 - INFO - Save Requested. Saved Values : [[1, 1, 1, -1.0256510972976685, -2.54335417369985, -0.1614621321307581, 0.4029802519031982, 0.731259286403656, 1.525344967842102, '0.75', 0.8196632266044617, 0.7896755337715149, 0.8236616253852844, 0.8196632266044617, 'right', '9.0', 56.67, 'N/a']]
2024-11-19 10:30:44,428 - INFO - Exit Requested. Saved Values : [[1, 1, 1, -1.0256510972976685, -2.54335417369985, -0.1614621321307581, 0.4029802519031982, 0.731259286403656, 1.525344967842102, '0.75', 0.8196632266044617, 0.7896755337715149, 0.8236616253852844, 0.8196632266044617, 'right', '9.0', 56.67, 'N/a']]
2024-11-19 10:30:44,428 - INFO - After Exit Request values were saved to: /home/ryan/ros2_ws_groundtruth/src/Ground_Truth_Ros/ground_truth/csv_files/UFO_Tree_1_2024_11_19_10_30_44.csv
